[0.019s] Invoking command in '/home/jcampbell9/repos/industrial_training/exercises/Perception-Driven_Manipulation/ros2/solution_ws/build/pick_and_place_msgs': CMAKE_PREFIX_PATH=${CMAKE_PREFIX_PATH}:/home/jcampbell9/repos/industrial_training/exercises/Perception-Driven_Manipulation/ros2/template_ws/install/industrial_moveit2_utils:/home/jcampbell9/repos/industrial_training/exercises/Perception-Driven_Manipulation/ros2/solution_ws/install/industrial_moveit2_utils:/opt/ros/humble /usr/bin/cmake --build /home/jcampbell9/repos/industrial_training/exercises/Perception-Driven_Manipulation/ros2/solution_ws/build/pick_and_place_msgs -- -j16 -l16
[0.046s] [  2%] Built target pick_and_place_msgs__cpp
[0.046s] [ 12%] Built target pick_and_place_msgs__rosidl_generator_c
[0.053s] [ 12%] Built target ament_cmake_python_copy_pick_and_place_msgs
[0.060s] [ 33%] Built target pick_and_place_msgs__rosidl_typesupport_introspection_cpp
[0.060s] [ 33%] Built target pick_and_place_msgs__rosidl_typesupport_cpp
[0.061s] [ 43%] Built target pick_and_place_msgs__rosidl_typesupport_fastrtps_cpp
[0.068s] [ 64%] Built target pick_and_place_msgs__rosidl_typesupport_introspection_c
[0.069s] [ 64%] Built target pick_and_place_msgs__rosidl_typesupport_c
[0.070s] [ 74%] Built target pick_and_place_msgs__rosidl_typesupport_fastrtps_c
[0.083s] [ 74%] Built target pick_and_place_msgs
[0.095s] [ 76%] Built target pick_and_place_msgs__py
[0.109s] [ 84%] Built target pick_and_place_msgs__rosidl_generator_py
[0.123s] [100%] Built target pick_and_place_msgs__rosidl_typesupport_c__pyext
[0.123s] [100%] Built target pick_and_place_msgs__rosidl_typesupport_fastrtps_c__pyext
[0.123s] [100%] Built target pick_and_place_msgs__rosidl_typesupport_introspection_c__pyext
[0.262s] running egg_info
[0.262s] writing pick_and_place_msgs.egg-info/PKG-INFO
[0.263s] writing dependency_links to pick_and_place_msgs.egg-info/dependency_links.txt
[0.263s] writing top-level names to pick_and_place_msgs.egg-info/top_level.txt
[0.265s] reading manifest file 'pick_and_place_msgs.egg-info/SOURCES.txt'
[0.265s] writing manifest file 'pick_and_place_msgs.egg-info/SOURCES.txt'
[0.290s] [100%] Built target ament_cmake_python_build_pick_and_place_msgs_egg
[0.297s] Invoked command in '/home/jcampbell9/repos/industrial_training/exercises/Perception-Driven_Manipulation/ros2/solution_ws/build/pick_and_place_msgs' returned '0': CMAKE_PREFIX_PATH=${CMAKE_PREFIX_PATH}:/home/jcampbell9/repos/industrial_training/exercises/Perception-Driven_Manipulation/ros2/template_ws/install/industrial_moveit2_utils:/home/jcampbell9/repos/industrial_training/exercises/Perception-Driven_Manipulation/ros2/solution_ws/install/industrial_moveit2_utils:/opt/ros/humble /usr/bin/cmake --build /home/jcampbell9/repos/industrial_training/exercises/Perception-Driven_Manipulation/ros2/solution_ws/build/pick_and_place_msgs -- -j16 -l16
[0.342s] Invoking command in '/home/jcampbell9/repos/industrial_training/exercises/Perception-Driven_Manipulation/ros2/solution_ws/build/pick_and_place_msgs': CMAKE_PREFIX_PATH=${CMAKE_PREFIX_PATH}:/home/jcampbell9/repos/industrial_training/exercises/Perception-Driven_Manipulation/ros2/template_ws/install/industrial_moveit2_utils:/home/jcampbell9/repos/industrial_training/exercises/Perception-Driven_Manipulation/ros2/solution_ws/install/industrial_moveit2_utils:/opt/ros/humble /usr/bin/cmake --install /home/jcampbell9/repos/industrial_training/exercises/Perception-Driven_Manipulation/ros2/solution_ws/build/pick_and_place_msgs
[0.347s] -- Install configuration: ""
[0.347s] -- Up-to-date: /home/jcampbell9/repos/industrial_training/exercises/Perception-Driven_Manipulation/ros2/solution_ws/install/pick_and_place_msgs/share/ament_index/resource_index/rosidl_interfaces/pick_and_place_msgs
[0.348s] -- Up-to-date: /home/jcampbell9/repos/industrial_training/exercises/Perception-Driven_Manipulation/ros2/solution_ws/install/pick_and_place_msgs/include/pick_and_place_msgs/pick_and_place_msgs
[0.348s] -- Up-to-date: /home/jcampbell9/repos/industrial_training/exercises/Perception-Driven_Manipulation/ros2/solution_ws/install/pick_and_place_msgs/include/pick_and_place_msgs/pick_and_place_msgs/msg
[0.348s] -- Up-to-date: /home/jcampbell9/repos/industrial_training/exercises/Perception-Driven_Manipulation/ros2/solution_ws/install/pick_and_place_msgs/include/pick_and_place_msgs/pick_and_place_msgs/msg/rosidl_generator_c__visibility_control.h
[0.348s] -- Up-to-date: /home/jcampbell9/repos/industrial_training/exercises/Perception-Driven_Manipulation/ros2/solution_ws/install/pick_and_place_msgs/include/pick_and_place_msgs/pick_and_place_msgs/action
[0.348s] -- Up-to-date: /home/jcampbell9/repos/industrial_training/exercises/Perception-Driven_Manipulation/ros2/solution_ws/install/pick_and_place_msgs/include/pick_and_place_msgs/pick_and_place_msgs/action/detail
[0.348s] -- Up-to-date: /home/jcampbell9/repos/industrial_training/exercises/Perception-Driven_Manipulation/ros2/solution_ws/install/pick_and_place_msgs/include/pick_and_place_msgs/pick_and_place_msgs/action/detail/execute_grasp_move__type_support.h
[0.349s] -- Up-to-date: /home/jcampbell9/repos/industrial_training/exercises/Perception-Driven_Manipulation/ros2/solution_ws/install/pick_and_place_msgs/include/pick_and_place_msgs/pick_and_place_msgs/action/detail/execute_grasp_move__functions.h
[0.349s] -- Up-to-date: /home/jcampbell9/repos/industrial_training/exercises/Perception-Driven_Manipulation/ros2/solution_ws/install/pick_and_place_msgs/include/pick_and_place_msgs/pick_and_place_msgs/action/detail/execute_grasp_move__functions.c
[0.349s] -- Up-to-date: /home/jcampbell9/repos/industrial_training/exercises/Perception-Driven_Manipulation/ros2/solution_ws/install/pick_and_place_msgs/include/pick_and_place_msgs/pick_and_place_msgs/action/detail/execute_grasp_move__struct.h
[0.349s] -- Up-to-date: /home/jcampbell9/repos/industrial_training/exercises/Perception-Driven_Manipulation/ros2/solution_ws/install/pick_and_place_msgs/include/pick_and_place_msgs/pick_and_place_msgs/action/execute_grasp_move.h
[0.349s] -- Up-to-date: /home/jcampbell9/repos/industrial_training/exercises/Perception-Driven_Manipulation/ros2/solution_ws/install/pick_and_place_msgs/include/pick_and_place_msgs/pick_and_place_msgs/srv
[0.349s] -- Up-to-date: /home/jcampbell9/repos/industrial_training/exercises/Perception-Driven_Manipulation/ros2/solution_ws/install/pick_and_place_msgs/include/pick_and_place_msgs/pick_and_place_msgs/srv/detail
[0.349s] -- Up-to-date: /home/jcampbell9/repos/industrial_training/exercises/Perception-Driven_Manipulation/ros2/solution_ws/install/pick_and_place_msgs/include/pick_and_place_msgs/pick_and_place_msgs/srv/detail/get_target_pose__functions.h
[0.350s] -- Up-to-date: /home/jcampbell9/repos/industrial_training/exercises/Perception-Driven_Manipulation/ros2/solution_ws/install/pick_and_place_msgs/include/pick_and_place_msgs/pick_and_place_msgs/srv/detail/get_target_pose__type_support.h
[0.350s] -- Up-to-date: /home/jcampbell9/repos/industrial_training/exercises/Perception-Driven_Manipulation/ros2/solution_ws/install/pick_and_place_msgs/include/pick_and_place_msgs/pick_and_place_msgs/srv/detail/get_target_pose__functions.c
[0.350s] -- Up-to-date: /home/jcampbell9/repos/industrial_training/exercises/Perception-Driven_Manipulation/ros2/solution_ws/install/pick_and_place_msgs/include/pick_and_place_msgs/pick_and_place_msgs/srv/detail/get_target_pose__struct.h
[0.350s] -- Up-to-date: /home/jcampbell9/repos/industrial_training/exercises/Perception-Driven_Manipulation/ros2/solution_ws/install/pick_and_place_msgs/include/pick_and_place_msgs/pick_and_place_msgs/srv/get_target_pose.h
[0.350s] -- Up-to-date: /home/jcampbell9/repos/industrial_training/exercises/Perception-Driven_Manipulation/ros2/solution_ws/install/pick_and_place_msgs/share/pick_and_place_msgs/environment/library_path.sh
[0.350s] -- Up-to-date: /home/jcampbell9/repos/industrial_training/exercises/Perception-Driven_Manipulation/ros2/solution_ws/install/pick_and_place_msgs/share/pick_and_place_msgs/environment/library_path.dsv
[0.350s] -- Up-to-date: /home/jcampbell9/repos/industrial_training/exercises/Perception-Driven_Manipulation/ros2/solution_ws/install/pick_and_place_msgs/lib/libpick_and_place_msgs__rosidl_generator_c.so
[0.351s] -- Up-to-date: /home/jcampbell9/repos/industrial_training/exercises/Perception-Driven_Manipulation/ros2/solution_ws/install/pick_and_place_msgs/include/pick_and_place_msgs/pick_and_place_msgs
[0.351s] -- Up-to-date: /home/jcampbell9/repos/industrial_training/exercises/Perception-Driven_Manipulation/ros2/solution_ws/install/pick_and_place_msgs/include/pick_and_place_msgs/pick_and_place_msgs/msg
[0.351s] -- Up-to-date: /home/jcampbell9/repos/industrial_training/exercises/Perception-Driven_Manipulation/ros2/solution_ws/install/pick_and_place_msgs/include/pick_and_place_msgs/pick_and_place_msgs/msg/rosidl_typesupport_fastrtps_c__visibility_control.h
[0.351s] -- Up-to-date: /home/jcampbell9/repos/industrial_training/exercises/Perception-Driven_Manipulation/ros2/solution_ws/install/pick_and_place_msgs/include/pick_and_place_msgs/pick_and_place_msgs/action
[0.351s] -- Up-to-date: /home/jcampbell9/repos/industrial_training/exercises/Perception-Driven_Manipulation/ros2/solution_ws/install/pick_and_place_msgs/include/pick_and_place_msgs/pick_and_place_msgs/action/detail
[0.351s] -- Up-to-date: /home/jcampbell9/repos/industrial_training/exercises/Perception-Driven_Manipulation/ros2/solution_ws/install/pick_and_place_msgs/include/pick_and_place_msgs/pick_and_place_msgs/action/detail/execute_grasp_move__rosidl_typesupport_fastrtps_c.h
[0.351s] -- Up-to-date: /home/jcampbell9/repos/industrial_training/exercises/Perception-Driven_Manipulation/ros2/solution_ws/install/pick_and_place_msgs/include/pick_and_place_msgs/pick_and_place_msgs/srv
[0.352s] -- Up-to-date: /home/jcampbell9/repos/industrial_training/exercises/Perception-Driven_Manipulation/ros2/solution_ws/install/pick_and_place_msgs/include/pick_and_place_msgs/pick_and_place_msgs/srv/detail
[0.352s] -- Up-to-date: /home/jcampbell9/repos/industrial_training/exercises/Perception-Driven_Manipulation/ros2/solution_ws/install/pick_and_place_msgs/include/pick_and_place_msgs/pick_and_place_msgs/srv/detail/get_target_pose__rosidl_typesupport_fastrtps_c.h
[0.352s] -- Up-to-date: /home/jcampbell9/repos/industrial_training/exercises/Perception-Driven_Manipulation/ros2/solution_ws/install/pick_and_place_msgs/lib/libpick_and_place_msgs__rosidl_typesupport_fastrtps_c.so
[0.352s] -- Up-to-date: /home/jcampbell9/repos/industrial_training/exercises/Perception-Driven_Manipulation/ros2/solution_ws/install/pick_and_place_msgs/include/pick_and_place_msgs/pick_and_place_msgs
[0.352s] -- Up-to-date: /home/jcampbell9/repos/industrial_training/exercises/Perception-Driven_Manipulation/ros2/solution_ws/install/pick_and_place_msgs/include/pick_and_place_msgs/pick_and_place_msgs/action
[0.352s] -- Up-to-date: /home/jcampbell9/repos/industrial_training/exercises/Perception-Driven_Manipulation/ros2/solution_ws/install/pick_and_place_msgs/include/pick_and_place_msgs/pick_and_place_msgs/action/detail
[0.352s] -- Up-to-date: /home/jcampbell9/repos/industrial_training/exercises/Perception-Driven_Manipulation/ros2/solution_ws/install/pick_and_place_msgs/include/pick_and_place_msgs/pick_and_place_msgs/action/detail/execute_grasp_move__struct.hpp
[0.352s] -- Up-to-date: /home/jcampbell9/repos/industrial_training/exercises/Perception-Driven_Manipulation/ros2/solution_ws/install/pick_and_place_msgs/include/pick_and_place_msgs/pick_and_place_msgs/action/detail/execute_grasp_move__traits.hpp
[0.352s] -- Up-to-date: /home/jcampbell9/repos/industrial_training/exercises/Perception-Driven_Manipulation/ros2/solution_ws/install/pick_and_place_msgs/include/pick_and_place_msgs/pick_and_place_msgs/action/detail/execute_grasp_move__builder.hpp
[0.352s] -- Up-to-date: /home/jcampbell9/repos/industrial_training/exercises/Perception-Driven_Manipulation/ros2/solution_ws/install/pick_and_place_msgs/include/pick_and_place_msgs/pick_and_place_msgs/action/execute_grasp_move.hpp
[0.352s] -- Up-to-date: /home/jcampbell9/repos/industrial_training/exercises/Perception-Driven_Manipulation/ros2/solution_ws/install/pick_and_place_msgs/include/pick_and_place_msgs/pick_and_place_msgs/srv
[0.353s] -- Up-to-date: /home/jcampbell9/repos/industrial_training/exercises/Perception-Driven_Manipulation/ros2/solution_ws/install/pick_and_place_msgs/include/pick_and_place_msgs/pick_and_place_msgs/srv/get_target_pose.hpp
[0.353s] -- Up-to-date: /home/jcampbell9/repos/industrial_training/exercises/Perception-Driven_Manipulation/ros2/solution_ws/install/pick_and_place_msgs/include/pick_and_place_msgs/pick_and_place_msgs/srv/detail
[0.353s] -- Up-to-date: /home/jcampbell9/repos/industrial_training/exercises/Perception-Driven_Manipulation/ros2/solution_ws/install/pick_and_place_msgs/include/pick_and_place_msgs/pick_and_place_msgs/srv/detail/get_target_pose__struct.hpp
[0.353s] -- Up-to-date: /home/jcampbell9/repos/industrial_training/exercises/Perception-Driven_Manipulation/ros2/solution_ws/install/pick_and_place_msgs/include/pick_and_place_msgs/pick_and_place_msgs/srv/detail/get_target_pose__builder.hpp
[0.353s] -- Up-to-date: /home/jcampbell9/repos/industrial_training/exercises/Perception-Driven_Manipulation/ros2/solution_ws/install/pick_and_place_msgs/include/pick_and_place_msgs/pick_and_place_msgs/srv/detail/get_target_pose__traits.hpp
[0.353s] -- Up-to-date: /home/jcampbell9/repos/industrial_training/exercises/Perception-Driven_Manipulation/ros2/solution_ws/install/pick_and_place_msgs/include/pick_and_place_msgs/pick_and_place_msgs
[0.353s] -- Up-to-date: /home/jcampbell9/repos/industrial_training/exercises/Perception-Driven_Manipulation/ros2/solution_ws/install/pick_and_place_msgs/include/pick_and_place_msgs/pick_and_place_msgs/msg
[0.353s] -- Up-to-date: /home/jcampbell9/repos/industrial_training/exercises/Perception-Driven_Manipulation/ros2/solution_ws/install/pick_and_place_msgs/include/pick_and_place_msgs/pick_and_place_msgs/msg/rosidl_typesupport_fastrtps_cpp__visibility_control.h
[0.353s] -- Up-to-date: /home/jcampbell9/repos/industrial_training/exercises/Perception-Driven_Manipulation/ros2/solution_ws/install/pick_and_place_msgs/include/pick_and_place_msgs/pick_and_place_msgs/action
[0.353s] -- Up-to-date: /home/jcampbell9/repos/industrial_training/exercises/Perception-Driven_Manipulation/ros2/solution_ws/install/pick_and_place_msgs/include/pick_and_place_msgs/pick_and_place_msgs/action/detail
[0.353s] -- Up-to-date: /home/jcampbell9/repos/industrial_training/exercises/Perception-Driven_Manipulation/ros2/solution_ws/install/pick_and_place_msgs/include/pick_and_place_msgs/pick_and_place_msgs/action/detail/dds_fastrtps
[0.353s] -- Up-to-date: /home/jcampbell9/repos/industrial_training/exercises/Perception-Driven_Manipulation/ros2/solution_ws/install/pick_and_place_msgs/include/pick_and_place_msgs/pick_and_place_msgs/action/detail/execute_grasp_move__rosidl_typesupport_fastrtps_cpp.hpp
[0.353s] -- Up-to-date: /home/jcampbell9/repos/industrial_training/exercises/Perception-Driven_Manipulation/ros2/solution_ws/install/pick_and_place_msgs/include/pick_and_place_msgs/pick_and_place_msgs/srv
[0.353s] -- Up-to-date: /home/jcampbell9/repos/industrial_training/exercises/Perception-Driven_Manipulation/ros2/solution_ws/install/pick_and_place_msgs/include/pick_and_place_msgs/pick_and_place_msgs/srv/detail
[0.353s] -- Up-to-date: /home/jcampbell9/repos/industrial_training/exercises/Perception-Driven_Manipulation/ros2/solution_ws/install/pick_and_place_msgs/include/pick_and_place_msgs/pick_and_place_msgs/srv/detail/dds_fastrtps
[0.353s] -- Up-to-date: /home/jcampbell9/repos/industrial_training/exercises/Perception-Driven_Manipulation/ros2/solution_ws/install/pick_and_place_msgs/include/pick_and_place_msgs/pick_and_place_msgs/srv/detail/get_target_pose__rosidl_typesupport_fastrtps_cpp.hpp
[0.353s] -- Up-to-date: /home/jcampbell9/repos/industrial_training/exercises/Perception-Driven_Manipulation/ros2/solution_ws/install/pick_and_place_msgs/lib/libpick_and_place_msgs__rosidl_typesupport_fastrtps_cpp.so
[0.353s] -- Up-to-date: /home/jcampbell9/repos/industrial_training/exercises/Perception-Driven_Manipulation/ros2/solution_ws/install/pick_and_place_msgs/include/pick_and_place_msgs/pick_and_place_msgs
[0.354s] -- Up-to-date: /home/jcampbell9/repos/industrial_training/exercises/Perception-Driven_Manipulation/ros2/solution_ws/install/pick_and_place_msgs/include/pick_and_place_msgs/pick_and_place_msgs/msg
[0.354s] -- Up-to-date: /home/jcampbell9/repos/industrial_training/exercises/Perception-Driven_Manipulation/ros2/solution_ws/install/pick_and_place_msgs/include/pick_and_place_msgs/pick_and_place_msgs/msg/rosidl_typesupport_introspection_c__visibility_control.h
[0.354s] -- Up-to-date: /home/jcampbell9/repos/industrial_training/exercises/Perception-Driven_Manipulation/ros2/solution_ws/install/pick_and_place_msgs/include/pick_and_place_msgs/pick_and_place_msgs/action
[0.354s] -- Up-to-date: /home/jcampbell9/repos/industrial_training/exercises/Perception-Driven_Manipulation/ros2/solution_ws/install/pick_and_place_msgs/include/pick_and_place_msgs/pick_and_place_msgs/action/detail
[0.354s] -- Up-to-date: /home/jcampbell9/repos/industrial_training/exercises/Perception-Driven_Manipulation/ros2/solution_ws/install/pick_and_place_msgs/include/pick_and_place_msgs/pick_and_place_msgs/action/detail/execute_grasp_move__type_support.c
[0.354s] -- Up-to-date: /home/jcampbell9/repos/industrial_training/exercises/Perception-Driven_Manipulation/ros2/solution_ws/install/pick_and_place_msgs/include/pick_and_place_msgs/pick_and_place_msgs/action/detail/execute_grasp_move__rosidl_typesupport_introspection_c.h
[0.354s] -- Up-to-date: /home/jcampbell9/repos/industrial_training/exercises/Perception-Driven_Manipulation/ros2/solution_ws/install/pick_and_place_msgs/include/pick_and_place_msgs/pick_and_place_msgs/srv
[0.354s] -- Up-to-date: /home/jcampbell9/repos/industrial_training/exercises/Perception-Driven_Manipulation/ros2/solution_ws/install/pick_and_place_msgs/include/pick_and_place_msgs/pick_and_place_msgs/srv/detail
[0.354s] -- Up-to-date: /home/jcampbell9/repos/industrial_training/exercises/Perception-Driven_Manipulation/ros2/solution_ws/install/pick_and_place_msgs/include/pick_and_place_msgs/pick_and_place_msgs/srv/detail/get_target_pose__type_support.c
[0.354s] -- Up-to-date: /home/jcampbell9/repos/industrial_training/exercises/Perception-Driven_Manipulation/ros2/solution_ws/install/pick_and_place_msgs/include/pick_and_place_msgs/pick_and_place_msgs/srv/detail/get_target_pose__rosidl_typesupport_introspection_c.h
[0.354s] -- Up-to-date: /home/jcampbell9/repos/industrial_training/exercises/Perception-Driven_Manipulation/ros2/solution_ws/install/pick_and_place_msgs/lib/libpick_and_place_msgs__rosidl_typesupport_introspection_c.so
[0.354s] -- Up-to-date: /home/jcampbell9/repos/industrial_training/exercises/Perception-Driven_Manipulation/ros2/solution_ws/install/pick_and_place_msgs/lib/libpick_and_place_msgs__rosidl_typesupport_c.so
[0.354s] -- Up-to-date: /home/jcampbell9/repos/industrial_training/exercises/Perception-Driven_Manipulation/ros2/solution_ws/install/pick_and_place_msgs/include/pick_and_place_msgs/pick_and_place_msgs
[0.354s] -- Up-to-date: /home/jcampbell9/repos/industrial_training/exercises/Perception-Driven_Manipulation/ros2/solution_ws/install/pick_and_place_msgs/include/pick_and_place_msgs/pick_and_place_msgs/action
[0.354s] -- Up-to-date: /home/jcampbell9/repos/industrial_training/exercises/Perception-Driven_Manipulation/ros2/solution_ws/install/pick_and_place_msgs/include/pick_and_place_msgs/pick_and_place_msgs/action/detail
[0.354s] -- Up-to-date: /home/jcampbell9/repos/industrial_training/exercises/Perception-Driven_Manipulation/ros2/solution_ws/install/pick_and_place_msgs/include/pick_and_place_msgs/pick_and_place_msgs/action/detail/execute_grasp_move__rosidl_typesupport_introspection_cpp.hpp
[0.354s] -- Up-to-date: /home/jcampbell9/repos/industrial_training/exercises/Perception-Driven_Manipulation/ros2/solution_ws/install/pick_and_place_msgs/include/pick_and_place_msgs/pick_and_place_msgs/action/detail/execute_grasp_move__type_support.cpp
[0.354s] -- Up-to-date: /home/jcampbell9/repos/industrial_training/exercises/Perception-Driven_Manipulation/ros2/solution_ws/install/pick_and_place_msgs/include/pick_and_place_msgs/pick_and_place_msgs/srv
[0.355s] -- Up-to-date: /home/jcampbell9/repos/industrial_training/exercises/Perception-Driven_Manipulation/ros2/solution_ws/install/pick_and_place_msgs/include/pick_and_place_msgs/pick_and_place_msgs/srv/detail
[0.355s] -- Up-to-date: /home/jcampbell9/repos/industrial_training/exercises/Perception-Driven_Manipulation/ros2/solution_ws/install/pick_and_place_msgs/include/pick_and_place_msgs/pick_and_place_msgs/srv/detail/get_target_pose__rosidl_typesupport_introspection_cpp.hpp
[0.355s] -- Up-to-date: /home/jcampbell9/repos/industrial_training/exercises/Perception-Driven_Manipulation/ros2/solution_ws/install/pick_and_place_msgs/include/pick_and_place_msgs/pick_and_place_msgs/srv/detail/get_target_pose__type_support.cpp
[0.355s] -- Up-to-date: /home/jcampbell9/repos/industrial_training/exercises/Perception-Driven_Manipulation/ros2/solution_ws/install/pick_and_place_msgs/lib/libpick_and_place_msgs__rosidl_typesupport_introspection_cpp.so
[0.355s] -- Up-to-date: /home/jcampbell9/repos/industrial_training/exercises/Perception-Driven_Manipulation/ros2/solution_ws/install/pick_and_place_msgs/lib/libpick_and_place_msgs__rosidl_typesupport_cpp.so
[0.355s] -- Up-to-date: /home/jcampbell9/repos/industrial_training/exercises/Perception-Driven_Manipulation/ros2/solution_ws/install/pick_and_place_msgs/share/pick_and_place_msgs/environment/pythonpath.sh
[0.355s] -- Up-to-date: /home/jcampbell9/repos/industrial_training/exercises/Perception-Driven_Manipulation/ros2/solution_ws/install/pick_and_place_msgs/share/pick_and_place_msgs/environment/pythonpath.dsv
[0.355s] -- Up-to-date: /home/jcampbell9/repos/industrial_training/exercises/Perception-Driven_Manipulation/ros2/solution_ws/install/pick_and_place_msgs/local/lib/python3.10/dist-packages/pick_and_place_msgs-0.0.0-py3.10.egg-info
[0.355s] -- Installing: /home/jcampbell9/repos/industrial_training/exercises/Perception-Driven_Manipulation/ros2/solution_ws/install/pick_and_place_msgs/local/lib/python3.10/dist-packages/pick_and_place_msgs-0.0.0-py3.10.egg-info/SOURCES.txt
[0.355s] -- Installing: /home/jcampbell9/repos/industrial_training/exercises/Perception-Driven_Manipulation/ros2/solution_ws/install/pick_and_place_msgs/local/lib/python3.10/dist-packages/pick_and_place_msgs-0.0.0-py3.10.egg-info/top_level.txt
[0.355s] -- Installing: /home/jcampbell9/repos/industrial_training/exercises/Perception-Driven_Manipulation/ros2/solution_ws/install/pick_and_place_msgs/local/lib/python3.10/dist-packages/pick_and_place_msgs-0.0.0-py3.10.egg-info/dependency_links.txt
[0.355s] -- Installing: /home/jcampbell9/repos/industrial_training/exercises/Perception-Driven_Manipulation/ros2/solution_ws/install/pick_and_place_msgs/local/lib/python3.10/dist-packages/pick_and_place_msgs-0.0.0-py3.10.egg-info/PKG-INFO
[0.355s] -- Up-to-date: /home/jcampbell9/repos/industrial_training/exercises/Perception-Driven_Manipulation/ros2/solution_ws/install/pick_and_place_msgs/local/lib/python3.10/dist-packages/pick_and_place_msgs
[0.355s] -- Up-to-date: /home/jcampbell9/repos/industrial_training/exercises/Perception-Driven_Manipulation/ros2/solution_ws/install/pick_and_place_msgs/local/lib/python3.10/dist-packages/pick_and_place_msgs/_pick_and_place_msgs_s.ep.rosidl_typesupport_c.c
[0.355s] -- Up-to-date: /home/jcampbell9/repos/industrial_training/exercises/Perception-Driven_Manipulation/ros2/solution_ws/install/pick_and_place_msgs/local/lib/python3.10/dist-packages/pick_and_place_msgs/__init__.py
[0.356s] -- Up-to-date: /home/jcampbell9/repos/industrial_training/exercises/Perception-Driven_Manipulation/ros2/solution_ws/install/pick_and_place_msgs/local/lib/python3.10/dist-packages/pick_and_place_msgs/_pick_and_place_msgs_s.ep.rosidl_typesupport_introspection_c.c
[0.356s] -- Up-to-date: /home/jcampbell9/repos/industrial_training/exercises/Perception-Driven_Manipulation/ros2/solution_ws/install/pick_and_place_msgs/local/lib/python3.10/dist-packages/pick_and_place_msgs/pick_and_place_msgs_s__rosidl_typesupport_fastrtps_c.cpython-310-x86_64-linux-gnu.so
[0.356s] -- Up-to-date: /home/jcampbell9/repos/industrial_training/exercises/Perception-Driven_Manipulation/ros2/solution_ws/install/pick_and_place_msgs/local/lib/python3.10/dist-packages/pick_and_place_msgs/_pick_and_place_msgs_s.ep.rosidl_typesupport_fastrtps_c.c
[0.356s] -- Up-to-date: /home/jcampbell9/repos/industrial_training/exercises/Perception-Driven_Manipulation/ros2/solution_ws/install/pick_and_place_msgs/local/lib/python3.10/dist-packages/pick_and_place_msgs/pick_and_place_msgs_s__rosidl_typesupport_c.cpython-310-x86_64-linux-gnu.so
[0.356s] -- Up-to-date: /home/jcampbell9/repos/industrial_training/exercises/Perception-Driven_Manipulation/ros2/solution_ws/install/pick_and_place_msgs/local/lib/python3.10/dist-packages/pick_and_place_msgs/action
[0.356s] -- Up-to-date: /home/jcampbell9/repos/industrial_training/exercises/Perception-Driven_Manipulation/ros2/solution_ws/install/pick_and_place_msgs/local/lib/python3.10/dist-packages/pick_and_place_msgs/action/__init__.py
[0.356s] -- Up-to-date: /home/jcampbell9/repos/industrial_training/exercises/Perception-Driven_Manipulation/ros2/solution_ws/install/pick_and_place_msgs/local/lib/python3.10/dist-packages/pick_and_place_msgs/action/_execute_grasp_move.py
[0.356s] -- Up-to-date: /home/jcampbell9/repos/industrial_training/exercises/Perception-Driven_Manipulation/ros2/solution_ws/install/pick_and_place_msgs/local/lib/python3.10/dist-packages/pick_and_place_msgs/action/_execute_grasp_move_s.c
[0.356s] -- Up-to-date: /home/jcampbell9/repos/industrial_training/exercises/Perception-Driven_Manipulation/ros2/solution_ws/install/pick_and_place_msgs/local/lib/python3.10/dist-packages/pick_and_place_msgs/libpick_and_place_msgs__rosidl_generator_py.so
[0.356s] -- Up-to-date: /home/jcampbell9/repos/industrial_training/exercises/Perception-Driven_Manipulation/ros2/solution_ws/install/pick_and_place_msgs/local/lib/python3.10/dist-packages/pick_and_place_msgs/srv
[0.356s] -- Up-to-date: /home/jcampbell9/repos/industrial_training/exercises/Perception-Driven_Manipulation/ros2/solution_ws/install/pick_and_place_msgs/local/lib/python3.10/dist-packages/pick_and_place_msgs/srv/__init__.py
[0.356s] -- Up-to-date: /home/jcampbell9/repos/industrial_training/exercises/Perception-Driven_Manipulation/ros2/solution_ws/install/pick_and_place_msgs/local/lib/python3.10/dist-packages/pick_and_place_msgs/srv/_get_target_pose_s.c
[0.356s] -- Up-to-date: /home/jcampbell9/repos/industrial_training/exercises/Perception-Driven_Manipulation/ros2/solution_ws/install/pick_and_place_msgs/local/lib/python3.10/dist-packages/pick_and_place_msgs/srv/_get_target_pose.py
[0.356s] -- Up-to-date: /home/jcampbell9/repos/industrial_training/exercises/Perception-Driven_Manipulation/ros2/solution_ws/install/pick_and_place_msgs/local/lib/python3.10/dist-packages/pick_and_place_msgs/pick_and_place_msgs_s__rosidl_typesupport_introspection_c.cpython-310-x86_64-linux-gnu.so
[0.380s] Listing '/home/jcampbell9/repos/industrial_training/exercises/Perception-Driven_Manipulation/ros2/solution_ws/install/pick_and_place_msgs/local/lib/python3.10/dist-packages/pick_and_place_msgs'...
[0.380s] Listing '/home/jcampbell9/repos/industrial_training/exercises/Perception-Driven_Manipulation/ros2/solution_ws/install/pick_and_place_msgs/local/lib/python3.10/dist-packages/pick_and_place_msgs/action'...
[0.380s] Listing '/home/jcampbell9/repos/industrial_training/exercises/Perception-Driven_Manipulation/ros2/solution_ws/install/pick_and_place_msgs/local/lib/python3.10/dist-packages/pick_and_place_msgs/srv'...
[0.384s] -- Up-to-date: /home/jcampbell9/repos/industrial_training/exercises/Perception-Driven_Manipulation/ros2/solution_ws/install/pick_and_place_msgs/local/lib/python3.10/dist-packages/pick_and_place_msgs/pick_and_place_msgs_s__rosidl_typesupport_fastrtps_c.cpython-310-x86_64-linux-gnu.so
[0.384s] -- Up-to-date: /home/jcampbell9/repos/industrial_training/exercises/Perception-Driven_Manipulation/ros2/solution_ws/install/pick_and_place_msgs/local/lib/python3.10/dist-packages/pick_and_place_msgs/pick_and_place_msgs_s__rosidl_typesupport_introspection_c.cpython-310-x86_64-linux-gnu.so
[0.384s] -- Up-to-date: /home/jcampbell9/repos/industrial_training/exercises/Perception-Driven_Manipulation/ros2/solution_ws/install/pick_and_place_msgs/local/lib/python3.10/dist-packages/pick_and_place_msgs/pick_and_place_msgs_s__rosidl_typesupport_c.cpython-310-x86_64-linux-gnu.so
[0.385s] -- Up-to-date: /home/jcampbell9/repos/industrial_training/exercises/Perception-Driven_Manipulation/ros2/solution_ws/install/pick_and_place_msgs/lib/libpick_and_place_msgs__rosidl_generator_py.so
[0.385s] -- Up-to-date: /home/jcampbell9/repos/industrial_training/exercises/Perception-Driven_Manipulation/ros2/solution_ws/install/pick_and_place_msgs/share/pick_and_place_msgs/srv/GetTargetPose.idl
[0.385s] -- Up-to-date: /home/jcampbell9/repos/industrial_training/exercises/Perception-Driven_Manipulation/ros2/solution_ws/install/pick_and_place_msgs/share/pick_and_place_msgs/action/ExecuteGraspMove.idl
[0.386s] -- Up-to-date: /home/jcampbell9/repos/industrial_training/exercises/Perception-Driven_Manipulation/ros2/solution_ws/install/pick_and_place_msgs/share/pick_and_place_msgs/srv/GetTargetPose.srv
[0.387s] -- Up-to-date: /home/jcampbell9/repos/industrial_training/exercises/Perception-Driven_Manipulation/ros2/solution_ws/install/pick_and_place_msgs/share/pick_and_place_msgs/srv/GetTargetPose_Request.msg
[0.387s] -- Up-to-date: /home/jcampbell9/repos/industrial_training/exercises/Perception-Driven_Manipulation/ros2/solution_ws/install/pick_and_place_msgs/share/pick_and_place_msgs/srv/GetTargetPose_Response.msg
[0.387s] -- Up-to-date: /home/jcampbell9/repos/industrial_training/exercises/Perception-Driven_Manipulation/ros2/solution_ws/install/pick_and_place_msgs/share/pick_and_place_msgs/action/ExecuteGraspMove.action
[0.387s] -- Up-to-date: /home/jcampbell9/repos/industrial_training/exercises/Perception-Driven_Manipulation/ros2/solution_ws/install/pick_and_place_msgs/share/ament_index/resource_index/package_run_dependencies/pick_and_place_msgs
[0.387s] -- Up-to-date: /home/jcampbell9/repos/industrial_training/exercises/Perception-Driven_Manipulation/ros2/solution_ws/install/pick_and_place_msgs/share/ament_index/resource_index/parent_prefix_path/pick_and_place_msgs
[0.387s] -- Up-to-date: /home/jcampbell9/repos/industrial_training/exercises/Perception-Driven_Manipulation/ros2/solution_ws/install/pick_and_place_msgs/share/pick_and_place_msgs/environment/ament_prefix_path.sh
[0.387s] -- Up-to-date: /home/jcampbell9/repos/industrial_training/exercises/Perception-Driven_Manipulation/ros2/solution_ws/install/pick_and_place_msgs/share/pick_and_place_msgs/environment/ament_prefix_path.dsv
[0.387s] -- Up-to-date: /home/jcampbell9/repos/industrial_training/exercises/Perception-Driven_Manipulation/ros2/solution_ws/install/pick_and_place_msgs/share/pick_and_place_msgs/environment/path.sh
[0.388s] -- Up-to-date: /home/jcampbell9/repos/industrial_training/exercises/Perception-Driven_Manipulation/ros2/solution_ws/install/pick_and_place_msgs/share/pick_and_place_msgs/environment/path.dsv
[0.388s] -- Up-to-date: /home/jcampbell9/repos/industrial_training/exercises/Perception-Driven_Manipulation/ros2/solution_ws/install/pick_and_place_msgs/share/pick_and_place_msgs/local_setup.bash
[0.389s] -- Up-to-date: /home/jcampbell9/repos/industrial_training/exercises/Perception-Driven_Manipulation/ros2/solution_ws/install/pick_and_place_msgs/share/pick_and_place_msgs/local_setup.sh
[0.389s] -- Up-to-date: /home/jcampbell9/repos/industrial_training/exercises/Perception-Driven_Manipulation/ros2/solution_ws/install/pick_and_place_msgs/share/pick_and_place_msgs/local_setup.zsh
[0.390s] -- Up-to-date: /home/jcampbell9/repos/industrial_training/exercises/Perception-Driven_Manipulation/ros2/solution_ws/install/pick_and_place_msgs/share/pick_and_place_msgs/local_setup.dsv
[0.390s] -- Installing: /home/jcampbell9/repos/industrial_training/exercises/Perception-Driven_Manipulation/ros2/solution_ws/install/pick_and_place_msgs/share/pick_and_place_msgs/package.dsv
[0.391s] -- Up-to-date: /home/jcampbell9/repos/industrial_training/exercises/Perception-Driven_Manipulation/ros2/solution_ws/install/pick_and_place_msgs/share/ament_index/resource_index/packages/pick_and_place_msgs
[0.391s] -- Up-to-date: /home/jcampbell9/repos/industrial_training/exercises/Perception-Driven_Manipulation/ros2/solution_ws/install/pick_and_place_msgs/share/pick_and_place_msgs/cmake/export_pick_and_place_msgs__rosidl_generator_cExport.cmake
[0.391s] -- Up-to-date: /home/jcampbell9/repos/industrial_training/exercises/Perception-Driven_Manipulation/ros2/solution_ws/install/pick_and_place_msgs/share/pick_and_place_msgs/cmake/export_pick_and_place_msgs__rosidl_generator_cExport-noconfig.cmake
[0.391s] -- Up-to-date: /home/jcampbell9/repos/industrial_training/exercises/Perception-Driven_Manipulation/ros2/solution_ws/install/pick_and_place_msgs/share/pick_and_place_msgs/cmake/export_pick_and_place_msgs__rosidl_typesupport_fastrtps_cExport.cmake
[0.392s] -- Up-to-date: /home/jcampbell9/repos/industrial_training/exercises/Perception-Driven_Manipulation/ros2/solution_ws/install/pick_and_place_msgs/share/pick_and_place_msgs/cmake/export_pick_and_place_msgs__rosidl_typesupport_fastrtps_cExport-noconfig.cmake
[0.392s] -- Up-to-date: /home/jcampbell9/repos/industrial_training/exercises/Perception-Driven_Manipulation/ros2/solution_ws/install/pick_and_place_msgs/share/pick_and_place_msgs/cmake/export_pick_and_place_msgs__rosidl_generator_cppExport.cmake
[0.392s] -- Up-to-date: /home/jcampbell9/repos/industrial_training/exercises/Perception-Driven_Manipulation/ros2/solution_ws/install/pick_and_place_msgs/share/pick_and_place_msgs/cmake/export_pick_and_place_msgs__rosidl_typesupport_fastrtps_cppExport.cmake
[0.392s] -- Up-to-date: /home/jcampbell9/repos/industrial_training/exercises/Perception-Driven_Manipulation/ros2/solution_ws/install/pick_and_place_msgs/share/pick_and_place_msgs/cmake/export_pick_and_place_msgs__rosidl_typesupport_fastrtps_cppExport-noconfig.cmake
[0.392s] -- Up-to-date: /home/jcampbell9/repos/industrial_training/exercises/Perception-Driven_Manipulation/ros2/solution_ws/install/pick_and_place_msgs/share/pick_and_place_msgs/cmake/pick_and_place_msgs__rosidl_typesupport_introspection_cExport.cmake
[0.392s] -- Up-to-date: /home/jcampbell9/repos/industrial_training/exercises/Perception-Driven_Manipulation/ros2/solution_ws/install/pick_and_place_msgs/share/pick_and_place_msgs/cmake/pick_and_place_msgs__rosidl_typesupport_introspection_cExport-noconfig.cmake
[0.392s] -- Up-to-date: /home/jcampbell9/repos/industrial_training/exercises/Perception-Driven_Manipulation/ros2/solution_ws/install/pick_and_place_msgs/share/pick_and_place_msgs/cmake/pick_and_place_msgs__rosidl_typesupport_cExport.cmake
[0.392s] -- Up-to-date: /home/jcampbell9/repos/industrial_training/exercises/Perception-Driven_Manipulation/ros2/solution_ws/install/pick_and_place_msgs/share/pick_and_place_msgs/cmake/pick_and_place_msgs__rosidl_typesupport_cExport-noconfig.cmake
[0.393s] -- Up-to-date: /home/jcampbell9/repos/industrial_training/exercises/Perception-Driven_Manipulation/ros2/solution_ws/install/pick_and_place_msgs/share/pick_and_place_msgs/cmake/pick_and_place_msgs__rosidl_typesupport_introspection_cppExport.cmake
[0.393s] -- Up-to-date: /home/jcampbell9/repos/industrial_training/exercises/Perception-Driven_Manipulation/ros2/solution_ws/install/pick_and_place_msgs/share/pick_and_place_msgs/cmake/pick_and_place_msgs__rosidl_typesupport_introspection_cppExport-noconfig.cmake
[0.393s] -- Up-to-date: /home/jcampbell9/repos/industrial_training/exercises/Perception-Driven_Manipulation/ros2/solution_ws/install/pick_and_place_msgs/share/pick_and_place_msgs/cmake/pick_and_place_msgs__rosidl_typesupport_cppExport.cmake
[0.393s] -- Up-to-date: /home/jcampbell9/repos/industrial_training/exercises/Perception-Driven_Manipulation/ros2/solution_ws/install/pick_and_place_msgs/share/pick_and_place_msgs/cmake/pick_and_place_msgs__rosidl_typesupport_cppExport-noconfig.cmake
[0.393s] -- Up-to-date: /home/jcampbell9/repos/industrial_training/exercises/Perception-Driven_Manipulation/ros2/solution_ws/install/pick_and_place_msgs/share/pick_and_place_msgs/cmake/export_pick_and_place_msgs__rosidl_generator_pyExport.cmake
[0.393s] -- Up-to-date: /home/jcampbell9/repos/industrial_training/exercises/Perception-Driven_Manipulation/ros2/solution_ws/install/pick_and_place_msgs/share/pick_and_place_msgs/cmake/export_pick_and_place_msgs__rosidl_generator_pyExport-noconfig.cmake
[0.393s] -- Up-to-date: /home/jcampbell9/repos/industrial_training/exercises/Perception-Driven_Manipulation/ros2/solution_ws/install/pick_and_place_msgs/share/pick_and_place_msgs/cmake/rosidl_cmake-extras.cmake
[0.394s] -- Up-to-date: /home/jcampbell9/repos/industrial_training/exercises/Perception-Driven_Manipulation/ros2/solution_ws/install/pick_and_place_msgs/share/pick_and_place_msgs/cmake/ament_cmake_export_dependencies-extras.cmake
[0.394s] -- Up-to-date: /home/jcampbell9/repos/industrial_training/exercises/Perception-Driven_Manipulation/ros2/solution_ws/install/pick_and_place_msgs/share/pick_and_place_msgs/cmake/ament_cmake_export_include_directories-extras.cmake
[0.394s] -- Up-to-date: /home/jcampbell9/repos/industrial_training/exercises/Perception-Driven_Manipulation/ros2/solution_ws/install/pick_and_place_msgs/share/pick_and_place_msgs/cmake/ament_cmake_export_libraries-extras.cmake
[0.394s] -- Up-to-date: /home/jcampbell9/repos/industrial_training/exercises/Perception-Driven_Manipulation/ros2/solution_ws/install/pick_and_place_msgs/share/pick_and_place_msgs/cmake/ament_cmake_export_targets-extras.cmake
[0.394s] -- Up-to-date: /home/jcampbell9/repos/industrial_training/exercises/Perception-Driven_Manipulation/ros2/solution_ws/install/pick_and_place_msgs/share/pick_and_place_msgs/cmake/rosidl_cmake_export_typesupport_targets-extras.cmake
[0.394s] -- Up-to-date: /home/jcampbell9/repos/industrial_training/exercises/Perception-Driven_Manipulation/ros2/solution_ws/install/pick_and_place_msgs/share/pick_and_place_msgs/cmake/rosidl_cmake_export_typesupport_libraries-extras.cmake
[0.394s] -- Up-to-date: /home/jcampbell9/repos/industrial_training/exercises/Perception-Driven_Manipulation/ros2/solution_ws/install/pick_and_place_msgs/share/pick_and_place_msgs/cmake/pick_and_place_msgsConfig.cmake
[0.394s] -- Up-to-date: /home/jcampbell9/repos/industrial_training/exercises/Perception-Driven_Manipulation/ros2/solution_ws/install/pick_and_place_msgs/share/pick_and_place_msgs/cmake/pick_and_place_msgsConfig-version.cmake
[0.395s] -- Up-to-date: /home/jcampbell9/repos/industrial_training/exercises/Perception-Driven_Manipulation/ros2/solution_ws/install/pick_and_place_msgs/share/pick_and_place_msgs/package.xml
[0.396s] Invoked command in '/home/jcampbell9/repos/industrial_training/exercises/Perception-Driven_Manipulation/ros2/solution_ws/build/pick_and_place_msgs' returned '0': CMAKE_PREFIX_PATH=${CMAKE_PREFIX_PATH}:/home/jcampbell9/repos/industrial_training/exercises/Perception-Driven_Manipulation/ros2/template_ws/install/industrial_moveit2_utils:/home/jcampbell9/repos/industrial_training/exercises/Perception-Driven_Manipulation/ros2/solution_ws/install/industrial_moveit2_utils:/opt/ros/humble /usr/bin/cmake --install /home/jcampbell9/repos/industrial_training/exercises/Perception-Driven_Manipulation/ros2/solution_ws/build/pick_and_place_msgs
