[35m[1mConsolidate compiler generated dependencies of target pick_and_place_msgs__rosidl_generator_c[0m
[  2%] Built target pick_and_place_msgs__cpp
[ 12%] Built target pick_and_place_msgs__rosidl_generator_c
[ 12%] Built target ament_cmake_python_copy_pick_and_place_msgs
[35m[1mConsolidate compiler generated dependencies of target pick_and_place_msgs__rosidl_typesupport_c[0m
[35m[1mConsolidate compiler generated dependencies of target pick_and_place_msgs__rosidl_typesupport_introspection_c[0m
[35m[1mConsolidate compiler generated dependencies of target pick_and_place_msgs__rosidl_typesupport_cpp[0m
[35m[1mConsolidate compiler generated dependencies of target pick_and_place_msgs__rosidl_typesupport_fastrtps_cpp[0m
[35m[1mConsolidate compiler generated dependencies of target pick_and_place_msgs__rosidl_typesupport_introspection_cpp[0m
[35m[1mConsolidate compiler generated dependencies of target pick_and_place_msgs__rosidl_typesupport_fastrtps_c[0m
[ 23%] Built target pick_and_place_msgs__rosidl_typesupport_introspection_c
[ 33%] Built target pick_and_place_msgs__rosidl_typesupport_c
[ 53%] Built target pick_and_place_msgs__rosidl_typesupport_introspection_cpp
[ 53%] Built target pick_and_place_msgs__rosidl_typesupport_cpp
[ 64%] Built target pick_and_place_msgs__rosidl_typesupport_fastrtps_cpp
[ 74%] Built target pick_and_place_msgs__rosidl_typesupport_fastrtps_c
[ 74%] Built target pick_and_place_msgs
[ 76%] Built target pick_and_place_msgs__py
[35m[1mConsolidate compiler generated dependencies of target pick_and_place_msgs__rosidl_generator_py[0m
[ 84%] Built target pick_and_place_msgs__rosidl_generator_py
[35m[1mConsolidate compiler generated dependencies of target pick_and_place_msgs__rosidl_typesupport_c__pyext[0m
[35m[1mConsolidate compiler generated dependencies of target pick_and_place_msgs__rosidl_typesupport_fastrtps_c__pyext[0m
[35m[1mConsolidate compiler generated dependencies of target pick_and_place_msgs__rosidl_typesupport_introspection_c__pyext[0m
[100%] Built target pick_and_place_msgs__rosidl_typesupport_fastrtps_c__pyext
[100%] Built target pick_and_place_msgs__rosidl_typesupport_introspection_c__pyext
[100%] Built target pick_and_place_msgs__rosidl_typesupport_c__pyext
running egg_info
writing pick_and_place_msgs.egg-info/PKG-INFO
writing dependency_links to pick_and_place_msgs.egg-info/dependency_links.txt
writing top-level names to pick_and_place_msgs.egg-info/top_level.txt
reading manifest file 'pick_and_place_msgs.egg-info/SOURCES.txt'
writing manifest file 'pick_and_place_msgs.egg-info/SOURCES.txt'
[100%] Built target ament_cmake_python_build_pick_and_place_msgs_egg
-- Install configuration: ""
-- Up-to-date: /home/jcampbell9/repos/industrial_training/exercises/Perception-Driven_Manipulation/ros2/solution_ws/install/pick_and_place_msgs/share/ament_index/resource_index/rosidl_interfaces/pick_and_place_msgs
-- Up-to-date: /home/jcampbell9/repos/industrial_training/exercises/Perception-Driven_Manipulation/ros2/solution_ws/install/pick_and_place_msgs/include/pick_and_place_msgs/pick_and_place_msgs
-- Up-to-date: /home/jcampbell9/repos/industrial_training/exercises/Perception-Driven_Manipulation/ros2/solution_ws/install/pick_and_place_msgs/include/pick_and_place_msgs/pick_and_place_msgs/msg
-- Up-to-date: /home/jcampbell9/repos/industrial_training/exercises/Perception-Driven_Manipulation/ros2/solution_ws/install/pick_and_place_msgs/include/pick_and_place_msgs/pick_and_place_msgs/msg/rosidl_generator_c__visibility_control.h
-- Up-to-date: /home/jcampbell9/repos/industrial_training/exercises/Perception-Driven_Manipulation/ros2/solution_ws/install/pick_and_place_msgs/include/pick_and_place_msgs/pick_and_place_msgs/action
-- Up-to-date: /home/jcampbell9/repos/industrial_training/exercises/Perception-Driven_Manipulation/ros2/solution_ws/install/pick_and_place_msgs/include/pick_and_place_msgs/pick_and_place_msgs/action/detail
-- Up-to-date: /home/jcampbell9/repos/industrial_training/exercises/Perception-Driven_Manipulation/ros2/solution_ws/install/pick_and_place_msgs/include/pick_and_place_msgs/pick_and_place_msgs/action/detail/execute_grasp_move__type_support.h
-- Up-to-date: /home/jcampbell9/repos/industrial_training/exercises/Perception-Driven_Manipulation/ros2/solution_ws/install/pick_and_place_msgs/include/pick_and_place_msgs/pick_and_place_msgs/action/detail/execute_grasp_move__functions.h
-- Up-to-date: /home/jcampbell9/repos/industrial_training/exercises/Perception-Driven_Manipulation/ros2/solution_ws/install/pick_and_place_msgs/include/pick_and_place_msgs/pick_and_place_msgs/action/detail/execute_grasp_move__functions.c
-- Up-to-date: /home/jcampbell9/repos/industrial_training/exercises/Perception-Driven_Manipulation/ros2/solution_ws/install/pick_and_place_msgs/include/pick_and_place_msgs/pick_and_place_msgs/action/detail/execute_grasp_move__struct.h
-- Up-to-date: /home/jcampbell9/repos/industrial_training/exercises/Perception-Driven_Manipulation/ros2/solution_ws/install/pick_and_place_msgs/include/pick_and_place_msgs/pick_and_place_msgs/action/execute_grasp_move.h
-- Up-to-date: /home/jcampbell9/repos/industrial_training/exercises/Perception-Driven_Manipulation/ros2/solution_ws/install/pick_and_place_msgs/include/pick_and_place_msgs/pick_and_place_msgs/srv
-- Up-to-date: /home/jcampbell9/repos/industrial_training/exercises/Perception-Driven_Manipulation/ros2/solution_ws/install/pick_and_place_msgs/include/pick_and_place_msgs/pick_and_place_msgs/srv/detail
-- Up-to-date: /home/jcampbell9/repos/industrial_training/exercises/Perception-Driven_Manipulation/ros2/solution_ws/install/pick_and_place_msgs/include/pick_and_place_msgs/pick_and_place_msgs/srv/detail/get_target_pose__functions.h
-- Up-to-date: /home/jcampbell9/repos/industrial_training/exercises/Perception-Driven_Manipulation/ros2/solution_ws/install/pick_and_place_msgs/include/pick_and_place_msgs/pick_and_place_msgs/srv/detail/get_target_pose__type_support.h
-- Up-to-date: /home/jcampbell9/repos/industrial_training/exercises/Perception-Driven_Manipulation/ros2/solution_ws/install/pick_and_place_msgs/include/pick_and_place_msgs/pick_and_place_msgs/srv/detail/get_target_pose__functions.c
-- Up-to-date: /home/jcampbell9/repos/industrial_training/exercises/Perception-Driven_Manipulation/ros2/solution_ws/install/pick_and_place_msgs/include/pick_and_place_msgs/pick_and_place_msgs/srv/detail/get_target_pose__struct.h
-- Up-to-date: /home/jcampbell9/repos/industrial_training/exercises/Perception-Driven_Manipulation/ros2/solution_ws/install/pick_and_place_msgs/include/pick_and_place_msgs/pick_and_place_msgs/srv/get_target_pose.h
-- Up-to-date: /home/jcampbell9/repos/industrial_training/exercises/Perception-Driven_Manipulation/ros2/solution_ws/install/pick_and_place_msgs/share/pick_and_place_msgs/environment/library_path.sh
-- Up-to-date: /home/jcampbell9/repos/industrial_training/exercises/Perception-Driven_Manipulation/ros2/solution_ws/install/pick_and_place_msgs/share/pick_and_place_msgs/environment/library_path.dsv
-- Up-to-date: /home/jcampbell9/repos/industrial_training/exercises/Perception-Driven_Manipulation/ros2/solution_ws/install/pick_and_place_msgs/lib/libpick_and_place_msgs__rosidl_generator_c.so
-- Up-to-date: /home/jcampbell9/repos/industrial_training/exercises/Perception-Driven_Manipulation/ros2/solution_ws/install/pick_and_place_msgs/include/pick_and_place_msgs/pick_and_place_msgs
-- Up-to-date: /home/jcampbell9/repos/industrial_training/exercises/Perception-Driven_Manipulation/ros2/solution_ws/install/pick_and_place_msgs/include/pick_and_place_msgs/pick_and_place_msgs/msg
-- Up-to-date: /home/jcampbell9/repos/industrial_training/exercises/Perception-Driven_Manipulation/ros2/solution_ws/install/pick_and_place_msgs/include/pick_and_place_msgs/pick_and_place_msgs/msg/rosidl_typesupport_fastrtps_c__visibility_control.h
-- Up-to-date: /home/jcampbell9/repos/industrial_training/exercises/Perception-Driven_Manipulation/ros2/solution_ws/install/pick_and_place_msgs/include/pick_and_place_msgs/pick_and_place_msgs/action
-- Up-to-date: /home/jcampbell9/repos/industrial_training/exercises/Perception-Driven_Manipulation/ros2/solution_ws/install/pick_and_place_msgs/include/pick_and_place_msgs/pick_and_place_msgs/action/detail
-- Up-to-date: /home/jcampbell9/repos/industrial_training/exercises/Perception-Driven_Manipulation/ros2/solution_ws/install/pick_and_place_msgs/include/pick_and_place_msgs/pick_and_place_msgs/action/detail/execute_grasp_move__rosidl_typesupport_fastrtps_c.h
-- Up-to-date: /home/jcampbell9/repos/industrial_training/exercises/Perception-Driven_Manipulation/ros2/solution_ws/install/pick_and_place_msgs/include/pick_and_place_msgs/pick_and_place_msgs/srv
-- Up-to-date: /home/jcampbell9/repos/industrial_training/exercises/Perception-Driven_Manipulation/ros2/solution_ws/install/pick_and_place_msgs/include/pick_and_place_msgs/pick_and_place_msgs/srv/detail
-- Up-to-date: /home/jcampbell9/repos/industrial_training/exercises/Perception-Driven_Manipulation/ros2/solution_ws/install/pick_and_place_msgs/include/pick_and_place_msgs/pick_and_place_msgs/srv/detail/get_target_pose__rosidl_typesupport_fastrtps_c.h
-- Up-to-date: /home/jcampbell9/repos/industrial_training/exercises/Perception-Driven_Manipulation/ros2/solution_ws/install/pick_and_place_msgs/lib/libpick_and_place_msgs__rosidl_typesupport_fastrtps_c.so
-- Up-to-date: /home/jcampbell9/repos/industrial_training/exercises/Perception-Driven_Manipulation/ros2/solution_ws/install/pick_and_place_msgs/include/pick_and_place_msgs/pick_and_place_msgs
-- Up-to-date: /home/jcampbell9/repos/industrial_training/exercises/Perception-Driven_Manipulation/ros2/solution_ws/install/pick_and_place_msgs/include/pick_and_place_msgs/pick_and_place_msgs/action
-- Up-to-date: /home/jcampbell9/repos/industrial_training/exercises/Perception-Driven_Manipulation/ros2/solution_ws/install/pick_and_place_msgs/include/pick_and_place_msgs/pick_and_place_msgs/action/detail
-- Up-to-date: /home/jcampbell9/repos/industrial_training/exercises/Perception-Driven_Manipulation/ros2/solution_ws/install/pick_and_place_msgs/include/pick_and_place_msgs/pick_and_place_msgs/action/detail/execute_grasp_move__struct.hpp
-- Up-to-date: /home/jcampbell9/repos/industrial_training/exercises/Perception-Driven_Manipulation/ros2/solution_ws/install/pick_and_place_msgs/include/pick_and_place_msgs/pick_and_place_msgs/action/detail/execute_grasp_move__traits.hpp
-- Up-to-date: /home/jcampbell9/repos/industrial_training/exercises/Perception-Driven_Manipulation/ros2/solution_ws/install/pick_and_place_msgs/include/pick_and_place_msgs/pick_and_place_msgs/action/detail/execute_grasp_move__builder.hpp
-- Up-to-date: /home/jcampbell9/repos/industrial_training/exercises/Perception-Driven_Manipulation/ros2/solution_ws/install/pick_and_place_msgs/include/pick_and_place_msgs/pick_and_place_msgs/action/execute_grasp_move.hpp
-- Up-to-date: /home/jcampbell9/repos/industrial_training/exercises/Perception-Driven_Manipulation/ros2/solution_ws/install/pick_and_place_msgs/include/pick_and_place_msgs/pick_and_place_msgs/srv
-- Up-to-date: /home/jcampbell9/repos/industrial_training/exercises/Perception-Driven_Manipulation/ros2/solution_ws/install/pick_and_place_msgs/include/pick_and_place_msgs/pick_and_place_msgs/srv/get_target_pose.hpp
-- Up-to-date: /home/jcampbell9/repos/industrial_training/exercises/Perception-Driven_Manipulation/ros2/solution_ws/install/pick_and_place_msgs/include/pick_and_place_msgs/pick_and_place_msgs/srv/detail
-- Up-to-date: /home/jcampbell9/repos/industrial_training/exercises/Perception-Driven_Manipulation/ros2/solution_ws/install/pick_and_place_msgs/include/pick_and_place_msgs/pick_and_place_msgs/srv/detail/get_target_pose__struct.hpp
-- Up-to-date: /home/jcampbell9/repos/industrial_training/exercises/Perception-Driven_Manipulation/ros2/solution_ws/install/pick_and_place_msgs/include/pick_and_place_msgs/pick_and_place_msgs/srv/detail/get_target_pose__builder.hpp
-- Up-to-date: /home/jcampbell9/repos/industrial_training/exercises/Perception-Driven_Manipulation/ros2/solution_ws/install/pick_and_place_msgs/include/pick_and_place_msgs/pick_and_place_msgs/srv/detail/get_target_pose__traits.hpp
-- Up-to-date: /home/jcampbell9/repos/industrial_training/exercises/Perception-Driven_Manipulation/ros2/solution_ws/install/pick_and_place_msgs/include/pick_and_place_msgs/pick_and_place_msgs
-- Up-to-date: /home/jcampbell9/repos/industrial_training/exercises/Perception-Driven_Manipulation/ros2/solution_ws/install/pick_and_place_msgs/include/pick_and_place_msgs/pick_and_place_msgs/msg
-- Up-to-date: /home/jcampbell9/repos/industrial_training/exercises/Perception-Driven_Manipulation/ros2/solution_ws/install/pick_and_place_msgs/include/pick_and_place_msgs/pick_and_place_msgs/msg/rosidl_typesupport_fastrtps_cpp__visibility_control.h
-- Up-to-date: /home/jcampbell9/repos/industrial_training/exercises/Perception-Driven_Manipulation/ros2/solution_ws/install/pick_and_place_msgs/include/pick_and_place_msgs/pick_and_place_msgs/action
-- Up-to-date: /home/jcampbell9/repos/industrial_training/exercises/Perception-Driven_Manipulation/ros2/solution_ws/install/pick_and_place_msgs/include/pick_and_place_msgs/pick_and_place_msgs/action/detail
-- Up-to-date: /home/jcampbell9/repos/industrial_training/exercises/Perception-Driven_Manipulation/ros2/solution_ws/install/pick_and_place_msgs/include/pick_and_place_msgs/pick_and_place_msgs/action/detail/dds_fastrtps
-- Up-to-date: /home/jcampbell9/repos/industrial_training/exercises/Perception-Driven_Manipulation/ros2/solution_ws/install/pick_and_place_msgs/include/pick_and_place_msgs/pick_and_place_msgs/action/detail/execute_grasp_move__rosidl_typesupport_fastrtps_cpp.hpp
-- Up-to-date: /home/jcampbell9/repos/industrial_training/exercises/Perception-Driven_Manipulation/ros2/solution_ws/install/pick_and_place_msgs/include/pick_and_place_msgs/pick_and_place_msgs/srv
-- Up-to-date: /home/jcampbell9/repos/industrial_training/exercises/Perception-Driven_Manipulation/ros2/solution_ws/install/pick_and_place_msgs/include/pick_and_place_msgs/pick_and_place_msgs/srv/detail
-- Up-to-date: /home/jcampbell9/repos/industrial_training/exercises/Perception-Driven_Manipulation/ros2/solution_ws/install/pick_and_place_msgs/include/pick_and_place_msgs/pick_and_place_msgs/srv/detail/dds_fastrtps
-- Up-to-date: /home/jcampbell9/repos/industrial_training/exercises/Perception-Driven_Manipulation/ros2/solution_ws/install/pick_and_place_msgs/include/pick_and_place_msgs/pick_and_place_msgs/srv/detail/get_target_pose__rosidl_typesupport_fastrtps_cpp.hpp
-- Up-to-date: /home/jcampbell9/repos/industrial_training/exercises/Perception-Driven_Manipulation/ros2/solution_ws/install/pick_and_place_msgs/lib/libpick_and_place_msgs__rosidl_typesupport_fastrtps_cpp.so
-- Up-to-date: /home/jcampbell9/repos/industrial_training/exercises/Perception-Driven_Manipulation/ros2/solution_ws/install/pick_and_place_msgs/include/pick_and_place_msgs/pick_and_place_msgs
-- Up-to-date: /home/jcampbell9/repos/industrial_training/exercises/Perception-Driven_Manipulation/ros2/solution_ws/install/pick_and_place_msgs/include/pick_and_place_msgs/pick_and_place_msgs/msg
-- Up-to-date: /home/jcampbell9/repos/industrial_training/exercises/Perception-Driven_Manipulation/ros2/solution_ws/install/pick_and_place_msgs/include/pick_and_place_msgs/pick_and_place_msgs/msg/rosidl_typesupport_introspection_c__visibility_control.h
-- Up-to-date: /home/jcampbell9/repos/industrial_training/exercises/Perception-Driven_Manipulation/ros2/solution_ws/install/pick_and_place_msgs/include/pick_and_place_msgs/pick_and_place_msgs/action
-- Up-to-date: /home/jcampbell9/repos/industrial_training/exercises/Perception-Driven_Manipulation/ros2/solution_ws/install/pick_and_place_msgs/include/pick_and_place_msgs/pick_and_place_msgs/action/detail
-- Up-to-date: /home/jcampbell9/repos/industrial_training/exercises/Perception-Driven_Manipulation/ros2/solution_ws/install/pick_and_place_msgs/include/pick_and_place_msgs/pick_and_place_msgs/action/detail/execute_grasp_move__type_support.c
-- Up-to-date: /home/jcampbell9/repos/industrial_training/exercises/Perception-Driven_Manipulation/ros2/solution_ws/install/pick_and_place_msgs/include/pick_and_place_msgs/pick_and_place_msgs/action/detail/execute_grasp_move__rosidl_typesupport_introspection_c.h
-- Up-to-date: /home/jcampbell9/repos/industrial_training/exercises/Perception-Driven_Manipulation/ros2/solution_ws/install/pick_and_place_msgs/include/pick_and_place_msgs/pick_and_place_msgs/srv
-- Up-to-date: /home/jcampbell9/repos/industrial_training/exercises/Perception-Driven_Manipulation/ros2/solution_ws/install/pick_and_place_msgs/include/pick_and_place_msgs/pick_and_place_msgs/srv/detail
-- Up-to-date: /home/jcampbell9/repos/industrial_training/exercises/Perception-Driven_Manipulation/ros2/solution_ws/install/pick_and_place_msgs/include/pick_and_place_msgs/pick_and_place_msgs/srv/detail/get_target_pose__type_support.c
-- Up-to-date: /home/jcampbell9/repos/industrial_training/exercises/Perception-Driven_Manipulation/ros2/solution_ws/install/pick_and_place_msgs/include/pick_and_place_msgs/pick_and_place_msgs/srv/detail/get_target_pose__rosidl_typesupport_introspection_c.h
-- Up-to-date: /home/jcampbell9/repos/industrial_training/exercises/Perception-Driven_Manipulation/ros2/solution_ws/install/pick_and_place_msgs/lib/libpick_and_place_msgs__rosidl_typesupport_introspection_c.so
-- Up-to-date: /home/jcampbell9/repos/industrial_training/exercises/Perception-Driven_Manipulation/ros2/solution_ws/install/pick_and_place_msgs/lib/libpick_and_place_msgs__rosidl_typesupport_c.so
-- Up-to-date: /home/jcampbell9/repos/industrial_training/exercises/Perception-Driven_Manipulation/ros2/solution_ws/install/pick_and_place_msgs/include/pick_and_place_msgs/pick_and_place_msgs
-- Up-to-date: /home/jcampbell9/repos/industrial_training/exercises/Perception-Driven_Manipulation/ros2/solution_ws/install/pick_and_place_msgs/include/pick_and_place_msgs/pick_and_place_msgs/action
-- Up-to-date: /home/jcampbell9/repos/industrial_training/exercises/Perception-Driven_Manipulation/ros2/solution_ws/install/pick_and_place_msgs/include/pick_and_place_msgs/pick_and_place_msgs/action/detail
-- Up-to-date: /home/jcampbell9/repos/industrial_training/exercises/Perception-Driven_Manipulation/ros2/solution_ws/install/pick_and_place_msgs/include/pick_and_place_msgs/pick_and_place_msgs/action/detail/execute_grasp_move__rosidl_typesupport_introspection_cpp.hpp
-- Up-to-date: /home/jcampbell9/repos/industrial_training/exercises/Perception-Driven_Manipulation/ros2/solution_ws/install/pick_and_place_msgs/include/pick_and_place_msgs/pick_and_place_msgs/action/detail/execute_grasp_move__type_support.cpp
-- Up-to-date: /home/jcampbell9/repos/industrial_training/exercises/Perception-Driven_Manipulation/ros2/solution_ws/install/pick_and_place_msgs/include/pick_and_place_msgs/pick_and_place_msgs/srv
-- Up-to-date: /home/jcampbell9/repos/industrial_training/exercises/Perception-Driven_Manipulation/ros2/solution_ws/install/pick_and_place_msgs/include/pick_and_place_msgs/pick_and_place_msgs/srv/detail
-- Up-to-date: /home/jcampbell9/repos/industrial_training/exercises/Perception-Driven_Manipulation/ros2/solution_ws/install/pick_and_place_msgs/include/pick_and_place_msgs/pick_and_place_msgs/srv/detail/get_target_pose__rosidl_typesupport_introspection_cpp.hpp
-- Up-to-date: /home/jcampbell9/repos/industrial_training/exercises/Perception-Driven_Manipulation/ros2/solution_ws/install/pick_and_place_msgs/include/pick_and_place_msgs/pick_and_place_msgs/srv/detail/get_target_pose__type_support.cpp
-- Up-to-date: /home/jcampbell9/repos/industrial_training/exercises/Perception-Driven_Manipulation/ros2/solution_ws/install/pick_and_place_msgs/lib/libpick_and_place_msgs__rosidl_typesupport_introspection_cpp.so
-- Up-to-date: /home/jcampbell9/repos/industrial_training/exercises/Perception-Driven_Manipulation/ros2/solution_ws/install/pick_and_place_msgs/lib/libpick_and_place_msgs__rosidl_typesupport_cpp.so
-- Up-to-date: /home/jcampbell9/repos/industrial_training/exercises/Perception-Driven_Manipulation/ros2/solution_ws/install/pick_and_place_msgs/share/pick_and_place_msgs/environment/pythonpath.sh
-- Up-to-date: /home/jcampbell9/repos/industrial_training/exercises/Perception-Driven_Manipulation/ros2/solution_ws/install/pick_and_place_msgs/share/pick_and_place_msgs/environment/pythonpath.dsv
-- Up-to-date: /home/jcampbell9/repos/industrial_training/exercises/Perception-Driven_Manipulation/ros2/solution_ws/install/pick_and_place_msgs/local/lib/python3.10/dist-packages/pick_and_place_msgs-0.0.0-py3.10.egg-info
-- Installing: /home/jcampbell9/repos/industrial_training/exercises/Perception-Driven_Manipulation/ros2/solution_ws/install/pick_and_place_msgs/local/lib/python3.10/dist-packages/pick_and_place_msgs-0.0.0-py3.10.egg-info/SOURCES.txt
-- Installing: /home/jcampbell9/repos/industrial_training/exercises/Perception-Driven_Manipulation/ros2/solution_ws/install/pick_and_place_msgs/local/lib/python3.10/dist-packages/pick_and_place_msgs-0.0.0-py3.10.egg-info/top_level.txt
-- Installing: /home/jcampbell9/repos/industrial_training/exercises/Perception-Driven_Manipulation/ros2/solution_ws/install/pick_and_place_msgs/local/lib/python3.10/dist-packages/pick_and_place_msgs-0.0.0-py3.10.egg-info/dependency_links.txt
-- Installing: /home/jcampbell9/repos/industrial_training/exercises/Perception-Driven_Manipulation/ros2/solution_ws/install/pick_and_place_msgs/local/lib/python3.10/dist-packages/pick_and_place_msgs-0.0.0-py3.10.egg-info/PKG-INFO
-- Up-to-date: /home/jcampbell9/repos/industrial_training/exercises/Perception-Driven_Manipulation/ros2/solution_ws/install/pick_and_place_msgs/local/lib/python3.10/dist-packages/pick_and_place_msgs
-- Up-to-date: /home/jcampbell9/repos/industrial_training/exercises/Perception-Driven_Manipulation/ros2/solution_ws/install/pick_and_place_msgs/local/lib/python3.10/dist-packages/pick_and_place_msgs/_pick_and_place_msgs_s.ep.rosidl_typesupport_c.c
-- Up-to-date: /home/jcampbell9/repos/industrial_training/exercises/Perception-Driven_Manipulation/ros2/solution_ws/install/pick_and_place_msgs/local/lib/python3.10/dist-packages/pick_and_place_msgs/__init__.py
-- Up-to-date: /home/jcampbell9/repos/industrial_training/exercises/Perception-Driven_Manipulation/ros2/solution_ws/install/pick_and_place_msgs/local/lib/python3.10/dist-packages/pick_and_place_msgs/_pick_and_place_msgs_s.ep.rosidl_typesupport_introspection_c.c
-- Up-to-date: /home/jcampbell9/repos/industrial_training/exercises/Perception-Driven_Manipulation/ros2/solution_ws/install/pick_and_place_msgs/local/lib/python3.10/dist-packages/pick_and_place_msgs/pick_and_place_msgs_s__rosidl_typesupport_fastrtps_c.cpython-310-x86_64-linux-gnu.so
-- Up-to-date: /home/jcampbell9/repos/industrial_training/exercises/Perception-Driven_Manipulation/ros2/solution_ws/install/pick_and_place_msgs/local/lib/python3.10/dist-packages/pick_and_place_msgs/_pick_and_place_msgs_s.ep.rosidl_typesupport_fastrtps_c.c
-- Up-to-date: /home/jcampbell9/repos/industrial_training/exercises/Perception-Driven_Manipulation/ros2/solution_ws/install/pick_and_place_msgs/local/lib/python3.10/dist-packages/pick_and_place_msgs/pick_and_place_msgs_s__rosidl_typesupport_c.cpython-310-x86_64-linux-gnu.so
-- Up-to-date: /home/jcampbell9/repos/industrial_training/exercises/Perception-Driven_Manipulation/ros2/solution_ws/install/pick_and_place_msgs/local/lib/python3.10/dist-packages/pick_and_place_msgs/action
-- Up-to-date: /home/jcampbell9/repos/industrial_training/exercises/Perception-Driven_Manipulation/ros2/solution_ws/install/pick_and_place_msgs/local/lib/python3.10/dist-packages/pick_and_place_msgs/action/__init__.py
-- Up-to-date: /home/jcampbell9/repos/industrial_training/exercises/Perception-Driven_Manipulation/ros2/solution_ws/install/pick_and_place_msgs/local/lib/python3.10/dist-packages/pick_and_place_msgs/action/_execute_grasp_move.py
-- Up-to-date: /home/jcampbell9/repos/industrial_training/exercises/Perception-Driven_Manipulation/ros2/solution_ws/install/pick_and_place_msgs/local/lib/python3.10/dist-packages/pick_and_place_msgs/action/_execute_grasp_move_s.c
-- Up-to-date: /home/jcampbell9/repos/industrial_training/exercises/Perception-Driven_Manipulation/ros2/solution_ws/install/pick_and_place_msgs/local/lib/python3.10/dist-packages/pick_and_place_msgs/libpick_and_place_msgs__rosidl_generator_py.so
-- Up-to-date: /home/jcampbell9/repos/industrial_training/exercises/Perception-Driven_Manipulation/ros2/solution_ws/install/pick_and_place_msgs/local/lib/python3.10/dist-packages/pick_and_place_msgs/srv
-- Up-to-date: /home/jcampbell9/repos/industrial_training/exercises/Perception-Driven_Manipulation/ros2/solution_ws/install/pick_and_place_msgs/local/lib/python3.10/dist-packages/pick_and_place_msgs/srv/__init__.py
-- Up-to-date: /home/jcampbell9/repos/industrial_training/exercises/Perception-Driven_Manipulation/ros2/solution_ws/install/pick_and_place_msgs/local/lib/python3.10/dist-packages/pick_and_place_msgs/srv/_get_target_pose_s.c
-- Up-to-date: /home/jcampbell9/repos/industrial_training/exercises/Perception-Driven_Manipulation/ros2/solution_ws/install/pick_and_place_msgs/local/lib/python3.10/dist-packages/pick_and_place_msgs/srv/_get_target_pose.py
-- Up-to-date: /home/jcampbell9/repos/industrial_training/exercises/Perception-Driven_Manipulation/ros2/solution_ws/install/pick_and_place_msgs/local/lib/python3.10/dist-packages/pick_and_place_msgs/pick_and_place_msgs_s__rosidl_typesupport_introspection_c.cpython-310-x86_64-linux-gnu.so
Listing '/home/jcampbell9/repos/industrial_training/exercises/Perception-Driven_Manipulation/ros2/solution_ws/install/pick_and_place_msgs/local/lib/python3.10/dist-packages/pick_and_place_msgs'...
Listing '/home/jcampbell9/repos/industrial_training/exercises/Perception-Driven_Manipulation/ros2/solution_ws/install/pick_and_place_msgs/local/lib/python3.10/dist-packages/pick_and_place_msgs/action'...
Listing '/home/jcampbell9/repos/industrial_training/exercises/Perception-Driven_Manipulation/ros2/solution_ws/install/pick_and_place_msgs/local/lib/python3.10/dist-packages/pick_and_place_msgs/srv'...
-- Up-to-date: /home/jcampbell9/repos/industrial_training/exercises/Perception-Driven_Manipulation/ros2/solution_ws/install/pick_and_place_msgs/local/lib/python3.10/dist-packages/pick_and_place_msgs/pick_and_place_msgs_s__rosidl_typesupport_fastrtps_c.cpython-310-x86_64-linux-gnu.so
-- Up-to-date: /home/jcampbell9/repos/industrial_training/exercises/Perception-Driven_Manipulation/ros2/solution_ws/install/pick_and_place_msgs/local/lib/python3.10/dist-packages/pick_and_place_msgs/pick_and_place_msgs_s__rosidl_typesupport_introspection_c.cpython-310-x86_64-linux-gnu.so
-- Up-to-date: /home/jcampbell9/repos/industrial_training/exercises/Perception-Driven_Manipulation/ros2/solution_ws/install/pick_and_place_msgs/local/lib/python3.10/dist-packages/pick_and_place_msgs/pick_and_place_msgs_s__rosidl_typesupport_c.cpython-310-x86_64-linux-gnu.so
-- Up-to-date: /home/jcampbell9/repos/industrial_training/exercises/Perception-Driven_Manipulation/ros2/solution_ws/install/pick_and_place_msgs/lib/libpick_and_place_msgs__rosidl_generator_py.so
-- Up-to-date: /home/jcampbell9/repos/industrial_training/exercises/Perception-Driven_Manipulation/ros2/solution_ws/install/pick_and_place_msgs/share/pick_and_place_msgs/srv/GetTargetPose.idl
-- Up-to-date: /home/jcampbell9/repos/industrial_training/exercises/Perception-Driven_Manipulation/ros2/solution_ws/install/pick_and_place_msgs/share/pick_and_place_msgs/action/ExecuteGraspMove.idl
-- Up-to-date: /home/jcampbell9/repos/industrial_training/exercises/Perception-Driven_Manipulation/ros2/solution_ws/install/pick_and_place_msgs/share/pick_and_place_msgs/srv/GetTargetPose.srv
-- Up-to-date: /home/jcampbell9/repos/industrial_training/exercises/Perception-Driven_Manipulation/ros2/solution_ws/install/pick_and_place_msgs/share/pick_and_place_msgs/srv/GetTargetPose_Request.msg
-- Up-to-date: /home/jcampbell9/repos/industrial_training/exercises/Perception-Driven_Manipulation/ros2/solution_ws/install/pick_and_place_msgs/share/pick_and_place_msgs/srv/GetTargetPose_Response.msg
-- Up-to-date: /home/jcampbell9/repos/industrial_training/exercises/Perception-Driven_Manipulation/ros2/solution_ws/install/pick_and_place_msgs/share/pick_and_place_msgs/action/ExecuteGraspMove.action
-- Up-to-date: /home/jcampbell9/repos/industrial_training/exercises/Perception-Driven_Manipulation/ros2/solution_ws/install/pick_and_place_msgs/share/ament_index/resource_index/package_run_dependencies/pick_and_place_msgs
-- Up-to-date: /home/jcampbell9/repos/industrial_training/exercises/Perception-Driven_Manipulation/ros2/solution_ws/install/pick_and_place_msgs/share/ament_index/resource_index/parent_prefix_path/pick_and_place_msgs
-- Up-to-date: /home/jcampbell9/repos/industrial_training/exercises/Perception-Driven_Manipulation/ros2/solution_ws/install/pick_and_place_msgs/share/pick_and_place_msgs/environment/ament_prefix_path.sh
-- Up-to-date: /home/jcampbell9/repos/industrial_training/exercises/Perception-Driven_Manipulation/ros2/solution_ws/install/pick_and_place_msgs/share/pick_and_place_msgs/environment/ament_prefix_path.dsv
-- Up-to-date: /home/jcampbell9/repos/industrial_training/exercises/Perception-Driven_Manipulation/ros2/solution_ws/install/pick_and_place_msgs/share/pick_and_place_msgs/environment/path.sh
-- Up-to-date: /home/jcampbell9/repos/industrial_training/exercises/Perception-Driven_Manipulation/ros2/solution_ws/install/pick_and_place_msgs/share/pick_and_place_msgs/environment/path.dsv
-- Up-to-date: /home/jcampbell9/repos/industrial_training/exercises/Perception-Driven_Manipulation/ros2/solution_ws/install/pick_and_place_msgs/share/pick_and_place_msgs/local_setup.bash
-- Up-to-date: /home/jcampbell9/repos/industrial_training/exercises/Perception-Driven_Manipulation/ros2/solution_ws/install/pick_and_place_msgs/share/pick_and_place_msgs/local_setup.sh
-- Up-to-date: /home/jcampbell9/repos/industrial_training/exercises/Perception-Driven_Manipulation/ros2/solution_ws/install/pick_and_place_msgs/share/pick_and_place_msgs/local_setup.zsh
-- Up-to-date: /home/jcampbell9/repos/industrial_training/exercises/Perception-Driven_Manipulation/ros2/solution_ws/install/pick_and_place_msgs/share/pick_and_place_msgs/local_setup.dsv
-- Installing: /home/jcampbell9/repos/industrial_training/exercises/Perception-Driven_Manipulation/ros2/solution_ws/install/pick_and_place_msgs/share/pick_and_place_msgs/package.dsv
-- Up-to-date: /home/jcampbell9/repos/industrial_training/exercises/Perception-Driven_Manipulation/ros2/solution_ws/install/pick_and_place_msgs/share/ament_index/resource_index/packages/pick_and_place_msgs
-- Up-to-date: /home/jcampbell9/repos/industrial_training/exercises/Perception-Driven_Manipulation/ros2/solution_ws/install/pick_and_place_msgs/share/pick_and_place_msgs/cmake/export_pick_and_place_msgs__rosidl_generator_cExport.cmake
-- Up-to-date: /home/jcampbell9/repos/industrial_training/exercises/Perception-Driven_Manipulation/ros2/solution_ws/install/pick_and_place_msgs/share/pick_and_place_msgs/cmake/export_pick_and_place_msgs__rosidl_generator_cExport-noconfig.cmake
-- Up-to-date: /home/jcampbell9/repos/industrial_training/exercises/Perception-Driven_Manipulation/ros2/solution_ws/install/pick_and_place_msgs/share/pick_and_place_msgs/cmake/export_pick_and_place_msgs__rosidl_typesupport_fastrtps_cExport.cmake
-- Up-to-date: /home/jcampbell9/repos/industrial_training/exercises/Perception-Driven_Manipulation/ros2/solution_ws/install/pick_and_place_msgs/share/pick_and_place_msgs/cmake/export_pick_and_place_msgs__rosidl_typesupport_fastrtps_cExport-noconfig.cmake
-- Up-to-date: /home/jcampbell9/repos/industrial_training/exercises/Perception-Driven_Manipulation/ros2/solution_ws/install/pick_and_place_msgs/share/pick_and_place_msgs/cmake/export_pick_and_place_msgs__rosidl_generator_cppExport.cmake
-- Up-to-date: /home/jcampbell9/repos/industrial_training/exercises/Perception-Driven_Manipulation/ros2/solution_ws/install/pick_and_place_msgs/share/pick_and_place_msgs/cmake/export_pick_and_place_msgs__rosidl_typesupport_fastrtps_cppExport.cmake
-- Up-to-date: /home/jcampbell9/repos/industrial_training/exercises/Perception-Driven_Manipulation/ros2/solution_ws/install/pick_and_place_msgs/share/pick_and_place_msgs/cmake/export_pick_and_place_msgs__rosidl_typesupport_fastrtps_cppExport-noconfig.cmake
-- Up-to-date: /home/jcampbell9/repos/industrial_training/exercises/Perception-Driven_Manipulation/ros2/solution_ws/install/pick_and_place_msgs/share/pick_and_place_msgs/cmake/pick_and_place_msgs__rosidl_typesupport_introspection_cExport.cmake
-- Up-to-date: /home/jcampbell9/repos/industrial_training/exercises/Perception-Driven_Manipulation/ros2/solution_ws/install/pick_and_place_msgs/share/pick_and_place_msgs/cmake/pick_and_place_msgs__rosidl_typesupport_introspection_cExport-noconfig.cmake
-- Up-to-date: /home/jcampbell9/repos/industrial_training/exercises/Perception-Driven_Manipulation/ros2/solution_ws/install/pick_and_place_msgs/share/pick_and_place_msgs/cmake/pick_and_place_msgs__rosidl_typesupport_cExport.cmake
-- Up-to-date: /home/jcampbell9/repos/industrial_training/exercises/Perception-Driven_Manipulation/ros2/solution_ws/install/pick_and_place_msgs/share/pick_and_place_msgs/cmake/pick_and_place_msgs__rosidl_typesupport_cExport-noconfig.cmake
-- Up-to-date: /home/jcampbell9/repos/industrial_training/exercises/Perception-Driven_Manipulation/ros2/solution_ws/install/pick_and_place_msgs/share/pick_and_place_msgs/cmake/pick_and_place_msgs__rosidl_typesupport_introspection_cppExport.cmake
-- Up-to-date: /home/jcampbell9/repos/industrial_training/exercises/Perception-Driven_Manipulation/ros2/solution_ws/install/pick_and_place_msgs/share/pick_and_place_msgs/cmake/pick_and_place_msgs__rosidl_typesupport_introspection_cppExport-noconfig.cmake
-- Up-to-date: /home/jcampbell9/repos/industrial_training/exercises/Perception-Driven_Manipulation/ros2/solution_ws/install/pick_and_place_msgs/share/pick_and_place_msgs/cmake/pick_and_place_msgs__rosidl_typesupport_cppExport.cmake
-- Up-to-date: /home/jcampbell9/repos/industrial_training/exercises/Perception-Driven_Manipulation/ros2/solution_ws/install/pick_and_place_msgs/share/pick_and_place_msgs/cmake/pick_and_place_msgs__rosidl_typesupport_cppExport-noconfig.cmake
-- Up-to-date: /home/jcampbell9/repos/industrial_training/exercises/Perception-Driven_Manipulation/ros2/solution_ws/install/pick_and_place_msgs/share/pick_and_place_msgs/cmake/export_pick_and_place_msgs__rosidl_generator_pyExport.cmake
-- Up-to-date: /home/jcampbell9/repos/industrial_training/exercises/Perception-Driven_Manipulation/ros2/solution_ws/install/pick_and_place_msgs/share/pick_and_place_msgs/cmake/export_pick_and_place_msgs__rosidl_generator_pyExport-noconfig.cmake
-- Up-to-date: /home/jcampbell9/repos/industrial_training/exercises/Perception-Driven_Manipulation/ros2/solution_ws/install/pick_and_place_msgs/share/pick_and_place_msgs/cmake/rosidl_cmake-extras.cmake
-- Up-to-date: /home/jcampbell9/repos/industrial_training/exercises/Perception-Driven_Manipulation/ros2/solution_ws/install/pick_and_place_msgs/share/pick_and_place_msgs/cmake/ament_cmake_export_dependencies-extras.cmake
-- Up-to-date: /home/jcampbell9/repos/industrial_training/exercises/Perception-Driven_Manipulation/ros2/solution_ws/install/pick_and_place_msgs/share/pick_and_place_msgs/cmake/ament_cmake_export_include_directories-extras.cmake
-- Up-to-date: /home/jcampbell9/repos/industrial_training/exercises/Perception-Driven_Manipulation/ros2/solution_ws/install/pick_and_place_msgs/share/pick_and_place_msgs/cmake/ament_cmake_export_libraries-extras.cmake
-- Up-to-date: /home/jcampbell9/repos/industrial_training/exercises/Perception-Driven_Manipulation/ros2/solution_ws/install/pick_and_place_msgs/share/pick_and_place_msgs/cmake/ament_cmake_export_targets-extras.cmake
-- Up-to-date: /home/jcampbell9/repos/industrial_training/exercises/Perception-Driven_Manipulation/ros2/solution_ws/install/pick_and_place_msgs/share/pick_and_place_msgs/cmake/rosidl_cmake_export_typesupport_targets-extras.cmake
-- Up-to-date: /home/jcampbell9/repos/industrial_training/exercises/Perception-Driven_Manipulation/ros2/solution_ws/install/pick_and_place_msgs/share/pick_and_place_msgs/cmake/rosidl_cmake_export_typesupport_libraries-extras.cmake
-- Up-to-date: /home/jcampbell9/repos/industrial_training/exercises/Perception-Driven_Manipulation/ros2/solution_ws/install/pick_and_place_msgs/share/pick_and_place_msgs/cmake/pick_and_place_msgsConfig.cmake
-- Up-to-date: /home/jcampbell9/repos/industrial_training/exercises/Perception-Driven_Manipulation/ros2/solution_ws/install/pick_and_place_msgs/share/pick_and_place_msgs/cmake/pick_and_place_msgsConfig-version.cmake
-- Up-to-date: /home/jcampbell9/repos/industrial_training/exercises/Perception-Driven_Manipulation/ros2/solution_ws/install/pick_and_place_msgs/share/pick_and_place_msgs/package.xml
