/usr/lib/python3/dist-packages/setuptools/dist.py:723: UserWarning: Usage of dash-separated 'script-dir' will not be supported in future versions. Please use the underscore name 'script_dir' instead
  warnings.warn(
running egg_info
writing ../../build/industrial_moveit2_utils/industrial_moveit2_utils.egg-info/PKG-INFO
writing dependency_links to ../../build/industrial_moveit2_utils/industrial_moveit2_utils.egg-info/dependency_links.txt
writing entry points to ../../build/industrial_moveit2_utils/industrial_moveit2_utils.egg-info/entry_points.txt
writing requirements to ../../build/industrial_moveit2_utils/industrial_moveit2_utils.egg-info/requires.txt
writing top-level names to ../../build/industrial_moveit2_utils/industrial_moveit2_utils.egg-info/top_level.txt
reading manifest file '../../build/industrial_moveit2_utils/industrial_moveit2_utils.egg-info/SOURCES.txt'
writing manifest file '../../build/industrial_moveit2_utils/industrial_moveit2_utils.egg-info/SOURCES.txt'
running build
running build_py
running install
running install_lib
running install_data
running install_egg_info
removing '/home/jcampbell9/repos/industrial_training/exercises/Perception-Driven_Manipulation/ros2/solution_ws/install/industrial_moveit2_utils/lib/python3.10/site-packages/industrial_moveit2_utils-0.0.0-py3.10.egg-info' (and everything under it)
Copying ../../build/industrial_moveit2_utils/industrial_moveit2_utils.egg-info to /home/jcampbell9/repos/industrial_training/exercises/Perception-Driven_Manipulation/ros2/solution_ws/install/industrial_moveit2_utils/lib/python3.10/site-packages/industrial_moveit2_utils-0.0.0-py3.10.egg-info
running install_scripts
writing list of installed files to '/home/jcampbell9/repos/industrial_training/exercises/Perception-Driven_Manipulation/ros2/solution_ws/build/industrial_moveit2_utils/install.log'
