[0.153s] DEBUG:colcon:Command line arguments: ['/usr/bin/colcon', 'build']
[0.153s] DEBUG:colcon:Parsed command line arguments: Namespace(log_base=None, log_level=None, verb_name='build', build_base='build', install_base='install', merge_install=False, symlink_install=False, test_result_base=None, continue_on_error=False, executor='parallel', parallel_workers=16, event_handlers=None, ignore_user_meta=False, metas=['./colcon.meta'], base_paths=['.'], packages_ignore=None, packages_ignore_regex=None, paths=None, packages_up_to=None, packages_up_to_regex=None, packages_above=None, packages_above_and_dependencies=None, packages_above_depth=None, packages_select_by_dep=None, packages_skip_by_dep=None, packages_skip_up_to=None, packages_select_build_failed=False, packages_skip_build_finished=False, packages_select_test_failures=False, packages_skip_test_passed=False, packages_select=None, packages_skip=None, packages_select_regex=None, packages_skip_regex=None, packages_start=None, packages_end=None, allow_overriding=[], cmake_args=None, cmake_target=None, cmake_target_skip_unavailable=False, cmake_clean_cache=False, cmake_clean_first=False, cmake_force_configure=False, ament_cmake_args=None, catkin_cmake_args=None, catkin_skip_building_tests=False, mixin_files=None, mixin=None, verb_parser=<colcon_mixin.mixin.mixin_argument.MixinArgumentDecorator object at 0x7f93b50163b0>, verb_extension=<colcon_core.verb.build.BuildVerb object at 0x7f93b5015e70>, main=<bound method BuildVerb.main of <colcon_core.verb.build.BuildVerb object at 0x7f93b5015e70>>, mixin_verb=('build',))
[0.287s] Level 1:colcon.colcon_core.package_discovery:discover_packages(colcon_meta) check parameters
[0.287s] Level 1:colcon.colcon_core.package_discovery:discover_packages(recursive) check parameters
[0.287s] Level 1:colcon.colcon_core.package_discovery:discover_packages(ignore) check parameters
[0.287s] Level 1:colcon.colcon_core.package_discovery:discover_packages(path) check parameters
[0.287s] Level 1:colcon.colcon_core.package_discovery:discover_packages(colcon_meta) discover
[0.287s] Level 1:colcon.colcon_core.package_discovery:discover_packages(recursive) discover
[0.287s] INFO:colcon.colcon_core.package_discovery:Crawling recursively for packages in '/home/jcampbell9/repos/industrial_training/exercises/Perception-Driven_Manipulation/ros2/solution_ws'
[0.287s] Level 1:colcon.colcon_core.package_identification:_identify(.) by extensions ['ignore', 'ignore_ament_install']
[0.287s] Level 1:colcon.colcon_core.package_identification:_identify(.) by extension 'ignore'
[0.287s] Level 1:colcon.colcon_core.package_identification:_identify(.) by extension 'ignore_ament_install'
[0.287s] Level 1:colcon.colcon_core.package_identification:_identify(.) by extensions ['colcon_pkg']
[0.287s] Level 1:colcon.colcon_core.package_identification:_identify(.) by extension 'colcon_pkg'
[0.288s] Level 1:colcon.colcon_core.package_identification:_identify(.) by extensions ['colcon_meta']
[0.288s] Level 1:colcon.colcon_core.package_identification:_identify(.) by extension 'colcon_meta'
[0.288s] Level 1:colcon.colcon_core.package_identification:_identify(.) by extensions ['ros']
[0.288s] Level 1:colcon.colcon_core.package_identification:_identify(.) by extension 'ros'
[0.297s] Level 1:colcon.colcon_core.package_identification:_identify(.) by extensions ['cmake', 'python']
[0.297s] Level 1:colcon.colcon_core.package_identification:_identify(.) by extension 'cmake'
[0.297s] Level 1:colcon.colcon_core.package_identification:_identify(.) by extension 'python'
[0.297s] Level 1:colcon.colcon_core.package_identification:_identify(.) by extensions ['python_setup_py']
[0.297s] Level 1:colcon.colcon_core.package_identification:_identify(.) by extension 'python_setup_py'
[0.297s] Level 1:colcon.colcon_core.package_identification:_identify(build) by extensions ['ignore', 'ignore_ament_install']
[0.297s] Level 1:colcon.colcon_core.package_identification:_identify(build) by extension 'ignore'
[0.297s] Level 1:colcon.colcon_core.package_identification:_identify(build) ignored
[0.298s] Level 1:colcon.colcon_core.package_identification:_identify(install) by extensions ['ignore', 'ignore_ament_install']
[0.298s] Level 1:colcon.colcon_core.package_identification:_identify(install) by extension 'ignore'
[0.298s] Level 1:colcon.colcon_core.package_identification:_identify(install) ignored
[0.298s] Level 1:colcon.colcon_core.package_identification:_identify(log) by extensions ['ignore', 'ignore_ament_install']
[0.298s] Level 1:colcon.colcon_core.package_identification:_identify(log) by extension 'ignore'
[0.298s] Level 1:colcon.colcon_core.package_identification:_identify(log) ignored
[0.298s] Level 1:colcon.colcon_core.package_identification:_identify(src) by extensions ['ignore', 'ignore_ament_install']
[0.298s] Level 1:colcon.colcon_core.package_identification:_identify(src) by extension 'ignore'
[0.298s] Level 1:colcon.colcon_core.package_identification:_identify(src) by extension 'ignore_ament_install'
[0.298s] Level 1:colcon.colcon_core.package_identification:_identify(src) by extensions ['colcon_pkg']
[0.298s] Level 1:colcon.colcon_core.package_identification:_identify(src) by extension 'colcon_pkg'
[0.298s] Level 1:colcon.colcon_core.package_identification:_identify(src) by extensions ['colcon_meta']
[0.298s] Level 1:colcon.colcon_core.package_identification:_identify(src) by extension 'colcon_meta'
[0.298s] Level 1:colcon.colcon_core.package_identification:_identify(src) by extensions ['ros']
[0.298s] Level 1:colcon.colcon_core.package_identification:_identify(src) by extension 'ros'
[0.298s] Level 1:colcon.colcon_core.package_identification:_identify(src) by extensions ['cmake', 'python']
[0.298s] Level 1:colcon.colcon_core.package_identification:_identify(src) by extension 'cmake'
[0.298s] Level 1:colcon.colcon_core.package_identification:_identify(src) by extension 'python'
[0.298s] Level 1:colcon.colcon_core.package_identification:_identify(src) by extensions ['python_setup_py']
[0.298s] Level 1:colcon.colcon_core.package_identification:_identify(src) by extension 'python_setup_py'
[0.299s] Level 1:colcon.colcon_core.package_identification:_identify(src/industrial_moveit2_utils) by extensions ['ignore', 'ignore_ament_install']
[0.299s] Level 1:colcon.colcon_core.package_identification:_identify(src/industrial_moveit2_utils) by extension 'ignore'
[0.299s] Level 1:colcon.colcon_core.package_identification:_identify(src/industrial_moveit2_utils) by extension 'ignore_ament_install'
[0.299s] Level 1:colcon.colcon_core.package_identification:_identify(src/industrial_moveit2_utils) by extensions ['colcon_pkg']
[0.299s] Level 1:colcon.colcon_core.package_identification:_identify(src/industrial_moveit2_utils) by extension 'colcon_pkg'
[0.299s] Level 1:colcon.colcon_core.package_identification:_identify(src/industrial_moveit2_utils) by extensions ['colcon_meta']
[0.299s] Level 1:colcon.colcon_core.package_identification:_identify(src/industrial_moveit2_utils) by extension 'colcon_meta'
[0.299s] Level 1:colcon.colcon_core.package_identification:_identify(src/industrial_moveit2_utils) by extensions ['ros']
[0.299s] Level 1:colcon.colcon_core.package_identification:_identify(src/industrial_moveit2_utils) by extension 'ros'
[0.301s] DEBUG:colcon.colcon_core.package_identification:Package 'src/industrial_moveit2_utils' with type 'ros.ament_python' and name 'industrial_moveit2_utils'
[0.301s] Level 1:colcon.colcon_core.package_identification:_identify(src/pick_and_place_application) by extensions ['ignore', 'ignore_ament_install']
[0.301s] Level 1:colcon.colcon_core.package_identification:_identify(src/pick_and_place_application) by extension 'ignore'
[0.301s] Level 1:colcon.colcon_core.package_identification:_identify(src/pick_and_place_application) by extension 'ignore_ament_install'
[0.301s] Level 1:colcon.colcon_core.package_identification:_identify(src/pick_and_place_application) by extensions ['colcon_pkg']
[0.301s] Level 1:colcon.colcon_core.package_identification:_identify(src/pick_and_place_application) by extension 'colcon_pkg'
[0.301s] Level 1:colcon.colcon_core.package_identification:_identify(src/pick_and_place_application) by extensions ['colcon_meta']
[0.301s] Level 1:colcon.colcon_core.package_identification:_identify(src/pick_and_place_application) by extension 'colcon_meta'
[0.302s] Level 1:colcon.colcon_core.package_identification:_identify(src/pick_and_place_application) by extensions ['ros']
[0.302s] Level 1:colcon.colcon_core.package_identification:_identify(src/pick_and_place_application) by extension 'ros'
[0.302s] DEBUG:colcon.colcon_core.package_identification:Package 'src/pick_and_place_application' with type 'ros.ament_cmake' and name 'pick_and_place_application'
[0.302s] Level 1:colcon.colcon_core.package_identification:_identify(src/pick_and_place_msgs) by extensions ['ignore', 'ignore_ament_install']
[0.303s] Level 1:colcon.colcon_core.package_identification:_identify(src/pick_and_place_msgs) by extension 'ignore'
[0.303s] Level 1:colcon.colcon_core.package_identification:_identify(src/pick_and_place_msgs) by extension 'ignore_ament_install'
[0.303s] Level 1:colcon.colcon_core.package_identification:_identify(src/pick_and_place_msgs) by extensions ['colcon_pkg']
[0.303s] Level 1:colcon.colcon_core.package_identification:_identify(src/pick_and_place_msgs) by extension 'colcon_pkg'
[0.303s] Level 1:colcon.colcon_core.package_identification:_identify(src/pick_and_place_msgs) by extensions ['colcon_meta']
[0.303s] Level 1:colcon.colcon_core.package_identification:_identify(src/pick_and_place_msgs) by extension 'colcon_meta'
[0.303s] Level 1:colcon.colcon_core.package_identification:_identify(src/pick_and_place_msgs) by extensions ['ros']
[0.303s] Level 1:colcon.colcon_core.package_identification:_identify(src/pick_and_place_msgs) by extension 'ros'
[0.303s] DEBUG:colcon.colcon_core.package_identification:Package 'src/pick_and_place_msgs' with type 'ros.ament_cmake' and name 'pick_and_place_msgs'
[0.304s] Level 1:colcon.colcon_core.package_identification:_identify(src/robot_workcell_support) by extensions ['ignore', 'ignore_ament_install']
[0.304s] Level 1:colcon.colcon_core.package_identification:_identify(src/robot_workcell_support) by extension 'ignore'
[0.304s] Level 1:colcon.colcon_core.package_identification:_identify(src/robot_workcell_support) by extension 'ignore_ament_install'
[0.304s] Level 1:colcon.colcon_core.package_identification:_identify(src/robot_workcell_support) by extensions ['colcon_pkg']
[0.304s] Level 1:colcon.colcon_core.package_identification:_identify(src/robot_workcell_support) by extension 'colcon_pkg'
[0.304s] Level 1:colcon.colcon_core.package_identification:_identify(src/robot_workcell_support) by extensions ['colcon_meta']
[0.304s] Level 1:colcon.colcon_core.package_identification:_identify(src/robot_workcell_support) by extension 'colcon_meta'
[0.304s] Level 1:colcon.colcon_core.package_identification:_identify(src/robot_workcell_support) by extensions ['ros']
[0.304s] Level 1:colcon.colcon_core.package_identification:_identify(src/robot_workcell_support) by extension 'ros'
[0.304s] DEBUG:colcon.colcon_core.package_identification:Package 'src/robot_workcell_support' with type 'ros.ament_cmake' and name 'robot_workcell_support'
[0.305s] Level 1:colcon.colcon_core.package_identification:_identify(src/ur5_workcell_moveit2_config) by extensions ['ignore', 'ignore_ament_install']
[0.305s] Level 1:colcon.colcon_core.package_identification:_identify(src/ur5_workcell_moveit2_config) by extension 'ignore'
[0.305s] Level 1:colcon.colcon_core.package_identification:_identify(src/ur5_workcell_moveit2_config) by extension 'ignore_ament_install'
[0.305s] Level 1:colcon.colcon_core.package_identification:_identify(src/ur5_workcell_moveit2_config) by extensions ['colcon_pkg']
[0.305s] Level 1:colcon.colcon_core.package_identification:_identify(src/ur5_workcell_moveit2_config) by extension 'colcon_pkg'
[0.305s] Level 1:colcon.colcon_core.package_identification:_identify(src/ur5_workcell_moveit2_config) by extensions ['colcon_meta']
[0.305s] Level 1:colcon.colcon_core.package_identification:_identify(src/ur5_workcell_moveit2_config) by extension 'colcon_meta'
[0.305s] Level 1:colcon.colcon_core.package_identification:_identify(src/ur5_workcell_moveit2_config) by extensions ['ros']
[0.305s] Level 1:colcon.colcon_core.package_identification:_identify(src/ur5_workcell_moveit2_config) by extension 'ros'
[0.305s] DEBUG:colcon.colcon_core.package_identification:Package 'src/ur5_workcell_moveit2_config' with type 'ros.ament_cmake' and name 'ur5_workcell_moveit2_config'
[0.305s] Level 1:colcon.colcon_core.package_discovery:discover_packages(recursive) using defaults
[0.306s] Level 1:colcon.colcon_core.package_discovery:discover_packages(ignore) discover
[0.306s] Level 1:colcon.colcon_core.package_discovery:discover_packages(ignore) using defaults
[0.306s] Level 1:colcon.colcon_core.package_discovery:discover_packages(path) discover
[0.306s] Level 1:colcon.colcon_core.package_discovery:discover_packages(path) using defaults
[0.322s] Level 1:colcon.colcon_core.package_discovery:discover_packages(prefix_path) check parameters
[0.323s] Level 1:colcon.colcon_core.package_discovery:discover_packages(prefix_path) discover
[0.323s] WARNING:colcon.colcon_core.prefix_path.colcon:The path '/home/jcampbell9/repos/industrial_training/exercises/Perception-Driven_Manipulation/ros2/template_ws/install' in the environment variable COLCON_PREFIX_PATH doesn't exist
[0.323s] WARNING:colcon.colcon_ros.prefix_path.ament:The path '/home/jcampbell9/repos/industrial_training/exercises/Perception-Driven_Manipulation/ros2/template_ws/install/ur5_workcell_moveit2_config' in the environment variable AMENT_PREFIX_PATH doesn't exist
[0.324s] WARNING:colcon.colcon_ros.prefix_path.ament:The path '/home/jcampbell9/repos/industrial_training/exercises/Perception-Driven_Manipulation/ros2/template_ws/install/robot_workcell_support' in the environment variable AMENT_PREFIX_PATH doesn't exist
[0.324s] WARNING:colcon.colcon_ros.prefix_path.ament:The path '/home/jcampbell9/repos/industrial_training/exercises/Perception-Driven_Manipulation/ros2/template_ws/install/pick_and_place_msgs' in the environment variable AMENT_PREFIX_PATH doesn't exist
[0.324s] WARNING:colcon.colcon_ros.prefix_path.ament:The path '/home/jcampbell9/repos/industrial_training/exercises/Perception-Driven_Manipulation/ros2/template_ws/install/pick_and_place_application' in the environment variable AMENT_PREFIX_PATH doesn't exist
[0.324s] WARNING:colcon.colcon_ros.prefix_path.ament:The path '/home/jcampbell9/repos/industrial_training/exercises/Perception-Driven_Manipulation/ros2/template_ws/install/industrial_moveit2_utils' in the environment variable AMENT_PREFIX_PATH doesn't exist
[0.324s] WARNING:colcon.colcon_ros.prefix_path.catkin:The path '/home/jcampbell9/repos/industrial_training/exercises/Perception-Driven_Manipulation/ros2/template_ws/install/ur5_workcell_moveit2_config' in the environment variable CMAKE_PREFIX_PATH doesn't exist
[0.324s] WARNING:colcon.colcon_ros.prefix_path.catkin:The path '/home/jcampbell9/repos/industrial_training/exercises/Perception-Driven_Manipulation/ros2/template_ws/install/robot_workcell_support' in the environment variable CMAKE_PREFIX_PATH doesn't exist
[0.324s] WARNING:colcon.colcon_ros.prefix_path.catkin:The path '/home/jcampbell9/repos/industrial_training/exercises/Perception-Driven_Manipulation/ros2/template_ws/install/pick_and_place_msgs' in the environment variable CMAKE_PREFIX_PATH doesn't exist
[0.324s] WARNING:colcon.colcon_ros.prefix_path.catkin:The path '/home/jcampbell9/repos/industrial_training/exercises/Perception-Driven_Manipulation/ros2/template_ws/install/pick_and_place_application' in the environment variable CMAKE_PREFIX_PATH doesn't exist
[0.325s] DEBUG:colcon.colcon_installed_package_information.package_discovery:Found 5 installed packages in /home/jcampbell9/repos/industrial_training/exercises/Perception-Driven_Manipulation/ros2/solution_ws/install
[0.326s] DEBUG:colcon.colcon_installed_package_information.package_discovery:Found 364 installed packages in /opt/ros/humble
[0.329s] Level 1:colcon.colcon_core.package_discovery:discover_packages(prefix_path) using defaults
[0.386s] Level 5:colcon.colcon_core.verb:set package 'industrial_moveit2_utils' build argument 'cmake_args' from command line to 'None'
[0.386s] Level 5:colcon.colcon_core.verb:set package 'industrial_moveit2_utils' build argument 'cmake_target' from command line to 'None'
[0.386s] Level 5:colcon.colcon_core.verb:set package 'industrial_moveit2_utils' build argument 'cmake_target_skip_unavailable' from command line to 'False'
[0.386s] Level 5:colcon.colcon_core.verb:set package 'industrial_moveit2_utils' build argument 'cmake_clean_cache' from command line to 'False'
[0.386s] Level 5:colcon.colcon_core.verb:set package 'industrial_moveit2_utils' build argument 'cmake_clean_first' from command line to 'False'
[0.386s] Level 5:colcon.colcon_core.verb:set package 'industrial_moveit2_utils' build argument 'cmake_force_configure' from command line to 'False'
[0.386s] Level 5:colcon.colcon_core.verb:set package 'industrial_moveit2_utils' build argument 'ament_cmake_args' from command line to 'None'
[0.386s] Level 5:colcon.colcon_core.verb:set package 'industrial_moveit2_utils' build argument 'catkin_cmake_args' from command line to 'None'
[0.386s] Level 5:colcon.colcon_core.verb:set package 'industrial_moveit2_utils' build argument 'catkin_skip_building_tests' from command line to 'False'
[0.386s] DEBUG:colcon.colcon_core.verb:Building package 'industrial_moveit2_utils' with the following arguments: {'ament_cmake_args': None, 'build_base': '/home/jcampbell9/repos/industrial_training/exercises/Perception-Driven_Manipulation/ros2/solution_ws/build/industrial_moveit2_utils', 'catkin_cmake_args': None, 'catkin_skip_building_tests': False, 'cmake_args': None, 'cmake_clean_cache': False, 'cmake_clean_first': False, 'cmake_force_configure': False, 'cmake_target': None, 'cmake_target_skip_unavailable': False, 'install_base': '/home/jcampbell9/repos/industrial_training/exercises/Perception-Driven_Manipulation/ros2/solution_ws/install/industrial_moveit2_utils', 'merge_install': False, 'path': '/home/jcampbell9/repos/industrial_training/exercises/Perception-Driven_Manipulation/ros2/solution_ws/src/industrial_moveit2_utils', 'symlink_install': False, 'test_result_base': None}
[0.387s] Level 5:colcon.colcon_core.verb:set package 'pick_and_place_msgs' build argument 'cmake_args' from command line to 'None'
[0.387s] Level 5:colcon.colcon_core.verb:set package 'pick_and_place_msgs' build argument 'cmake_target' from command line to 'None'
[0.387s] Level 5:colcon.colcon_core.verb:set package 'pick_and_place_msgs' build argument 'cmake_target_skip_unavailable' from command line to 'False'
[0.387s] Level 5:colcon.colcon_core.verb:set package 'pick_and_place_msgs' build argument 'cmake_clean_cache' from command line to 'False'
[0.387s] Level 5:colcon.colcon_core.verb:set package 'pick_and_place_msgs' build argument 'cmake_clean_first' from command line to 'False'
[0.387s] Level 5:colcon.colcon_core.verb:set package 'pick_and_place_msgs' build argument 'cmake_force_configure' from command line to 'False'
[0.387s] Level 5:colcon.colcon_core.verb:set package 'pick_and_place_msgs' build argument 'ament_cmake_args' from command line to 'None'
[0.387s] Level 5:colcon.colcon_core.verb:set package 'pick_and_place_msgs' build argument 'catkin_cmake_args' from command line to 'None'
[0.387s] Level 5:colcon.colcon_core.verb:set package 'pick_and_place_msgs' build argument 'catkin_skip_building_tests' from command line to 'False'
[0.387s] DEBUG:colcon.colcon_core.verb:Building package 'pick_and_place_msgs' with the following arguments: {'ament_cmake_args': None, 'build_base': '/home/jcampbell9/repos/industrial_training/exercises/Perception-Driven_Manipulation/ros2/solution_ws/build/pick_and_place_msgs', 'catkin_cmake_args': None, 'catkin_skip_building_tests': False, 'cmake_args': None, 'cmake_clean_cache': False, 'cmake_clean_first': False, 'cmake_force_configure': False, 'cmake_target': None, 'cmake_target_skip_unavailable': False, 'install_base': '/home/jcampbell9/repos/industrial_training/exercises/Perception-Driven_Manipulation/ros2/solution_ws/install/pick_and_place_msgs', 'merge_install': False, 'path': '/home/jcampbell9/repos/industrial_training/exercises/Perception-Driven_Manipulation/ros2/solution_ws/src/pick_and_place_msgs', 'symlink_install': False, 'test_result_base': None}
[0.387s] Level 5:colcon.colcon_core.verb:set package 'robot_workcell_support' build argument 'cmake_args' from command line to 'None'
[0.387s] Level 5:colcon.colcon_core.verb:set package 'robot_workcell_support' build argument 'cmake_target' from command line to 'None'
[0.387s] Level 5:colcon.colcon_core.verb:set package 'robot_workcell_support' build argument 'cmake_target_skip_unavailable' from command line to 'False'
[0.387s] Level 5:colcon.colcon_core.verb:set package 'robot_workcell_support' build argument 'cmake_clean_cache' from command line to 'False'
[0.387s] Level 5:colcon.colcon_core.verb:set package 'robot_workcell_support' build argument 'cmake_clean_first' from command line to 'False'
[0.387s] Level 5:colcon.colcon_core.verb:set package 'robot_workcell_support' build argument 'cmake_force_configure' from command line to 'False'
[0.387s] Level 5:colcon.colcon_core.verb:set package 'robot_workcell_support' build argument 'ament_cmake_args' from command line to 'None'
[0.387s] Level 5:colcon.colcon_core.verb:set package 'robot_workcell_support' build argument 'catkin_cmake_args' from command line to 'None'
[0.387s] Level 5:colcon.colcon_core.verb:set package 'robot_workcell_support' build argument 'catkin_skip_building_tests' from command line to 'False'
[0.388s] DEBUG:colcon.colcon_core.verb:Building package 'robot_workcell_support' with the following arguments: {'ament_cmake_args': None, 'build_base': '/home/jcampbell9/repos/industrial_training/exercises/Perception-Driven_Manipulation/ros2/solution_ws/build/robot_workcell_support', 'catkin_cmake_args': None, 'catkin_skip_building_tests': False, 'cmake_args': None, 'cmake_clean_cache': False, 'cmake_clean_first': False, 'cmake_force_configure': False, 'cmake_target': None, 'cmake_target_skip_unavailable': False, 'install_base': '/home/jcampbell9/repos/industrial_training/exercises/Perception-Driven_Manipulation/ros2/solution_ws/install/robot_workcell_support', 'merge_install': False, 'path': '/home/jcampbell9/repos/industrial_training/exercises/Perception-Driven_Manipulation/ros2/solution_ws/src/robot_workcell_support', 'symlink_install': False, 'test_result_base': None}
[0.388s] Level 5:colcon.colcon_core.verb:set package 'pick_and_place_application' build argument 'cmake_args' from command line to 'None'
[0.388s] Level 5:colcon.colcon_core.verb:set package 'pick_and_place_application' build argument 'cmake_target' from command line to 'None'
[0.388s] Level 5:colcon.colcon_core.verb:set package 'pick_and_place_application' build argument 'cmake_target_skip_unavailable' from command line to 'False'
[0.388s] Level 5:colcon.colcon_core.verb:set package 'pick_and_place_application' build argument 'cmake_clean_cache' from command line to 'False'
[0.388s] Level 5:colcon.colcon_core.verb:set package 'pick_and_place_application' build argument 'cmake_clean_first' from command line to 'False'
[0.388s] Level 5:colcon.colcon_core.verb:set package 'pick_and_place_application' build argument 'cmake_force_configure' from command line to 'False'
[0.388s] Level 5:colcon.colcon_core.verb:set package 'pick_and_place_application' build argument 'ament_cmake_args' from command line to 'None'
[0.388s] Level 5:colcon.colcon_core.verb:set package 'pick_and_place_application' build argument 'catkin_cmake_args' from command line to 'None'
[0.388s] Level 5:colcon.colcon_core.verb:set package 'pick_and_place_application' build argument 'catkin_skip_building_tests' from command line to 'False'
[0.388s] DEBUG:colcon.colcon_core.verb:Building package 'pick_and_place_application' with the following arguments: {'ament_cmake_args': None, 'build_base': '/home/jcampbell9/repos/industrial_training/exercises/Perception-Driven_Manipulation/ros2/solution_ws/build/pick_and_place_application', 'catkin_cmake_args': None, 'catkin_skip_building_tests': False, 'cmake_args': None, 'cmake_clean_cache': False, 'cmake_clean_first': False, 'cmake_force_configure': False, 'cmake_target': None, 'cmake_target_skip_unavailable': False, 'install_base': '/home/jcampbell9/repos/industrial_training/exercises/Perception-Driven_Manipulation/ros2/solution_ws/install/pick_and_place_application', 'merge_install': False, 'path': '/home/jcampbell9/repos/industrial_training/exercises/Perception-Driven_Manipulation/ros2/solution_ws/src/pick_and_place_application', 'symlink_install': False, 'test_result_base': None}
[0.388s] Level 5:colcon.colcon_core.verb:set package 'ur5_workcell_moveit2_config' build argument 'cmake_args' from command line to 'None'
[0.388s] Level 5:colcon.colcon_core.verb:set package 'ur5_workcell_moveit2_config' build argument 'cmake_target' from command line to 'None'
[0.389s] Level 5:colcon.colcon_core.verb:set package 'ur5_workcell_moveit2_config' build argument 'cmake_target_skip_unavailable' from command line to 'False'
[0.389s] Level 5:colcon.colcon_core.verb:set package 'ur5_workcell_moveit2_config' build argument 'cmake_clean_cache' from command line to 'False'
[0.389s] Level 5:colcon.colcon_core.verb:set package 'ur5_workcell_moveit2_config' build argument 'cmake_clean_first' from command line to 'False'
[0.389s] Level 5:colcon.colcon_core.verb:set package 'ur5_workcell_moveit2_config' build argument 'cmake_force_configure' from command line to 'False'
[0.389s] Level 5:colcon.colcon_core.verb:set package 'ur5_workcell_moveit2_config' build argument 'ament_cmake_args' from command line to 'None'
[0.389s] Level 5:colcon.colcon_core.verb:set package 'ur5_workcell_moveit2_config' build argument 'catkin_cmake_args' from command line to 'None'
[0.389s] Level 5:colcon.colcon_core.verb:set package 'ur5_workcell_moveit2_config' build argument 'catkin_skip_building_tests' from command line to 'False'
[0.389s] DEBUG:colcon.colcon_core.verb:Building package 'ur5_workcell_moveit2_config' with the following arguments: {'ament_cmake_args': None, 'build_base': '/home/jcampbell9/repos/industrial_training/exercises/Perception-Driven_Manipulation/ros2/solution_ws/build/ur5_workcell_moveit2_config', 'catkin_cmake_args': None, 'catkin_skip_building_tests': False, 'cmake_args': None, 'cmake_clean_cache': False, 'cmake_clean_first': False, 'cmake_force_configure': False, 'cmake_target': None, 'cmake_target_skip_unavailable': False, 'install_base': '/home/jcampbell9/repos/industrial_training/exercises/Perception-Driven_Manipulation/ros2/solution_ws/install/ur5_workcell_moveit2_config', 'merge_install': False, 'path': '/home/jcampbell9/repos/industrial_training/exercises/Perception-Driven_Manipulation/ros2/solution_ws/src/ur5_workcell_moveit2_config', 'symlink_install': False, 'test_result_base': None}
[0.389s] INFO:colcon.colcon_core.executor:Executing jobs using 'parallel' executor
[0.390s] DEBUG:colcon.colcon_parallel_executor.executor.parallel:run_until_complete
[0.390s] INFO:colcon.colcon_ros.task.ament_cmake.build:Building ROS package in '/home/jcampbell9/repos/industrial_training/exercises/Perception-Driven_Manipulation/ros2/solution_ws/src/pick_and_place_msgs' with build type 'ament_cmake'
[0.390s] INFO:colcon.colcon_cmake.task.cmake.build:Building CMake package in '/home/jcampbell9/repos/industrial_training/exercises/Perception-Driven_Manipulation/ros2/solution_ws/src/pick_and_place_msgs'
[0.393s] INFO:colcon.colcon_core.plugin_system:Skipping extension 'colcon_core.shell.bat': Not used on non-Windows systems
[0.393s] INFO:colcon.colcon_core.shell:Skip shell extension 'powershell' for command environment: Not usable outside of PowerShell
[0.393s] DEBUG:colcon.colcon_core.shell:Skip shell extension 'dsv' for command environment
[0.396s] INFO:colcon.colcon_ros.task.ament_cmake.build:Building ROS package in '/home/jcampbell9/repos/industrial_training/exercises/Perception-Driven_Manipulation/ros2/solution_ws/src/robot_workcell_support' with build type 'ament_cmake'
[0.396s] INFO:colcon.colcon_cmake.task.cmake.build:Building CMake package in '/home/jcampbell9/repos/industrial_training/exercises/Perception-Driven_Manipulation/ros2/solution_ws/src/robot_workcell_support'
[0.397s] INFO:colcon.colcon_core.shell:Skip shell extension 'powershell' for command environment: Not usable outside of PowerShell
[0.397s] DEBUG:colcon.colcon_core.shell:Skip shell extension 'dsv' for command environment
[0.400s] INFO:colcon.colcon_ros.task.ament_python.build:Building ROS package in '/home/jcampbell9/repos/industrial_training/exercises/Perception-Driven_Manipulation/ros2/solution_ws/src/industrial_moveit2_utils' with build type 'ament_python'
[0.400s] Level 1:colcon.colcon_core.shell:create_environment_hook('industrial_moveit2_utils', 'ament_prefix_path')
[0.400s] INFO:colcon.colcon_core.shell:Creating environment hook '/home/jcampbell9/repos/industrial_training/exercises/Perception-Driven_Manipulation/ros2/solution_ws/install/industrial_moveit2_utils/share/industrial_moveit2_utils/hook/ament_prefix_path.ps1'
[0.401s] INFO:colcon.colcon_core.shell:Creating environment descriptor '/home/jcampbell9/repos/industrial_training/exercises/Perception-Driven_Manipulation/ros2/solution_ws/install/industrial_moveit2_utils/share/industrial_moveit2_utils/hook/ament_prefix_path.dsv'
[0.401s] INFO:colcon.colcon_core.shell:Creating environment hook '/home/jcampbell9/repos/industrial_training/exercises/Perception-Driven_Manipulation/ros2/solution_ws/install/industrial_moveit2_utils/share/industrial_moveit2_utils/hook/ament_prefix_path.sh'
[0.402s] INFO:colcon.colcon_core.shell:Skip shell extension 'powershell' for command environment: Not usable outside of PowerShell
[0.402s] DEBUG:colcon.colcon_core.shell:Skip shell extension 'dsv' for command environment
[0.409s] DEBUG:colcon.colcon_core.event_handler.log_command:Invoking command in '/home/jcampbell9/repos/industrial_training/exercises/Perception-Driven_Manipulation/ros2/solution_ws/build/pick_and_place_msgs': CMAKE_PREFIX_PATH=${CMAKE_PREFIX_PATH}:/home/jcampbell9/repos/industrial_training/exercises/Perception-Driven_Manipulation/ros2/template_ws/install/industrial_moveit2_utils:/home/jcampbell9/repos/industrial_training/exercises/Perception-Driven_Manipulation/ros2/solution_ws/install/industrial_moveit2_utils:/opt/ros/humble /usr/bin/cmake --build /home/jcampbell9/repos/industrial_training/exercises/Perception-Driven_Manipulation/ros2/solution_ws/build/pick_and_place_msgs -- -j16 -l16
[0.413s] DEBUG:colcon.colcon_core.event_handler.log_command:Invoking command in '/home/jcampbell9/repos/industrial_training/exercises/Perception-Driven_Manipulation/ros2/solution_ws/build/robot_workcell_support': CMAKE_PREFIX_PATH=${CMAKE_PREFIX_PATH}:/home/jcampbell9/repos/industrial_training/exercises/Perception-Driven_Manipulation/ros2/template_ws/install/industrial_moveit2_utils:/home/jcampbell9/repos/industrial_training/exercises/Perception-Driven_Manipulation/ros2/solution_ws/install/industrial_moveit2_utils:/opt/ros/humble /usr/bin/cmake --build /home/jcampbell9/repos/industrial_training/exercises/Perception-Driven_Manipulation/ros2/solution_ws/build/robot_workcell_support -- -j16 -l16
[0.649s] INFO:colcon.colcon_core.task.python.build:Building Python package in '/home/jcampbell9/repos/industrial_training/exercises/Perception-Driven_Manipulation/ros2/solution_ws/src/industrial_moveit2_utils'
[0.649s] INFO:colcon.colcon_core.shell:Skip shell extension 'powershell' for command environment: Not usable outside of PowerShell
[0.649s] DEBUG:colcon.colcon_core.shell:Skip shell extension 'dsv' for command environment
[0.654s] DEBUG:colcon.colcon_core.event_handler.log_command:Invoked command in '/home/jcampbell9/repos/industrial_training/exercises/Perception-Driven_Manipulation/ros2/solution_ws/build/robot_workcell_support' returned '0': CMAKE_PREFIX_PATH=${CMAKE_PREFIX_PATH}:/home/jcampbell9/repos/industrial_training/exercises/Perception-Driven_Manipulation/ros2/template_ws/install/industrial_moveit2_utils:/home/jcampbell9/repos/industrial_training/exercises/Perception-Driven_Manipulation/ros2/solution_ws/install/industrial_moveit2_utils:/opt/ros/humble /usr/bin/cmake --build /home/jcampbell9/repos/industrial_training/exercises/Perception-Driven_Manipulation/ros2/solution_ws/build/robot_workcell_support -- -j16 -l16
[0.675s] DEBUG:colcon.colcon_core.event_handler.log_command:Invoking command in '/home/jcampbell9/repos/industrial_training/exercises/Perception-Driven_Manipulation/ros2/solution_ws/build/robot_workcell_support': CMAKE_PREFIX_PATH=${CMAKE_PREFIX_PATH}:/home/jcampbell9/repos/industrial_training/exercises/Perception-Driven_Manipulation/ros2/template_ws/install/industrial_moveit2_utils:/home/jcampbell9/repos/industrial_training/exercises/Perception-Driven_Manipulation/ros2/solution_ws/install/industrial_moveit2_utils:/opt/ros/humble /usr/bin/cmake --install /home/jcampbell9/repos/industrial_training/exercises/Perception-Driven_Manipulation/ros2/solution_ws/build/robot_workcell_support
[0.685s] Level 1:colcon.colcon_core.environment:create_environment_scripts_only(robot_workcell_support)
[0.687s] DEBUG:colcon.colcon_core.event_handler.log_command:Invoked command in '/home/jcampbell9/repos/industrial_training/exercises/Perception-Driven_Manipulation/ros2/solution_ws/build/robot_workcell_support' returned '0': CMAKE_PREFIX_PATH=${CMAKE_PREFIX_PATH}:/home/jcampbell9/repos/industrial_training/exercises/Perception-Driven_Manipulation/ros2/template_ws/install/industrial_moveit2_utils:/home/jcampbell9/repos/industrial_training/exercises/Perception-Driven_Manipulation/ros2/solution_ws/install/industrial_moveit2_utils:/opt/ros/humble /usr/bin/cmake --install /home/jcampbell9/repos/industrial_training/exercises/Perception-Driven_Manipulation/ros2/solution_ws/build/robot_workcell_support
[0.689s] Level 1:colcon.colcon_core.environment:checking '/home/jcampbell9/repos/industrial_training/exercises/Perception-Driven_Manipulation/ros2/solution_ws/install/robot_workcell_support' for CMake module files
[0.689s] Level 1:colcon.colcon_core.environment:checking '/home/jcampbell9/repos/industrial_training/exercises/Perception-Driven_Manipulation/ros2/solution_ws/install/robot_workcell_support' for CMake config files
[0.689s] Level 1:colcon.colcon_core.shell:create_environment_hook('robot_workcell_support', 'cmake_prefix_path')
[0.689s] INFO:colcon.colcon_core.shell:Creating environment hook '/home/jcampbell9/repos/industrial_training/exercises/Perception-Driven_Manipulation/ros2/solution_ws/install/robot_workcell_support/share/robot_workcell_support/hook/cmake_prefix_path.ps1'
[0.690s] INFO:colcon.colcon_core.shell:Creating environment descriptor '/home/jcampbell9/repos/industrial_training/exercises/Perception-Driven_Manipulation/ros2/solution_ws/install/robot_workcell_support/share/robot_workcell_support/hook/cmake_prefix_path.dsv'
[0.690s] INFO:colcon.colcon_core.shell:Creating environment hook '/home/jcampbell9/repos/industrial_training/exercises/Perception-Driven_Manipulation/ros2/solution_ws/install/robot_workcell_support/share/robot_workcell_support/hook/cmake_prefix_path.sh'
[0.691s] Level 1:colcon.colcon_core.environment:checking '/home/jcampbell9/repos/industrial_training/exercises/Perception-Driven_Manipulation/ros2/solution_ws/install/robot_workcell_support/bin'
[0.691s] Level 1:colcon.colcon_core.environment:checking '/home/jcampbell9/repos/industrial_training/exercises/Perception-Driven_Manipulation/ros2/solution_ws/install/robot_workcell_support/lib/pkgconfig/robot_workcell_support.pc'
[0.691s] Level 1:colcon.colcon_core.environment:checking '/home/jcampbell9/repos/industrial_training/exercises/Perception-Driven_Manipulation/ros2/solution_ws/install/robot_workcell_support/lib/python3.10/site-packages'
[0.691s] Level 1:colcon.colcon_core.environment:checking '/home/jcampbell9/repos/industrial_training/exercises/Perception-Driven_Manipulation/ros2/solution_ws/install/robot_workcell_support/bin'
[0.692s] INFO:colcon.colcon_core.shell:Creating package script '/home/jcampbell9/repos/industrial_training/exercises/Perception-Driven_Manipulation/ros2/solution_ws/install/robot_workcell_support/share/robot_workcell_support/package.ps1'
[0.692s] INFO:colcon.colcon_core.shell:Creating package descriptor '/home/jcampbell9/repos/industrial_training/exercises/Perception-Driven_Manipulation/ros2/solution_ws/install/robot_workcell_support/share/robot_workcell_support/package.dsv'
[0.693s] INFO:colcon.colcon_core.shell:Creating package script '/home/jcampbell9/repos/industrial_training/exercises/Perception-Driven_Manipulation/ros2/solution_ws/install/robot_workcell_support/share/robot_workcell_support/package.sh'
[0.694s] INFO:colcon.colcon_core.shell:Creating package script '/home/jcampbell9/repos/industrial_training/exercises/Perception-Driven_Manipulation/ros2/solution_ws/install/robot_workcell_support/share/robot_workcell_support/package.bash'
[0.694s] INFO:colcon.colcon_core.shell:Creating package script '/home/jcampbell9/repos/industrial_training/exercises/Perception-Driven_Manipulation/ros2/solution_ws/install/robot_workcell_support/share/robot_workcell_support/package.zsh'
[0.695s] Level 1:colcon.colcon_core.environment:create_file_with_runtime_dependencies(/home/jcampbell9/repos/industrial_training/exercises/Perception-Driven_Manipulation/ros2/solution_ws/install/robot_workcell_support/share/colcon-core/packages/robot_workcell_support)
[0.709s] Level 1:colcon.colcon_core.environment:create_environment_scripts_only(robot_workcell_support)
[0.709s] Level 1:colcon.colcon_core.environment:checking '/home/jcampbell9/repos/industrial_training/exercises/Perception-Driven_Manipulation/ros2/solution_ws/install/robot_workcell_support' for CMake module files
[0.710s] Level 1:colcon.colcon_core.environment:checking '/home/jcampbell9/repos/industrial_training/exercises/Perception-Driven_Manipulation/ros2/solution_ws/install/robot_workcell_support' for CMake config files
[0.710s] Level 1:colcon.colcon_core.shell:create_environment_hook('robot_workcell_support', 'cmake_prefix_path')
[0.710s] INFO:colcon.colcon_core.shell:Creating environment hook '/home/jcampbell9/repos/industrial_training/exercises/Perception-Driven_Manipulation/ros2/solution_ws/install/robot_workcell_support/share/robot_workcell_support/hook/cmake_prefix_path.ps1'
[0.711s] INFO:colcon.colcon_core.shell:Creating environment descriptor '/home/jcampbell9/repos/industrial_training/exercises/Perception-Driven_Manipulation/ros2/solution_ws/install/robot_workcell_support/share/robot_workcell_support/hook/cmake_prefix_path.dsv'
[0.711s] INFO:colcon.colcon_core.shell:Creating environment hook '/home/jcampbell9/repos/industrial_training/exercises/Perception-Driven_Manipulation/ros2/solution_ws/install/robot_workcell_support/share/robot_workcell_support/hook/cmake_prefix_path.sh'
[0.711s] Level 1:colcon.colcon_core.environment:checking '/home/jcampbell9/repos/industrial_training/exercises/Perception-Driven_Manipulation/ros2/solution_ws/install/robot_workcell_support/bin'
[0.711s] Level 1:colcon.colcon_core.environment:checking '/home/jcampbell9/repos/industrial_training/exercises/Perception-Driven_Manipulation/ros2/solution_ws/install/robot_workcell_support/lib/pkgconfig/robot_workcell_support.pc'
[0.712s] Level 1:colcon.colcon_core.environment:checking '/home/jcampbell9/repos/industrial_training/exercises/Perception-Driven_Manipulation/ros2/solution_ws/install/robot_workcell_support/lib/python3.10/site-packages'
[0.712s] Level 1:colcon.colcon_core.environment:checking '/home/jcampbell9/repos/industrial_training/exercises/Perception-Driven_Manipulation/ros2/solution_ws/install/robot_workcell_support/bin'
[0.712s] INFO:colcon.colcon_core.shell:Creating package script '/home/jcampbell9/repos/industrial_training/exercises/Perception-Driven_Manipulation/ros2/solution_ws/install/robot_workcell_support/share/robot_workcell_support/package.ps1'
[0.713s] INFO:colcon.colcon_core.shell:Creating package descriptor '/home/jcampbell9/repos/industrial_training/exercises/Perception-Driven_Manipulation/ros2/solution_ws/install/robot_workcell_support/share/robot_workcell_support/package.dsv'
[0.713s] INFO:colcon.colcon_core.shell:Creating package script '/home/jcampbell9/repos/industrial_training/exercises/Perception-Driven_Manipulation/ros2/solution_ws/install/robot_workcell_support/share/robot_workcell_support/package.sh'
[0.713s] INFO:colcon.colcon_core.shell:Creating package script '/home/jcampbell9/repos/industrial_training/exercises/Perception-Driven_Manipulation/ros2/solution_ws/install/robot_workcell_support/share/robot_workcell_support/package.bash'
[0.714s] INFO:colcon.colcon_core.shell:Creating package script '/home/jcampbell9/repos/industrial_training/exercises/Perception-Driven_Manipulation/ros2/solution_ws/install/robot_workcell_support/share/robot_workcell_support/package.zsh'
[0.714s] Level 1:colcon.colcon_core.environment:create_file_with_runtime_dependencies(/home/jcampbell9/repos/industrial_training/exercises/Perception-Driven_Manipulation/ros2/solution_ws/install/robot_workcell_support/share/colcon-core/packages/robot_workcell_support)
[0.714s] INFO:colcon.colcon_ros.task.ament_cmake.build:Building ROS package in '/home/jcampbell9/repos/industrial_training/exercises/Perception-Driven_Manipulation/ros2/solution_ws/src/ur5_workcell_moveit2_config' with build type 'ament_cmake'
[0.715s] INFO:colcon.colcon_cmake.task.cmake.build:Building CMake package in '/home/jcampbell9/repos/industrial_training/exercises/Perception-Driven_Manipulation/ros2/solution_ws/src/ur5_workcell_moveit2_config'
[0.715s] INFO:colcon.colcon_core.shell:Skip shell extension 'powershell' for command environment: Not usable outside of PowerShell
[0.715s] DEBUG:colcon.colcon_core.shell:Skip shell extension 'dsv' for command environment
[0.724s] DEBUG:colcon.colcon_core.event_handler.log_command:Invoked command in '/home/jcampbell9/repos/industrial_training/exercises/Perception-Driven_Manipulation/ros2/solution_ws/build/pick_and_place_msgs' returned '0': CMAKE_PREFIX_PATH=${CMAKE_PREFIX_PATH}:/home/jcampbell9/repos/industrial_training/exercises/Perception-Driven_Manipulation/ros2/template_ws/install/industrial_moveit2_utils:/home/jcampbell9/repos/industrial_training/exercises/Perception-Driven_Manipulation/ros2/solution_ws/install/industrial_moveit2_utils:/opt/ros/humble /usr/bin/cmake --build /home/jcampbell9/repos/industrial_training/exercises/Perception-Driven_Manipulation/ros2/solution_ws/build/pick_and_place_msgs -- -j16 -l16
[0.764s] DEBUG:colcon.colcon_core.event_handler.log_command:Invoking command in '/home/jcampbell9/repos/industrial_training/exercises/Perception-Driven_Manipulation/ros2/solution_ws/build/ur5_workcell_moveit2_config': CMAKE_PREFIX_PATH=/home/jcampbell9/repos/industrial_training/exercises/Perception-Driven_Manipulation/ros2/solution_ws/install/robot_workcell_support:/home/jcampbell9/repos/industrial_training/exercises/Perception-Driven_Manipulation/ros2/template_ws/install/ur5_workcell_moveit2_config:/home/jcampbell9/repos/industrial_training/exercises/Perception-Driven_Manipulation/ros2/template_ws/install/robot_workcell_support:/home/jcampbell9/repos/industrial_training/exercises/Perception-Driven_Manipulation/ros2/template_ws/install/pick_and_place_msgs:/home/jcampbell9/repos/industrial_training/exercises/Perception-Driven_Manipulation/ros2/template_ws/install/pick_and_place_application:/home/jcampbell9/repos/industrial_training/exercises/Perception-Driven_Manipulation/ros2/solution_ws/install/ur5_workcell_moveit2_config:/home/jcampbell9/repos/industrial_training/exercises/Perception-Driven_Manipulation/ros2/solution_ws/install/pick_and_place_msgs:/home/jcampbell9/repos/industrial_training/exercises/Perception-Driven_Manipulation/ros2/solution_ws/install/pick_and_place_application:/home/jcampbell9/repos/industrial_training/exercises/Perception-Driven_Manipulation/ros2/template_ws/install/industrial_moveit2_utils:/home/jcampbell9/repos/industrial_training/exercises/Perception-Driven_Manipulation/ros2/solution_ws/install/industrial_moveit2_utils:/opt/ros/humble /usr/bin/cmake --build /home/jcampbell9/repos/industrial_training/exercises/Perception-Driven_Manipulation/ros2/solution_ws/build/ur5_workcell_moveit2_config -- -j16 -l16
[0.773s] DEBUG:colcon.colcon_core.event_handler.log_command:Invoking command in '/home/jcampbell9/repos/industrial_training/exercises/Perception-Driven_Manipulation/ros2/solution_ws/build/pick_and_place_msgs': CMAKE_PREFIX_PATH=${CMAKE_PREFIX_PATH}:/home/jcampbell9/repos/industrial_training/exercises/Perception-Driven_Manipulation/ros2/template_ws/install/industrial_moveit2_utils:/home/jcampbell9/repos/industrial_training/exercises/Perception-Driven_Manipulation/ros2/solution_ws/install/industrial_moveit2_utils:/opt/ros/humble /usr/bin/cmake --install /home/jcampbell9/repos/industrial_training/exercises/Perception-Driven_Manipulation/ros2/solution_ws/build/pick_and_place_msgs
[0.796s] DEBUG:colcon.colcon_core.event_handler.log_command:Invoked command in '/home/jcampbell9/repos/industrial_training/exercises/Perception-Driven_Manipulation/ros2/solution_ws/build/ur5_workcell_moveit2_config' returned '0': CMAKE_PREFIX_PATH=/home/jcampbell9/repos/industrial_training/exercises/Perception-Driven_Manipulation/ros2/solution_ws/install/robot_workcell_support:/home/jcampbell9/repos/industrial_training/exercises/Perception-Driven_Manipulation/ros2/template_ws/install/ur5_workcell_moveit2_config:/home/jcampbell9/repos/industrial_training/exercises/Perception-Driven_Manipulation/ros2/template_ws/install/robot_workcell_support:/home/jcampbell9/repos/industrial_training/exercises/Perception-Driven_Manipulation/ros2/template_ws/install/pick_and_place_msgs:/home/jcampbell9/repos/industrial_training/exercises/Perception-Driven_Manipulation/ros2/template_ws/install/pick_and_place_application:/home/jcampbell9/repos/industrial_training/exercises/Perception-Driven_Manipulation/ros2/solution_ws/install/ur5_workcell_moveit2_config:/home/jcampbell9/repos/industrial_training/exercises/Perception-Driven_Manipulation/ros2/solution_ws/install/pick_and_place_msgs:/home/jcampbell9/repos/industrial_training/exercises/Perception-Driven_Manipulation/ros2/solution_ws/install/pick_and_place_application:/home/jcampbell9/repos/industrial_training/exercises/Perception-Driven_Manipulation/ros2/template_ws/install/industrial_moveit2_utils:/home/jcampbell9/repos/industrial_training/exercises/Perception-Driven_Manipulation/ros2/solution_ws/install/industrial_moveit2_utils:/opt/ros/humble /usr/bin/cmake --build /home/jcampbell9/repos/industrial_training/exercises/Perception-Driven_Manipulation/ros2/solution_ws/build/ur5_workcell_moveit2_config -- -j16 -l16
[0.811s] DEBUG:colcon.colcon_core.event_handler.log_command:Invoking command in '/home/jcampbell9/repos/industrial_training/exercises/Perception-Driven_Manipulation/ros2/solution_ws/build/ur5_workcell_moveit2_config': CMAKE_PREFIX_PATH=/home/jcampbell9/repos/industrial_training/exercises/Perception-Driven_Manipulation/ros2/solution_ws/install/robot_workcell_support:/home/jcampbell9/repos/industrial_training/exercises/Perception-Driven_Manipulation/ros2/template_ws/install/ur5_workcell_moveit2_config:/home/jcampbell9/repos/industrial_training/exercises/Perception-Driven_Manipulation/ros2/template_ws/install/robot_workcell_support:/home/jcampbell9/repos/industrial_training/exercises/Perception-Driven_Manipulation/ros2/template_ws/install/pick_and_place_msgs:/home/jcampbell9/repos/industrial_training/exercises/Perception-Driven_Manipulation/ros2/template_ws/install/pick_and_place_application:/home/jcampbell9/repos/industrial_training/exercises/Perception-Driven_Manipulation/ros2/solution_ws/install/ur5_workcell_moveit2_config:/home/jcampbell9/repos/industrial_training/exercises/Perception-Driven_Manipulation/ros2/solution_ws/install/pick_and_place_msgs:/home/jcampbell9/repos/industrial_training/exercises/Perception-Driven_Manipulation/ros2/solution_ws/install/pick_and_place_application:/home/jcampbell9/repos/industrial_training/exercises/Perception-Driven_Manipulation/ros2/template_ws/install/industrial_moveit2_utils:/home/jcampbell9/repos/industrial_training/exercises/Perception-Driven_Manipulation/ros2/solution_ws/install/industrial_moveit2_utils:/opt/ros/humble /usr/bin/cmake --install /home/jcampbell9/repos/industrial_training/exercises/Perception-Driven_Manipulation/ros2/solution_ws/build/ur5_workcell_moveit2_config
[0.822s] Level 1:colcon.colcon_core.environment:create_environment_scripts_only(ur5_workcell_moveit2_config)
[0.822s] Level 1:colcon.colcon_core.environment:checking '/home/jcampbell9/repos/industrial_training/exercises/Perception-Driven_Manipulation/ros2/solution_ws/install/ur5_workcell_moveit2_config' for CMake module files
[0.823s] DEBUG:colcon.colcon_core.event_handler.log_command:Invoked command in '/home/jcampbell9/repos/industrial_training/exercises/Perception-Driven_Manipulation/ros2/solution_ws/build/ur5_workcell_moveit2_config' returned '0': CMAKE_PREFIX_PATH=/home/jcampbell9/repos/industrial_training/exercises/Perception-Driven_Manipulation/ros2/solution_ws/install/robot_workcell_support:/home/jcampbell9/repos/industrial_training/exercises/Perception-Driven_Manipulation/ros2/template_ws/install/ur5_workcell_moveit2_config:/home/jcampbell9/repos/industrial_training/exercises/Perception-Driven_Manipulation/ros2/template_ws/install/robot_workcell_support:/home/jcampbell9/repos/industrial_training/exercises/Perception-Driven_Manipulation/ros2/template_ws/install/pick_and_place_msgs:/home/jcampbell9/repos/industrial_training/exercises/Perception-Driven_Manipulation/ros2/template_ws/install/pick_and_place_application:/home/jcampbell9/repos/industrial_training/exercises/Perception-Driven_Manipulation/ros2/solution_ws/install/ur5_workcell_moveit2_config:/home/jcampbell9/repos/industrial_training/exercises/Perception-Driven_Manipulation/ros2/solution_ws/install/pick_and_place_msgs:/home/jcampbell9/repos/industrial_training/exercises/Perception-Driven_Manipulation/ros2/solution_ws/install/pick_and_place_application:/home/jcampbell9/repos/industrial_training/exercises/Perception-Driven_Manipulation/ros2/template_ws/install/industrial_moveit2_utils:/home/jcampbell9/repos/industrial_training/exercises/Perception-Driven_Manipulation/ros2/solution_ws/install/industrial_moveit2_utils:/opt/ros/humble /usr/bin/cmake --install /home/jcampbell9/repos/industrial_training/exercises/Perception-Driven_Manipulation/ros2/solution_ws/build/ur5_workcell_moveit2_config
[0.824s] Level 1:colcon.colcon_core.environment:checking '/home/jcampbell9/repos/industrial_training/exercises/Perception-Driven_Manipulation/ros2/solution_ws/install/ur5_workcell_moveit2_config' for CMake config files
[0.824s] Level 1:colcon.colcon_core.shell:create_environment_hook('ur5_workcell_moveit2_config', 'cmake_prefix_path')
[0.824s] INFO:colcon.colcon_core.shell:Creating environment hook '/home/jcampbell9/repos/industrial_training/exercises/Perception-Driven_Manipulation/ros2/solution_ws/install/ur5_workcell_moveit2_config/share/ur5_workcell_moveit2_config/hook/cmake_prefix_path.ps1'
[0.826s] INFO:colcon.colcon_core.shell:Creating environment descriptor '/home/jcampbell9/repos/industrial_training/exercises/Perception-Driven_Manipulation/ros2/solution_ws/install/ur5_workcell_moveit2_config/share/ur5_workcell_moveit2_config/hook/cmake_prefix_path.dsv'
[0.830s] INFO:colcon.colcon_core.shell:Creating environment hook '/home/jcampbell9/repos/industrial_training/exercises/Perception-Driven_Manipulation/ros2/solution_ws/install/ur5_workcell_moveit2_config/share/ur5_workcell_moveit2_config/hook/cmake_prefix_path.sh'
[0.835s] Level 1:colcon.colcon_core.environment:checking '/home/jcampbell9/repos/industrial_training/exercises/Perception-Driven_Manipulation/ros2/solution_ws/install/ur5_workcell_moveit2_config/bin'
[0.836s] Level 1:colcon.colcon_core.environment:checking '/home/jcampbell9/repos/industrial_training/exercises/Perception-Driven_Manipulation/ros2/solution_ws/install/ur5_workcell_moveit2_config/lib/pkgconfig/ur5_workcell_moveit2_config.pc'
[0.837s] Level 1:colcon.colcon_core.environment:checking '/home/jcampbell9/repos/industrial_training/exercises/Perception-Driven_Manipulation/ros2/solution_ws/install/ur5_workcell_moveit2_config/lib/python3.10/site-packages'
[0.838s] Level 1:colcon.colcon_core.environment:checking '/home/jcampbell9/repos/industrial_training/exercises/Perception-Driven_Manipulation/ros2/solution_ws/install/ur5_workcell_moveit2_config/bin'
[0.838s] INFO:colcon.colcon_core.shell:Creating package script '/home/jcampbell9/repos/industrial_training/exercises/Perception-Driven_Manipulation/ros2/solution_ws/install/ur5_workcell_moveit2_config/share/ur5_workcell_moveit2_config/package.ps1'
[0.839s] INFO:colcon.colcon_core.shell:Creating package descriptor '/home/jcampbell9/repos/industrial_training/exercises/Perception-Driven_Manipulation/ros2/solution_ws/install/ur5_workcell_moveit2_config/share/ur5_workcell_moveit2_config/package.dsv'
[0.840s] INFO:colcon.colcon_core.shell:Creating package script '/home/jcampbell9/repos/industrial_training/exercises/Perception-Driven_Manipulation/ros2/solution_ws/install/ur5_workcell_moveit2_config/share/ur5_workcell_moveit2_config/package.sh'
[0.840s] INFO:colcon.colcon_core.shell:Creating package script '/home/jcampbell9/repos/industrial_training/exercises/Perception-Driven_Manipulation/ros2/solution_ws/install/ur5_workcell_moveit2_config/share/ur5_workcell_moveit2_config/package.bash'
[0.841s] INFO:colcon.colcon_core.shell:Creating package script '/home/jcampbell9/repos/industrial_training/exercises/Perception-Driven_Manipulation/ros2/solution_ws/install/ur5_workcell_moveit2_config/share/ur5_workcell_moveit2_config/package.zsh'
[0.841s] Level 1:colcon.colcon_core.environment:create_file_with_runtime_dependencies(/home/jcampbell9/repos/industrial_training/exercises/Perception-Driven_Manipulation/ros2/solution_ws/install/ur5_workcell_moveit2_config/share/colcon-core/packages/ur5_workcell_moveit2_config)
[0.843s] Level 1:colcon.colcon_core.environment:create_environment_scripts_only(pick_and_place_msgs)
[0.843s] Level 1:colcon.colcon_core.environment:checking '/home/jcampbell9/repos/industrial_training/exercises/Perception-Driven_Manipulation/ros2/solution_ws/install/pick_and_place_msgs' for CMake module files
[0.844s] DEBUG:colcon.colcon_core.event_handler.log_command:Invoked command in '/home/jcampbell9/repos/industrial_training/exercises/Perception-Driven_Manipulation/ros2/solution_ws/build/pick_and_place_msgs' returned '0': CMAKE_PREFIX_PATH=${CMAKE_PREFIX_PATH}:/home/jcampbell9/repos/industrial_training/exercises/Perception-Driven_Manipulation/ros2/template_ws/install/industrial_moveit2_utils:/home/jcampbell9/repos/industrial_training/exercises/Perception-Driven_Manipulation/ros2/solution_ws/install/industrial_moveit2_utils:/opt/ros/humble /usr/bin/cmake --install /home/jcampbell9/repos/industrial_training/exercises/Perception-Driven_Manipulation/ros2/solution_ws/build/pick_and_place_msgs
[0.845s] Level 1:colcon.colcon_core.environment:checking '/home/jcampbell9/repos/industrial_training/exercises/Perception-Driven_Manipulation/ros2/solution_ws/install/pick_and_place_msgs' for CMake config files
[0.845s] Level 1:colcon.colcon_core.shell:create_environment_hook('pick_and_place_msgs', 'cmake_prefix_path')
[0.845s] INFO:colcon.colcon_core.shell:Creating environment hook '/home/jcampbell9/repos/industrial_training/exercises/Perception-Driven_Manipulation/ros2/solution_ws/install/pick_and_place_msgs/share/pick_and_place_msgs/hook/cmake_prefix_path.ps1'
[0.846s] INFO:colcon.colcon_core.shell:Creating environment descriptor '/home/jcampbell9/repos/industrial_training/exercises/Perception-Driven_Manipulation/ros2/solution_ws/install/pick_and_place_msgs/share/pick_and_place_msgs/hook/cmake_prefix_path.dsv'
[0.846s] INFO:colcon.colcon_core.shell:Creating environment hook '/home/jcampbell9/repos/industrial_training/exercises/Perception-Driven_Manipulation/ros2/solution_ws/install/pick_and_place_msgs/share/pick_and_place_msgs/hook/cmake_prefix_path.sh'
[0.846s] Level 1:colcon.colcon_core.environment:checking '/home/jcampbell9/repos/industrial_training/exercises/Perception-Driven_Manipulation/ros2/solution_ws/install/pick_and_place_msgs/lib'
[0.847s] Level 1:colcon.colcon_core.shell:create_environment_hook('pick_and_place_msgs', 'ld_library_path_lib')
[0.847s] INFO:colcon.colcon_core.shell:Creating environment hook '/home/jcampbell9/repos/industrial_training/exercises/Perception-Driven_Manipulation/ros2/solution_ws/install/pick_and_place_msgs/share/pick_and_place_msgs/hook/ld_library_path_lib.ps1'
[0.847s] INFO:colcon.colcon_core.shell:Creating environment descriptor '/home/jcampbell9/repos/industrial_training/exercises/Perception-Driven_Manipulation/ros2/solution_ws/install/pick_and_place_msgs/share/pick_and_place_msgs/hook/ld_library_path_lib.dsv'
[0.848s] INFO:colcon.colcon_core.shell:Creating environment hook '/home/jcampbell9/repos/industrial_training/exercises/Perception-Driven_Manipulation/ros2/solution_ws/install/pick_and_place_msgs/share/pick_and_place_msgs/hook/ld_library_path_lib.sh'
[0.848s] Level 1:colcon.colcon_core.environment:checking '/home/jcampbell9/repos/industrial_training/exercises/Perception-Driven_Manipulation/ros2/solution_ws/install/pick_and_place_msgs/bin'
[0.848s] Level 1:colcon.colcon_core.environment:checking '/home/jcampbell9/repos/industrial_training/exercises/Perception-Driven_Manipulation/ros2/solution_ws/install/pick_and_place_msgs/lib/pkgconfig/pick_and_place_msgs.pc'
[0.848s] Level 1:colcon.colcon_core.environment:checking '/home/jcampbell9/repos/industrial_training/exercises/Perception-Driven_Manipulation/ros2/solution_ws/install/pick_and_place_msgs/lib/python3.10/site-packages'
[0.849s] Level 1:colcon.colcon_core.environment:checking '/home/jcampbell9/repos/industrial_training/exercises/Perception-Driven_Manipulation/ros2/solution_ws/install/pick_and_place_msgs/bin'
[0.849s] INFO:colcon.colcon_core.shell:Creating package script '/home/jcampbell9/repos/industrial_training/exercises/Perception-Driven_Manipulation/ros2/solution_ws/install/pick_and_place_msgs/share/pick_and_place_msgs/package.ps1'
[0.850s] INFO:colcon.colcon_core.shell:Creating package descriptor '/home/jcampbell9/repos/industrial_training/exercises/Perception-Driven_Manipulation/ros2/solution_ws/install/pick_and_place_msgs/share/pick_and_place_msgs/package.dsv'
[0.850s] INFO:colcon.colcon_core.shell:Creating package script '/home/jcampbell9/repos/industrial_training/exercises/Perception-Driven_Manipulation/ros2/solution_ws/install/pick_and_place_msgs/share/pick_and_place_msgs/package.sh'
[0.850s] INFO:colcon.colcon_core.shell:Creating package script '/home/jcampbell9/repos/industrial_training/exercises/Perception-Driven_Manipulation/ros2/solution_ws/install/pick_and_place_msgs/share/pick_and_place_msgs/package.bash'
[0.851s] INFO:colcon.colcon_core.shell:Creating package script '/home/jcampbell9/repos/industrial_training/exercises/Perception-Driven_Manipulation/ros2/solution_ws/install/pick_and_place_msgs/share/pick_and_place_msgs/package.zsh'
[0.851s] Level 1:colcon.colcon_core.environment:create_file_with_runtime_dependencies(/home/jcampbell9/repos/industrial_training/exercises/Perception-Driven_Manipulation/ros2/solution_ws/install/pick_and_place_msgs/share/colcon-core/packages/pick_and_place_msgs)
[0.859s] Level 1:colcon.colcon_core.environment:create_environment_scripts_only(ur5_workcell_moveit2_config)
[0.860s] Level 1:colcon.colcon_core.environment:checking '/home/jcampbell9/repos/industrial_training/exercises/Perception-Driven_Manipulation/ros2/solution_ws/install/ur5_workcell_moveit2_config' for CMake module files
[0.860s] Level 1:colcon.colcon_core.environment:checking '/home/jcampbell9/repos/industrial_training/exercises/Perception-Driven_Manipulation/ros2/solution_ws/install/ur5_workcell_moveit2_config' for CMake config files
[0.860s] Level 1:colcon.colcon_core.shell:create_environment_hook('ur5_workcell_moveit2_config', 'cmake_prefix_path')
[0.860s] INFO:colcon.colcon_core.shell:Creating environment hook '/home/jcampbell9/repos/industrial_training/exercises/Perception-Driven_Manipulation/ros2/solution_ws/install/ur5_workcell_moveit2_config/share/ur5_workcell_moveit2_config/hook/cmake_prefix_path.ps1'
[0.861s] INFO:colcon.colcon_core.shell:Creating environment descriptor '/home/jcampbell9/repos/industrial_training/exercises/Perception-Driven_Manipulation/ros2/solution_ws/install/ur5_workcell_moveit2_config/share/ur5_workcell_moveit2_config/hook/cmake_prefix_path.dsv'
[0.861s] INFO:colcon.colcon_core.shell:Creating environment hook '/home/jcampbell9/repos/industrial_training/exercises/Perception-Driven_Manipulation/ros2/solution_ws/install/ur5_workcell_moveit2_config/share/ur5_workcell_moveit2_config/hook/cmake_prefix_path.sh'
[0.862s] Level 1:colcon.colcon_core.environment:checking '/home/jcampbell9/repos/industrial_training/exercises/Perception-Driven_Manipulation/ros2/solution_ws/install/ur5_workcell_moveit2_config/bin'
[0.862s] Level 1:colcon.colcon_core.environment:checking '/home/jcampbell9/repos/industrial_training/exercises/Perception-Driven_Manipulation/ros2/solution_ws/install/ur5_workcell_moveit2_config/lib/pkgconfig/ur5_workcell_moveit2_config.pc'
[0.862s] Level 1:colcon.colcon_core.environment:checking '/home/jcampbell9/repos/industrial_training/exercises/Perception-Driven_Manipulation/ros2/solution_ws/install/ur5_workcell_moveit2_config/lib/python3.10/site-packages'
[0.862s] Level 1:colcon.colcon_core.environment:checking '/home/jcampbell9/repos/industrial_training/exercises/Perception-Driven_Manipulation/ros2/solution_ws/install/ur5_workcell_moveit2_config/bin'
[0.863s] INFO:colcon.colcon_core.shell:Creating package script '/home/jcampbell9/repos/industrial_training/exercises/Perception-Driven_Manipulation/ros2/solution_ws/install/ur5_workcell_moveit2_config/share/ur5_workcell_moveit2_config/package.ps1'
[0.863s] INFO:colcon.colcon_core.shell:Creating package descriptor '/home/jcampbell9/repos/industrial_training/exercises/Perception-Driven_Manipulation/ros2/solution_ws/install/ur5_workcell_moveit2_config/share/ur5_workcell_moveit2_config/package.dsv'
[0.864s] INFO:colcon.colcon_core.shell:Creating package script '/home/jcampbell9/repos/industrial_training/exercises/Perception-Driven_Manipulation/ros2/solution_ws/install/ur5_workcell_moveit2_config/share/ur5_workcell_moveit2_config/package.sh'
[0.865s] INFO:colcon.colcon_core.shell:Creating package script '/home/jcampbell9/repos/industrial_training/exercises/Perception-Driven_Manipulation/ros2/solution_ws/install/ur5_workcell_moveit2_config/share/ur5_workcell_moveit2_config/package.bash'
[0.865s] INFO:colcon.colcon_core.shell:Creating package script '/home/jcampbell9/repos/industrial_training/exercises/Perception-Driven_Manipulation/ros2/solution_ws/install/ur5_workcell_moveit2_config/share/ur5_workcell_moveit2_config/package.zsh'
[0.865s] Level 1:colcon.colcon_core.environment:create_file_with_runtime_dependencies(/home/jcampbell9/repos/industrial_training/exercises/Perception-Driven_Manipulation/ros2/solution_ws/install/ur5_workcell_moveit2_config/share/colcon-core/packages/ur5_workcell_moveit2_config)
[0.904s] Level 1:colcon.colcon_core.environment:create_environment_scripts_only(pick_and_place_msgs)
[0.904s] Level 1:colcon.colcon_core.environment:checking '/home/jcampbell9/repos/industrial_training/exercises/Perception-Driven_Manipulation/ros2/solution_ws/install/pick_and_place_msgs' for CMake module files
[0.905s] Level 1:colcon.colcon_core.environment:checking '/home/jcampbell9/repos/industrial_training/exercises/Perception-Driven_Manipulation/ros2/solution_ws/install/pick_and_place_msgs' for CMake config files
[0.905s] Level 1:colcon.colcon_core.shell:create_environment_hook('pick_and_place_msgs', 'cmake_prefix_path')
[0.905s] INFO:colcon.colcon_core.shell:Creating environment hook '/home/jcampbell9/repos/industrial_training/exercises/Perception-Driven_Manipulation/ros2/solution_ws/install/pick_and_place_msgs/share/pick_and_place_msgs/hook/cmake_prefix_path.ps1'
[0.906s] INFO:colcon.colcon_core.shell:Creating environment descriptor '/home/jcampbell9/repos/industrial_training/exercises/Perception-Driven_Manipulation/ros2/solution_ws/install/pick_and_place_msgs/share/pick_and_place_msgs/hook/cmake_prefix_path.dsv'
[0.906s] INFO:colcon.colcon_core.shell:Creating environment hook '/home/jcampbell9/repos/industrial_training/exercises/Perception-Driven_Manipulation/ros2/solution_ws/install/pick_and_place_msgs/share/pick_and_place_msgs/hook/cmake_prefix_path.sh'
[0.907s] Level 1:colcon.colcon_core.environment:checking '/home/jcampbell9/repos/industrial_training/exercises/Perception-Driven_Manipulation/ros2/solution_ws/install/pick_and_place_msgs/lib'
[0.907s] Level 1:colcon.colcon_core.shell:create_environment_hook('pick_and_place_msgs', 'ld_library_path_lib')
[0.907s] INFO:colcon.colcon_core.shell:Creating environment hook '/home/jcampbell9/repos/industrial_training/exercises/Perception-Driven_Manipulation/ros2/solution_ws/install/pick_and_place_msgs/share/pick_and_place_msgs/hook/ld_library_path_lib.ps1'
[0.907s] INFO:colcon.colcon_core.shell:Creating environment descriptor '/home/jcampbell9/repos/industrial_training/exercises/Perception-Driven_Manipulation/ros2/solution_ws/install/pick_and_place_msgs/share/pick_and_place_msgs/hook/ld_library_path_lib.dsv'
[0.908s] INFO:colcon.colcon_core.shell:Creating environment hook '/home/jcampbell9/repos/industrial_training/exercises/Perception-Driven_Manipulation/ros2/solution_ws/install/pick_and_place_msgs/share/pick_and_place_msgs/hook/ld_library_path_lib.sh'
[0.908s] Level 1:colcon.colcon_core.environment:checking '/home/jcampbell9/repos/industrial_training/exercises/Perception-Driven_Manipulation/ros2/solution_ws/install/pick_and_place_msgs/bin'
[0.908s] Level 1:colcon.colcon_core.environment:checking '/home/jcampbell9/repos/industrial_training/exercises/Perception-Driven_Manipulation/ros2/solution_ws/install/pick_and_place_msgs/lib/pkgconfig/pick_and_place_msgs.pc'
[0.908s] Level 1:colcon.colcon_core.environment:checking '/home/jcampbell9/repos/industrial_training/exercises/Perception-Driven_Manipulation/ros2/solution_ws/install/pick_and_place_msgs/lib/python3.10/site-packages'
[0.908s] Level 1:colcon.colcon_core.environment:checking '/home/jcampbell9/repos/industrial_training/exercises/Perception-Driven_Manipulation/ros2/solution_ws/install/pick_and_place_msgs/bin'
[0.909s] INFO:colcon.colcon_core.shell:Creating package script '/home/jcampbell9/repos/industrial_training/exercises/Perception-Driven_Manipulation/ros2/solution_ws/install/pick_and_place_msgs/share/pick_and_place_msgs/package.ps1'
[0.909s] INFO:colcon.colcon_core.shell:Creating package descriptor '/home/jcampbell9/repos/industrial_training/exercises/Perception-Driven_Manipulation/ros2/solution_ws/install/pick_and_place_msgs/share/pick_and_place_msgs/package.dsv'
[0.910s] INFO:colcon.colcon_core.shell:Creating package script '/home/jcampbell9/repos/industrial_training/exercises/Perception-Driven_Manipulation/ros2/solution_ws/install/pick_and_place_msgs/share/pick_and_place_msgs/package.sh'
[0.910s] INFO:colcon.colcon_core.shell:Creating package script '/home/jcampbell9/repos/industrial_training/exercises/Perception-Driven_Manipulation/ros2/solution_ws/install/pick_and_place_msgs/share/pick_and_place_msgs/package.bash'
[0.910s] INFO:colcon.colcon_core.shell:Creating package script '/home/jcampbell9/repos/industrial_training/exercises/Perception-Driven_Manipulation/ros2/solution_ws/install/pick_and_place_msgs/share/pick_and_place_msgs/package.zsh'
[0.911s] Level 1:colcon.colcon_core.environment:create_file_with_runtime_dependencies(/home/jcampbell9/repos/industrial_training/exercises/Perception-Driven_Manipulation/ros2/solution_ws/install/pick_and_place_msgs/share/colcon-core/packages/pick_and_place_msgs)
[0.911s] INFO:colcon.colcon_ros.task.ament_cmake.build:Building ROS package in '/home/jcampbell9/repos/industrial_training/exercises/Perception-Driven_Manipulation/ros2/solution_ws/src/pick_and_place_application' with build type 'ament_cmake'
[0.912s] INFO:colcon.colcon_cmake.task.cmake.build:Building CMake package in '/home/jcampbell9/repos/industrial_training/exercises/Perception-Driven_Manipulation/ros2/solution_ws/src/pick_and_place_application'
[0.912s] INFO:colcon.colcon_core.shell:Skip shell extension 'powershell' for command environment: Not usable outside of PowerShell
[0.912s] DEBUG:colcon.colcon_core.shell:Skip shell extension 'dsv' for command environment
[0.994s] DEBUG:colcon.colcon_core.event_handler.log_command:Invoking command in '/home/jcampbell9/repos/industrial_training/exercises/Perception-Driven_Manipulation/ros2/solution_ws/build/pick_and_place_application': CMAKE_PREFIX_PATH=/home/jcampbell9/repos/industrial_training/exercises/Perception-Driven_Manipulation/ros2/solution_ws/install/pick_and_place_msgs:/home/jcampbell9/repos/industrial_training/exercises/Perception-Driven_Manipulation/ros2/template_ws/install/ur5_workcell_moveit2_config:/home/jcampbell9/repos/industrial_training/exercises/Perception-Driven_Manipulation/ros2/template_ws/install/robot_workcell_support:/home/jcampbell9/repos/industrial_training/exercises/Perception-Driven_Manipulation/ros2/template_ws/install/pick_and_place_msgs:/home/jcampbell9/repos/industrial_training/exercises/Perception-Driven_Manipulation/ros2/template_ws/install/pick_and_place_application:/home/jcampbell9/repos/industrial_training/exercises/Perception-Driven_Manipulation/ros2/solution_ws/install/ur5_workcell_moveit2_config:/home/jcampbell9/repos/industrial_training/exercises/Perception-Driven_Manipulation/ros2/solution_ws/install/robot_workcell_support:/home/jcampbell9/repos/industrial_training/exercises/Perception-Driven_Manipulation/ros2/solution_ws/install/pick_and_place_application:/home/jcampbell9/repos/industrial_training/exercises/Perception-Driven_Manipulation/ros2/template_ws/install/industrial_moveit2_utils:/home/jcampbell9/repos/industrial_training/exercises/Perception-Driven_Manipulation/ros2/solution_ws/install/industrial_moveit2_utils:/opt/ros/humble LD_LIBRARY_PATH=/home/jcampbell9/repos/industrial_training/exercises/Perception-Driven_Manipulation/ros2/solution_ws/install/pick_and_place_msgs/lib:/home/jcampbell9/repos/industrial_training/exercises/Perception-Driven_Manipulation/ros2/template_ws/install/pick_and_place_msgs/lib:/opt/ros/humble/opt/rviz_ogre_vendor/lib:/opt/ros/humble/lib/x86_64-linux-gnu:/opt/ros/humble/lib /usr/bin/cmake --build /home/jcampbell9/repos/industrial_training/exercises/Perception-Driven_Manipulation/ros2/solution_ws/build/pick_and_place_application -- -j16 -l16
[1.017s] DEBUG:colcon.colcon_core.event_handler.log_command:Invoking command in '/home/jcampbell9/repos/industrial_training/exercises/Perception-Driven_Manipulation/ros2/solution_ws/src/industrial_moveit2_utils': PYTHONPATH=/home/jcampbell9/repos/industrial_training/exercises/Perception-Driven_Manipulation/ros2/solution_ws/build/industrial_moveit2_utils/prefix_override:/usr/lib/python3/dist-packages/colcon_core/task/python/colcon_distutils_commands:/home/jcampbell9/repos/industrial_training/exercises/Perception-Driven_Manipulation/ros2/solution_ws/install/industrial_moveit2_utils/lib/python3.10/site-packages:${PYTHONPATH} /usr/bin/python3 -W ignore:setup.py install is deprecated setup.py egg_info --egg-base ../../build/industrial_moveit2_utils build --build-base /home/jcampbell9/repos/industrial_training/exercises/Perception-Driven_Manipulation/ros2/solution_ws/build/industrial_moveit2_utils/build install --record /home/jcampbell9/repos/industrial_training/exercises/Perception-Driven_Manipulation/ros2/solution_ws/build/industrial_moveit2_utils/install.log --install-scripts $base/lib/industrial_moveit2_utils --single-version-externally-managed install_data
[1.157s] DEBUG:colcon.colcon_core.event_handler.log_command:Invoked command in '/home/jcampbell9/repos/industrial_training/exercises/Perception-Driven_Manipulation/ros2/solution_ws/build/pick_and_place_application' returned '0': CMAKE_PREFIX_PATH=/home/jcampbell9/repos/industrial_training/exercises/Perception-Driven_Manipulation/ros2/solution_ws/install/pick_and_place_msgs:/home/jcampbell9/repos/industrial_training/exercises/Perception-Driven_Manipulation/ros2/template_ws/install/ur5_workcell_moveit2_config:/home/jcampbell9/repos/industrial_training/exercises/Perception-Driven_Manipulation/ros2/template_ws/install/robot_workcell_support:/home/jcampbell9/repos/industrial_training/exercises/Perception-Driven_Manipulation/ros2/template_ws/install/pick_and_place_msgs:/home/jcampbell9/repos/industrial_training/exercises/Perception-Driven_Manipulation/ros2/template_ws/install/pick_and_place_application:/home/jcampbell9/repos/industrial_training/exercises/Perception-Driven_Manipulation/ros2/solution_ws/install/ur5_workcell_moveit2_config:/home/jcampbell9/repos/industrial_training/exercises/Perception-Driven_Manipulation/ros2/solution_ws/install/robot_workcell_support:/home/jcampbell9/repos/industrial_training/exercises/Perception-Driven_Manipulation/ros2/solution_ws/install/pick_and_place_application:/home/jcampbell9/repos/industrial_training/exercises/Perception-Driven_Manipulation/ros2/template_ws/install/industrial_moveit2_utils:/home/jcampbell9/repos/industrial_training/exercises/Perception-Driven_Manipulation/ros2/solution_ws/install/industrial_moveit2_utils:/opt/ros/humble LD_LIBRARY_PATH=/home/jcampbell9/repos/industrial_training/exercises/Perception-Driven_Manipulation/ros2/solution_ws/install/pick_and_place_msgs/lib:/home/jcampbell9/repos/industrial_training/exercises/Perception-Driven_Manipulation/ros2/template_ws/install/pick_and_place_msgs/lib:/opt/ros/humble/opt/rviz_ogre_vendor/lib:/opt/ros/humble/lib/x86_64-linux-gnu:/opt/ros/humble/lib /usr/bin/cmake --build /home/jcampbell9/repos/industrial_training/exercises/Perception-Driven_Manipulation/ros2/solution_ws/build/pick_and_place_application -- -j16 -l16
[1.196s] DEBUG:colcon.colcon_core.event_handler.log_command:Invoking command in '/home/jcampbell9/repos/industrial_training/exercises/Perception-Driven_Manipulation/ros2/solution_ws/build/pick_and_place_application': CMAKE_PREFIX_PATH=/home/jcampbell9/repos/industrial_training/exercises/Perception-Driven_Manipulation/ros2/solution_ws/install/pick_and_place_msgs:/home/jcampbell9/repos/industrial_training/exercises/Perception-Driven_Manipulation/ros2/template_ws/install/ur5_workcell_moveit2_config:/home/jcampbell9/repos/industrial_training/exercises/Perception-Driven_Manipulation/ros2/template_ws/install/robot_workcell_support:/home/jcampbell9/repos/industrial_training/exercises/Perception-Driven_Manipulation/ros2/template_ws/install/pick_and_place_msgs:/home/jcampbell9/repos/industrial_training/exercises/Perception-Driven_Manipulation/ros2/template_ws/install/pick_and_place_application:/home/jcampbell9/repos/industrial_training/exercises/Perception-Driven_Manipulation/ros2/solution_ws/install/ur5_workcell_moveit2_config:/home/jcampbell9/repos/industrial_training/exercises/Perception-Driven_Manipulation/ros2/solution_ws/install/robot_workcell_support:/home/jcampbell9/repos/industrial_training/exercises/Perception-Driven_Manipulation/ros2/solution_ws/install/pick_and_place_application:/home/jcampbell9/repos/industrial_training/exercises/Perception-Driven_Manipulation/ros2/template_ws/install/industrial_moveit2_utils:/home/jcampbell9/repos/industrial_training/exercises/Perception-Driven_Manipulation/ros2/solution_ws/install/industrial_moveit2_utils:/opt/ros/humble LD_LIBRARY_PATH=/home/jcampbell9/repos/industrial_training/exercises/Perception-Driven_Manipulation/ros2/solution_ws/install/pick_and_place_msgs/lib:/home/jcampbell9/repos/industrial_training/exercises/Perception-Driven_Manipulation/ros2/template_ws/install/pick_and_place_msgs/lib:/opt/ros/humble/opt/rviz_ogre_vendor/lib:/opt/ros/humble/lib/x86_64-linux-gnu:/opt/ros/humble/lib /usr/bin/cmake --install /home/jcampbell9/repos/industrial_training/exercises/Perception-Driven_Manipulation/ros2/solution_ws/build/pick_and_place_application
[1.205s] Level 1:colcon.colcon_core.environment:create_environment_scripts_only(pick_and_place_application)
[1.206s] Level 1:colcon.colcon_core.environment:checking '/home/jcampbell9/repos/industrial_training/exercises/Perception-Driven_Manipulation/ros2/solution_ws/install/pick_and_place_application' for CMake module files
[1.206s] DEBUG:colcon.colcon_core.event_handler.log_command:Invoked command in '/home/jcampbell9/repos/industrial_training/exercises/Perception-Driven_Manipulation/ros2/solution_ws/build/pick_and_place_application' returned '0': CMAKE_PREFIX_PATH=/home/jcampbell9/repos/industrial_training/exercises/Perception-Driven_Manipulation/ros2/solution_ws/install/pick_and_place_msgs:/home/jcampbell9/repos/industrial_training/exercises/Perception-Driven_Manipulation/ros2/template_ws/install/ur5_workcell_moveit2_config:/home/jcampbell9/repos/industrial_training/exercises/Perception-Driven_Manipulation/ros2/template_ws/install/robot_workcell_support:/home/jcampbell9/repos/industrial_training/exercises/Perception-Driven_Manipulation/ros2/template_ws/install/pick_and_place_msgs:/home/jcampbell9/repos/industrial_training/exercises/Perception-Driven_Manipulation/ros2/template_ws/install/pick_and_place_application:/home/jcampbell9/repos/industrial_training/exercises/Perception-Driven_Manipulation/ros2/solution_ws/install/ur5_workcell_moveit2_config:/home/jcampbell9/repos/industrial_training/exercises/Perception-Driven_Manipulation/ros2/solution_ws/install/robot_workcell_support:/home/jcampbell9/repos/industrial_training/exercises/Perception-Driven_Manipulation/ros2/solution_ws/install/pick_and_place_application:/home/jcampbell9/repos/industrial_training/exercises/Perception-Driven_Manipulation/ros2/template_ws/install/industrial_moveit2_utils:/home/jcampbell9/repos/industrial_training/exercises/Perception-Driven_Manipulation/ros2/solution_ws/install/industrial_moveit2_utils:/opt/ros/humble LD_LIBRARY_PATH=/home/jcampbell9/repos/industrial_training/exercises/Perception-Driven_Manipulation/ros2/solution_ws/install/pick_and_place_msgs/lib:/home/jcampbell9/repos/industrial_training/exercises/Perception-Driven_Manipulation/ros2/template_ws/install/pick_and_place_msgs/lib:/opt/ros/humble/opt/rviz_ogre_vendor/lib:/opt/ros/humble/lib/x86_64-linux-gnu:/opt/ros/humble/lib /usr/bin/cmake --install /home/jcampbell9/repos/industrial_training/exercises/Perception-Driven_Manipulation/ros2/solution_ws/build/pick_and_place_application
[1.207s] Level 1:colcon.colcon_core.environment:checking '/home/jcampbell9/repos/industrial_training/exercises/Perception-Driven_Manipulation/ros2/solution_ws/install/pick_and_place_application' for CMake config files
[1.207s] Level 1:colcon.colcon_core.shell:create_environment_hook('pick_and_place_application', 'cmake_prefix_path')
[1.207s] INFO:colcon.colcon_core.shell:Creating environment hook '/home/jcampbell9/repos/industrial_training/exercises/Perception-Driven_Manipulation/ros2/solution_ws/install/pick_and_place_application/share/pick_and_place_application/hook/cmake_prefix_path.ps1'
[1.208s] INFO:colcon.colcon_core.shell:Creating environment descriptor '/home/jcampbell9/repos/industrial_training/exercises/Perception-Driven_Manipulation/ros2/solution_ws/install/pick_and_place_application/share/pick_and_place_application/hook/cmake_prefix_path.dsv'
[1.208s] INFO:colcon.colcon_core.shell:Creating environment hook '/home/jcampbell9/repos/industrial_training/exercises/Perception-Driven_Manipulation/ros2/solution_ws/install/pick_and_place_application/share/pick_and_place_application/hook/cmake_prefix_path.sh'
[1.208s] Level 1:colcon.colcon_core.environment:checking '/home/jcampbell9/repos/industrial_training/exercises/Perception-Driven_Manipulation/ros2/solution_ws/install/pick_and_place_application/lib'
[1.208s] Level 1:colcon.colcon_core.environment:checking '/home/jcampbell9/repos/industrial_training/exercises/Perception-Driven_Manipulation/ros2/solution_ws/install/pick_and_place_application/bin'
[1.209s] Level 1:colcon.colcon_core.environment:checking '/home/jcampbell9/repos/industrial_training/exercises/Perception-Driven_Manipulation/ros2/solution_ws/install/pick_and_place_application/lib/pkgconfig/pick_and_place_application.pc'
[1.209s] Level 1:colcon.colcon_core.environment:checking '/home/jcampbell9/repos/industrial_training/exercises/Perception-Driven_Manipulation/ros2/solution_ws/install/pick_and_place_application/lib/python3.10/site-packages'
[1.209s] Level 1:colcon.colcon_core.environment:checking '/home/jcampbell9/repos/industrial_training/exercises/Perception-Driven_Manipulation/ros2/solution_ws/install/pick_and_place_application/bin'
[1.209s] INFO:colcon.colcon_core.shell:Creating package script '/home/jcampbell9/repos/industrial_training/exercises/Perception-Driven_Manipulation/ros2/solution_ws/install/pick_and_place_application/share/pick_and_place_application/package.ps1'
[1.210s] INFO:colcon.colcon_core.shell:Creating package descriptor '/home/jcampbell9/repos/industrial_training/exercises/Perception-Driven_Manipulation/ros2/solution_ws/install/pick_and_place_application/share/pick_and_place_application/package.dsv'
[1.210s] INFO:colcon.colcon_core.shell:Creating package script '/home/jcampbell9/repos/industrial_training/exercises/Perception-Driven_Manipulation/ros2/solution_ws/install/pick_and_place_application/share/pick_and_place_application/package.sh'
[1.210s] INFO:colcon.colcon_core.shell:Creating package script '/home/jcampbell9/repos/industrial_training/exercises/Perception-Driven_Manipulation/ros2/solution_ws/install/pick_and_place_application/share/pick_and_place_application/package.bash'
[1.211s] INFO:colcon.colcon_core.shell:Creating package script '/home/jcampbell9/repos/industrial_training/exercises/Perception-Driven_Manipulation/ros2/solution_ws/install/pick_and_place_application/share/pick_and_place_application/package.zsh'
[1.211s] Level 1:colcon.colcon_core.environment:create_file_with_runtime_dependencies(/home/jcampbell9/repos/industrial_training/exercises/Perception-Driven_Manipulation/ros2/solution_ws/install/pick_and_place_application/share/colcon-core/packages/pick_and_place_application)
[1.248s] Level 1:colcon.colcon_core.environment:create_environment_scripts_only(pick_and_place_application)
[1.249s] Level 1:colcon.colcon_core.environment:checking '/home/jcampbell9/repos/industrial_training/exercises/Perception-Driven_Manipulation/ros2/solution_ws/install/pick_and_place_application' for CMake module files
[1.250s] Level 1:colcon.colcon_core.environment:checking '/home/jcampbell9/repos/industrial_training/exercises/Perception-Driven_Manipulation/ros2/solution_ws/install/pick_and_place_application' for CMake config files
[1.250s] Level 1:colcon.colcon_core.shell:create_environment_hook('pick_and_place_application', 'cmake_prefix_path')
[1.250s] INFO:colcon.colcon_core.shell:Creating environment hook '/home/jcampbell9/repos/industrial_training/exercises/Perception-Driven_Manipulation/ros2/solution_ws/install/pick_and_place_application/share/pick_and_place_application/hook/cmake_prefix_path.ps1'
[1.251s] INFO:colcon.colcon_core.shell:Creating environment descriptor '/home/jcampbell9/repos/industrial_training/exercises/Perception-Driven_Manipulation/ros2/solution_ws/install/pick_and_place_application/share/pick_and_place_application/hook/cmake_prefix_path.dsv'
[1.251s] INFO:colcon.colcon_core.shell:Creating environment hook '/home/jcampbell9/repos/industrial_training/exercises/Perception-Driven_Manipulation/ros2/solution_ws/install/pick_and_place_application/share/pick_and_place_application/hook/cmake_prefix_path.sh'
[1.251s] Level 1:colcon.colcon_core.environment:checking '/home/jcampbell9/repos/industrial_training/exercises/Perception-Driven_Manipulation/ros2/solution_ws/install/pick_and_place_application/lib'
[1.251s] Level 1:colcon.colcon_core.environment:checking '/home/jcampbell9/repos/industrial_training/exercises/Perception-Driven_Manipulation/ros2/solution_ws/install/pick_and_place_application/bin'
[1.252s] Level 1:colcon.colcon_core.environment:checking '/home/jcampbell9/repos/industrial_training/exercises/Perception-Driven_Manipulation/ros2/solution_ws/install/pick_and_place_application/lib/pkgconfig/pick_and_place_application.pc'
[1.252s] Level 1:colcon.colcon_core.environment:checking '/home/jcampbell9/repos/industrial_training/exercises/Perception-Driven_Manipulation/ros2/solution_ws/install/pick_and_place_application/lib/python3.10/site-packages'
[1.252s] Level 1:colcon.colcon_core.environment:checking '/home/jcampbell9/repos/industrial_training/exercises/Perception-Driven_Manipulation/ros2/solution_ws/install/pick_and_place_application/bin'
[1.252s] INFO:colcon.colcon_core.shell:Creating package script '/home/jcampbell9/repos/industrial_training/exercises/Perception-Driven_Manipulation/ros2/solution_ws/install/pick_and_place_application/share/pick_and_place_application/package.ps1'
[1.253s] INFO:colcon.colcon_core.shell:Creating package descriptor '/home/jcampbell9/repos/industrial_training/exercises/Perception-Driven_Manipulation/ros2/solution_ws/install/pick_and_place_application/share/pick_and_place_application/package.dsv'
[1.253s] INFO:colcon.colcon_core.shell:Creating package script '/home/jcampbell9/repos/industrial_training/exercises/Perception-Driven_Manipulation/ros2/solution_ws/install/pick_and_place_application/share/pick_and_place_application/package.sh'
[1.253s] INFO:colcon.colcon_core.shell:Creating package script '/home/jcampbell9/repos/industrial_training/exercises/Perception-Driven_Manipulation/ros2/solution_ws/install/pick_and_place_application/share/pick_and_place_application/package.bash'
[1.254s] INFO:colcon.colcon_core.shell:Creating package script '/home/jcampbell9/repos/industrial_training/exercises/Perception-Driven_Manipulation/ros2/solution_ws/install/pick_and_place_application/share/pick_and_place_application/package.zsh'
[1.254s] Level 1:colcon.colcon_core.environment:create_file_with_runtime_dependencies(/home/jcampbell9/repos/industrial_training/exercises/Perception-Driven_Manipulation/ros2/solution_ws/install/pick_and_place_application/share/colcon-core/packages/pick_and_place_application)
[1.305s] Level 1:colcon.colcon_core.environment:checking '/home/jcampbell9/repos/industrial_training/exercises/Perception-Driven_Manipulation/ros2/solution_ws/install/industrial_moveit2_utils' for CMake module files
[1.306s] DEBUG:colcon.colcon_core.event_handler.log_command:Invoked command in '/home/jcampbell9/repos/industrial_training/exercises/Perception-Driven_Manipulation/ros2/solution_ws/src/industrial_moveit2_utils' returned '0': PYTHONPATH=/home/jcampbell9/repos/industrial_training/exercises/Perception-Driven_Manipulation/ros2/solution_ws/build/industrial_moveit2_utils/prefix_override:/usr/lib/python3/dist-packages/colcon_core/task/python/colcon_distutils_commands:/home/jcampbell9/repos/industrial_training/exercises/Perception-Driven_Manipulation/ros2/solution_ws/install/industrial_moveit2_utils/lib/python3.10/site-packages:${PYTHONPATH} /usr/bin/python3 -W ignore:setup.py install is deprecated setup.py egg_info --egg-base ../../build/industrial_moveit2_utils build --build-base /home/jcampbell9/repos/industrial_training/exercises/Perception-Driven_Manipulation/ros2/solution_ws/build/industrial_moveit2_utils/build install --record /home/jcampbell9/repos/industrial_training/exercises/Perception-Driven_Manipulation/ros2/solution_ws/build/industrial_moveit2_utils/install.log --install-scripts $base/lib/industrial_moveit2_utils --single-version-externally-managed install_data
[1.306s] Level 1:colcon.colcon_core.environment:checking '/home/jcampbell9/repos/industrial_training/exercises/Perception-Driven_Manipulation/ros2/solution_ws/install/industrial_moveit2_utils' for CMake config files
[1.307s] Level 1:colcon.colcon_core.environment:checking '/home/jcampbell9/repos/industrial_training/exercises/Perception-Driven_Manipulation/ros2/solution_ws/install/industrial_moveit2_utils/lib'
[1.307s] Level 1:colcon.colcon_core.environment:checking '/home/jcampbell9/repos/industrial_training/exercises/Perception-Driven_Manipulation/ros2/solution_ws/install/industrial_moveit2_utils/bin'
[1.307s] Level 1:colcon.colcon_core.environment:checking '/home/jcampbell9/repos/industrial_training/exercises/Perception-Driven_Manipulation/ros2/solution_ws/install/industrial_moveit2_utils/lib/pkgconfig/industrial_moveit2_utils.pc'
[1.307s] Level 1:colcon.colcon_core.environment:checking '/home/jcampbell9/repos/industrial_training/exercises/Perception-Driven_Manipulation/ros2/solution_ws/install/industrial_moveit2_utils/lib/python3.10/site-packages'
[1.307s] Level 1:colcon.colcon_core.shell:create_environment_hook('industrial_moveit2_utils', 'pythonpath')
[1.307s] INFO:colcon.colcon_core.shell:Creating environment hook '/home/jcampbell9/repos/industrial_training/exercises/Perception-Driven_Manipulation/ros2/solution_ws/install/industrial_moveit2_utils/share/industrial_moveit2_utils/hook/pythonpath.ps1'
[1.308s] INFO:colcon.colcon_core.shell:Creating environment descriptor '/home/jcampbell9/repos/industrial_training/exercises/Perception-Driven_Manipulation/ros2/solution_ws/install/industrial_moveit2_utils/share/industrial_moveit2_utils/hook/pythonpath.dsv'
[1.308s] INFO:colcon.colcon_core.shell:Creating environment hook '/home/jcampbell9/repos/industrial_training/exercises/Perception-Driven_Manipulation/ros2/solution_ws/install/industrial_moveit2_utils/share/industrial_moveit2_utils/hook/pythonpath.sh'
[1.308s] Level 1:colcon.colcon_core.environment:checking '/home/jcampbell9/repos/industrial_training/exercises/Perception-Driven_Manipulation/ros2/solution_ws/install/industrial_moveit2_utils/bin'
[1.308s] Level 1:colcon.colcon_core.environment:create_environment_scripts_only(industrial_moveit2_utils)
[1.309s] INFO:colcon.colcon_core.shell:Creating package script '/home/jcampbell9/repos/industrial_training/exercises/Perception-Driven_Manipulation/ros2/solution_ws/install/industrial_moveit2_utils/share/industrial_moveit2_utils/package.ps1'
[1.309s] INFO:colcon.colcon_core.shell:Creating package descriptor '/home/jcampbell9/repos/industrial_training/exercises/Perception-Driven_Manipulation/ros2/solution_ws/install/industrial_moveit2_utils/share/industrial_moveit2_utils/package.dsv'
[1.309s] INFO:colcon.colcon_core.shell:Creating package script '/home/jcampbell9/repos/industrial_training/exercises/Perception-Driven_Manipulation/ros2/solution_ws/install/industrial_moveit2_utils/share/industrial_moveit2_utils/package.sh'
[1.310s] INFO:colcon.colcon_core.shell:Creating package script '/home/jcampbell9/repos/industrial_training/exercises/Perception-Driven_Manipulation/ros2/solution_ws/install/industrial_moveit2_utils/share/industrial_moveit2_utils/package.bash'
[1.310s] INFO:colcon.colcon_core.shell:Creating package script '/home/jcampbell9/repos/industrial_training/exercises/Perception-Driven_Manipulation/ros2/solution_ws/install/industrial_moveit2_utils/share/industrial_moveit2_utils/package.zsh'
[1.310s] Level 1:colcon.colcon_core.environment:create_file_with_runtime_dependencies(/home/jcampbell9/repos/industrial_training/exercises/Perception-Driven_Manipulation/ros2/solution_ws/install/industrial_moveit2_utils/share/colcon-core/packages/industrial_moveit2_utils)
[1.310s] DEBUG:colcon.colcon_parallel_executor.executor.parallel:closing loop
[1.311s] DEBUG:colcon.colcon_parallel_executor.executor.parallel:loop closed
[1.311s] DEBUG:colcon.colcon_parallel_executor.executor.parallel:run_until_complete finished with '0'
[1.311s] DEBUG:colcon.colcon_core.event_reactor:joining thread
[1.349s] INFO:colcon.colcon_core.plugin_system:Skipping extension 'colcon_notification.desktop_notification.notify_send': Could not find 'notify-send'
[1.349s] INFO:colcon.colcon_core.plugin_system:Skipping extension 'colcon_notification.desktop_notification.terminal_notifier': Not used on non-Darwin systems
[1.349s] INFO:colcon.colcon_core.plugin_system:Skipping extension 'colcon_notification.desktop_notification.win32': Not used on non-Windows systems
[1.349s] INFO:colcon.colcon_notification.desktop_notification:Sending desktop notification using 'notify2'
[1.350s] DEBUG:colcon.colcon_notification.desktop_notification.notify2:Failed to initialize notify2: org.freedesktop.DBus.Error.ServiceUnknown: The name org.freedesktop.Notifications was not provided by any .service files
[1.350s] DEBUG:colcon.colcon_core.event_reactor:joined thread
[1.350s] INFO:colcon.colcon_core.shell:Creating prefix script '/home/jcampbell9/repos/industrial_training/exercises/Perception-Driven_Manipulation/ros2/solution_ws/install/local_setup.ps1'
[1.351s] INFO:colcon.colcon_core.shell:Creating prefix util module '/home/jcampbell9/repos/industrial_training/exercises/Perception-Driven_Manipulation/ros2/solution_ws/install/_local_setup_util_ps1.py'
[1.353s] INFO:colcon.colcon_core.shell:Creating prefix chain script '/home/jcampbell9/repos/industrial_training/exercises/Perception-Driven_Manipulation/ros2/solution_ws/install/setup.ps1'
[1.354s] INFO:colcon.colcon_core.shell:Creating prefix script '/home/jcampbell9/repos/industrial_training/exercises/Perception-Driven_Manipulation/ros2/solution_ws/install/local_setup.sh'
[1.354s] INFO:colcon.colcon_core.shell:Creating prefix util module '/home/jcampbell9/repos/industrial_training/exercises/Perception-Driven_Manipulation/ros2/solution_ws/install/_local_setup_util_sh.py'
[1.354s] INFO:colcon.colcon_core.shell:Creating prefix chain script '/home/jcampbell9/repos/industrial_training/exercises/Perception-Driven_Manipulation/ros2/solution_ws/install/setup.sh'
[1.355s] INFO:colcon.colcon_core.shell:Creating prefix script '/home/jcampbell9/repos/industrial_training/exercises/Perception-Driven_Manipulation/ros2/solution_ws/install/local_setup.bash'
[1.356s] INFO:colcon.colcon_core.shell:Creating prefix chain script '/home/jcampbell9/repos/industrial_training/exercises/Perception-Driven_Manipulation/ros2/solution_ws/install/setup.bash'
[1.357s] INFO:colcon.colcon_core.shell:Creating prefix script '/home/jcampbell9/repos/industrial_training/exercises/Perception-Driven_Manipulation/ros2/solution_ws/install/local_setup.zsh'
[1.357s] INFO:colcon.colcon_core.shell:Creating prefix chain script '/home/jcampbell9/repos/industrial_training/exercises/Perception-Driven_Manipulation/ros2/solution_ws/install/setup.zsh'
