running egg_info
creating ../../build/industrial_moveit2_utils/industrial_moveit2_utils.egg-info
writing ../../build/industrial_moveit2_utils/industrial_moveit2_utils.egg-info/PKG-INFO
writing dependency_links to ../../build/industrial_moveit2_utils/industrial_moveit2_utils.egg-info/dependency_links.txt
writing entry points to ../../build/industrial_moveit2_utils/industrial_moveit2_utils.egg-info/entry_points.txt
writing requirements to ../../build/industrial_moveit2_utils/industrial_moveit2_utils.egg-info/requires.txt
writing top-level names to ../../build/industrial_moveit2_utils/industrial_moveit2_utils.egg-info/top_level.txt
writing manifest file '../../build/industrial_moveit2_utils/industrial_moveit2_utils.egg-info/SOURCES.txt'
reading manifest file '../../build/industrial_moveit2_utils/industrial_moveit2_utils.egg-info/SOURCES.txt'
writing manifest file '../../build/industrial_moveit2_utils/industrial_moveit2_utils.egg-info/SOURCES.txt'
running build
running build_py
creating /home/jcampbell9/repos/industrial_training/exercises/Perception-Driven_Manipulation/ros2/solution_ws/build/industrial_moveit2_utils/build
creating /home/jcampbell9/repos/industrial_training/exercises/Perception-Driven_Manipulation/ros2/solution_ws/build/industrial_moveit2_utils/build/lib
creating /home/jcampbell9/repos/industrial_training/exercises/Perception-Driven_Manipulation/ros2/solution_ws/build/industrial_moveit2_utils/build/lib/industrial_moveit2_utils
copying industrial_moveit2_utils/__init__.py -> /home/jcampbell9/repos/industrial_training/exercises/Perception-Driven_Manipulation/ros2/solution_ws/build/industrial_moveit2_utils/build/lib/industrial_moveit2_utils
copying industrial_moveit2_utils/moveit2_config_helper.py -> /home/jcampbell9/repos/industrial_training/exercises/Perception-Driven_Manipulation/ros2/solution_ws/build/industrial_moveit2_utils/build/lib/industrial_moveit2_utils
running install
running install_lib
creating /home/jcampbell9/repos/industrial_training/exercises/Perception-Driven_Manipulation/ros2/solution_ws/install/industrial_moveit2_utils/lib/python3.10/site-packages/industrial_moveit2_utils
copying /home/jcampbell9/repos/industrial_training/exercises/Perception-Driven_Manipulation/ros2/solution_ws/build/industrial_moveit2_utils/build/lib/industrial_moveit2_utils/__init__.py -> /home/jcampbell9/repos/industrial_training/exercises/Perception-Driven_Manipulation/ros2/solution_ws/install/industrial_moveit2_utils/lib/python3.10/site-packages/industrial_moveit2_utils
copying /home/jcampbell9/repos/industrial_training/exercises/Perception-Driven_Manipulation/ros2/solution_ws/build/industrial_moveit2_utils/build/lib/industrial_moveit2_utils/moveit2_config_helper.py -> /home/jcampbell9/repos/industrial_training/exercises/Perception-Driven_Manipulation/ros2/solution_ws/install/industrial_moveit2_utils/lib/python3.10/site-packages/industrial_moveit2_utils
byte-compiling /home/jcampbell9/repos/industrial_training/exercises/Perception-Driven_Manipulation/ros2/solution_ws/install/industrial_moveit2_utils/lib/python3.10/site-packages/industrial_moveit2_utils/__init__.py to __init__.cpython-310.pyc
byte-compiling /home/jcampbell9/repos/industrial_training/exercises/Perception-Driven_Manipulation/ros2/solution_ws/install/industrial_moveit2_utils/lib/python3.10/site-packages/industrial_moveit2_utils/moveit2_config_helper.py to moveit2_config_helper.cpython-310.pyc
running install_data
creating /home/jcampbell9/repos/industrial_training/exercises/Perception-Driven_Manipulation/ros2/solution_ws/install/industrial_moveit2_utils/share/ament_index
creating /home/jcampbell9/repos/industrial_training/exercises/Perception-Driven_Manipulation/ros2/solution_ws/install/industrial_moveit2_utils/share/ament_index/resource_index
creating /home/jcampbell9/repos/industrial_training/exercises/Perception-Driven_Manipulation/ros2/solution_ws/install/industrial_moveit2_utils/share/ament_index/resource_index/packages
copying resource/industrial_moveit2_utils -> /home/jcampbell9/repos/industrial_training/exercises/Perception-Driven_Manipulation/ros2/solution_ws/install/industrial_moveit2_utils/share/ament_index/resource_index/packages
copying package.xml -> /home/jcampbell9/repos/industrial_training/exercises/Perception-Driven_Manipulation/ros2/solution_ws/install/industrial_moveit2_utils/share/industrial_moveit2_utils
running install_egg_info
Copying ../../build/industrial_moveit2_utils/industrial_moveit2_utils.egg-info to /home/jcampbell9/repos/industrial_training/exercises/Perception-Driven_Manipulation/ros2/solution_ws/install/industrial_moveit2_utils/lib/python3.10/site-packages/industrial_moveit2_utils-0.0.0-py3.10.egg-info
running install_scripts
writing list of installed files to '/home/jcampbell9/repos/industrial_training/exercises/Perception-Driven_Manipulation/ros2/solution_ws/build/industrial_moveit2_utils/install.log'
