[0.550s] Invoking command in '/home/jcampbell9/repos/industrial_training/exercises/Perception-Driven_Manipulation/ros2/solution_ws/src/industrial_moveit2_utils': PYTHONPATH=/home/jcampbell9/repos/industrial_training/exercises/Perception-Driven_Manipulation/ros2/solution_ws/build/industrial_moveit2_utils/prefix_override:/usr/lib/python3/dist-packages/colcon_core/task/python/colcon_distutils_commands:/home/jcampbell9/repos/industrial_training/exercises/Perception-Driven_Manipulation/ros2/solution_ws/install/industrial_moveit2_utils/lib/python3.10/site-packages:${PYTHONPATH} /usr/bin/python3 -W ignore:setup.py install is deprecated setup.py egg_info --egg-base ../../build/industrial_moveit2_utils build --build-base /home/jcampbell9/repos/industrial_training/exercises/Perception-Driven_Manipulation/ros2/solution_ws/build/industrial_moveit2_utils/build install --record /home/jcampbell9/repos/industrial_training/exercises/Perception-Driven_Manipulation/ros2/solution_ws/build/industrial_moveit2_utils/install.log --install-scripts $base/lib/industrial_moveit2_utils --single-version-externally-managed install_data
[0.732s] /usr/lib/python3/dist-packages/setuptools/dist.py:723: UserWarning: Usage of dash-separated 'script-dir' will not be supported in future versions. Please use the underscore name 'script_dir' instead
[0.732s]   warnings.warn(
[0.739s] running egg_info
[0.740s] creating ../../build/industrial_moveit2_utils/industrial_moveit2_utils.egg-info
[0.740s] writing ../../build/industrial_moveit2_utils/industrial_moveit2_utils.egg-info/PKG-INFO
[0.740s] writing dependency_links to ../../build/industrial_moveit2_utils/industrial_moveit2_utils.egg-info/dependency_links.txt
[0.740s] writing entry points to ../../build/industrial_moveit2_utils/industrial_moveit2_utils.egg-info/entry_points.txt
[0.740s] writing requirements to ../../build/industrial_moveit2_utils/industrial_moveit2_utils.egg-info/requires.txt
[0.741s] writing top-level names to ../../build/industrial_moveit2_utils/industrial_moveit2_utils.egg-info/top_level.txt
[0.741s] writing manifest file '../../build/industrial_moveit2_utils/industrial_moveit2_utils.egg-info/SOURCES.txt'
[0.742s] reading manifest file '../../build/industrial_moveit2_utils/industrial_moveit2_utils.egg-info/SOURCES.txt'
[0.743s] writing manifest file '../../build/industrial_moveit2_utils/industrial_moveit2_utils.egg-info/SOURCES.txt'
[0.743s] running build
[0.743s] running build_py
[0.743s] creating /home/jcampbell9/repos/industrial_training/exercises/Perception-Driven_Manipulation/ros2/solution_ws/build/industrial_moveit2_utils/build
[0.743s] creating /home/jcampbell9/repos/industrial_training/exercises/Perception-Driven_Manipulation/ros2/solution_ws/build/industrial_moveit2_utils/build/lib
[0.743s] creating /home/jcampbell9/repos/industrial_training/exercises/Perception-Driven_Manipulation/ros2/solution_ws/build/industrial_moveit2_utils/build/lib/industrial_moveit2_utils
[0.744s] copying industrial_moveit2_utils/__init__.py -> /home/jcampbell9/repos/industrial_training/exercises/Perception-Driven_Manipulation/ros2/solution_ws/build/industrial_moveit2_utils/build/lib/industrial_moveit2_utils
[0.744s] copying industrial_moveit2_utils/moveit2_config_helper.py -> /home/jcampbell9/repos/industrial_training/exercises/Perception-Driven_Manipulation/ros2/solution_ws/build/industrial_moveit2_utils/build/lib/industrial_moveit2_utils
[0.744s] running install
[0.744s] running install_lib
[0.745s] creating /home/jcampbell9/repos/industrial_training/exercises/Perception-Driven_Manipulation/ros2/solution_ws/install/industrial_moveit2_utils/lib/python3.10/site-packages/industrial_moveit2_utils
[0.745s] copying /home/jcampbell9/repos/industrial_training/exercises/Perception-Driven_Manipulation/ros2/solution_ws/build/industrial_moveit2_utils/build/lib/industrial_moveit2_utils/__init__.py -> /home/jcampbell9/repos/industrial_training/exercises/Perception-Driven_Manipulation/ros2/solution_ws/install/industrial_moveit2_utils/lib/python3.10/site-packages/industrial_moveit2_utils
[0.745s] copying /home/jcampbell9/repos/industrial_training/exercises/Perception-Driven_Manipulation/ros2/solution_ws/build/industrial_moveit2_utils/build/lib/industrial_moveit2_utils/moveit2_config_helper.py -> /home/jcampbell9/repos/industrial_training/exercises/Perception-Driven_Manipulation/ros2/solution_ws/install/industrial_moveit2_utils/lib/python3.10/site-packages/industrial_moveit2_utils
[0.745s] byte-compiling /home/jcampbell9/repos/industrial_training/exercises/Perception-Driven_Manipulation/ros2/solution_ws/install/industrial_moveit2_utils/lib/python3.10/site-packages/industrial_moveit2_utils/__init__.py to __init__.cpython-310.pyc
[0.745s] byte-compiling /home/jcampbell9/repos/industrial_training/exercises/Perception-Driven_Manipulation/ros2/solution_ws/install/industrial_moveit2_utils/lib/python3.10/site-packages/industrial_moveit2_utils/moveit2_config_helper.py to moveit2_config_helper.cpython-310.pyc
[0.747s] running install_data
[0.747s] creating /home/jcampbell9/repos/industrial_training/exercises/Perception-Driven_Manipulation/ros2/solution_ws/install/industrial_moveit2_utils/share/ament_index
[0.747s] creating /home/jcampbell9/repos/industrial_training/exercises/Perception-Driven_Manipulation/ros2/solution_ws/install/industrial_moveit2_utils/share/ament_index/resource_index
[0.747s] creating /home/jcampbell9/repos/industrial_training/exercises/Perception-Driven_Manipulation/ros2/solution_ws/install/industrial_moveit2_utils/share/ament_index/resource_index/packages
[0.747s] copying resource/industrial_moveit2_utils -> /home/jcampbell9/repos/industrial_training/exercises/Perception-Driven_Manipulation/ros2/solution_ws/install/industrial_moveit2_utils/share/ament_index/resource_index/packages
[0.747s] copying package.xml -> /home/jcampbell9/repos/industrial_training/exercises/Perception-Driven_Manipulation/ros2/solution_ws/install/industrial_moveit2_utils/share/industrial_moveit2_utils
[0.747s] running install_egg_info
[0.748s] Copying ../../build/industrial_moveit2_utils/industrial_moveit2_utils.egg-info to /home/jcampbell9/repos/industrial_training/exercises/Perception-Driven_Manipulation/ros2/solution_ws/install/industrial_moveit2_utils/lib/python3.10/site-packages/industrial_moveit2_utils-0.0.0-py3.10.egg-info
[0.749s] running install_scripts
[0.768s] writing list of installed files to '/home/jcampbell9/repos/industrial_training/exercises/Perception-Driven_Manipulation/ros2/solution_ws/build/industrial_moveit2_utils/install.log'
[0.790s] Invoked command in '/home/jcampbell9/repos/industrial_training/exercises/Perception-Driven_Manipulation/ros2/solution_ws/src/industrial_moveit2_utils' returned '0': PYTHONPATH=/home/jcampbell9/repos/industrial_training/exercises/Perception-Driven_Manipulation/ros2/solution_ws/build/industrial_moveit2_utils/prefix_override:/usr/lib/python3/dist-packages/colcon_core/task/python/colcon_distutils_commands:/home/jcampbell9/repos/industrial_training/exercises/Perception-Driven_Manipulation/ros2/solution_ws/install/industrial_moveit2_utils/lib/python3.10/site-packages:${PYTHONPATH} /usr/bin/python3 -W ignore:setup.py install is deprecated setup.py egg_info --egg-base ../../build/industrial_moveit2_utils build --build-base /home/jcampbell9/repos/industrial_training/exercises/Perception-Driven_Manipulation/ros2/solution_ws/build/industrial_moveit2_utils/build install --record /home/jcampbell9/repos/industrial_training/exercises/Perception-Driven_Manipulation/ros2/solution_ws/build/industrial_moveit2_utils/install.log --install-scripts $base/lib/industrial_moveit2_utils --single-version-externally-managed install_data
