[0.617s] Invoking command in '/home/jcampbell9/repos/industrial_training/exercises/Perception-Driven_Manipulation/ros2/solution_ws/src/industrial_moveit2_utils': PYTHONPATH=/home/jcampbell9/repos/industrial_training/exercises/Perception-Driven_Manipulation/ros2/solution_ws/build/industrial_moveit2_utils/prefix_override:/usr/lib/python3/dist-packages/colcon_core/task/python/colcon_distutils_commands:/home/jcampbell9/repos/industrial_training/exercises/Perception-Driven_Manipulation/ros2/solution_ws/install/industrial_moveit2_utils/lib/python3.10/site-packages:${PYTHONPATH} /usr/bin/python3 -W ignore:setup.py install is deprecated setup.py egg_info --egg-base ../../build/industrial_moveit2_utils build --build-base /home/jcampbell9/repos/industrial_training/exercises/Perception-Driven_Manipulation/ros2/solution_ws/build/industrial_moveit2_utils/build install --record /home/jcampbell9/repos/industrial_training/exercises/Perception-Driven_Manipulation/ros2/solution_ws/build/industrial_moveit2_utils/install.log --install-scripts $base/lib/industrial_moveit2_utils --single-version-externally-managed install_data
[0.850s] /usr/lib/python3/dist-packages/setuptools/dist.py:723: UserWarning: Usage of dash-separated 'script-dir' will not be supported in future versions. Please use the underscore name 'script_dir' instead
[0.850s]   warnings.warn(
[0.856s] running egg_info
[0.857s] writing ../../build/industrial_moveit2_utils/industrial_moveit2_utils.egg-info/PKG-INFO
[0.857s] writing dependency_links to ../../build/industrial_moveit2_utils/industrial_moveit2_utils.egg-info/dependency_links.txt
[0.857s] writing entry points to ../../build/industrial_moveit2_utils/industrial_moveit2_utils.egg-info/entry_points.txt
[0.857s] writing requirements to ../../build/industrial_moveit2_utils/industrial_moveit2_utils.egg-info/requires.txt
[0.857s] writing top-level names to ../../build/industrial_moveit2_utils/industrial_moveit2_utils.egg-info/top_level.txt
[0.859s] reading manifest file '../../build/industrial_moveit2_utils/industrial_moveit2_utils.egg-info/SOURCES.txt'
[0.860s] writing manifest file '../../build/industrial_moveit2_utils/industrial_moveit2_utils.egg-info/SOURCES.txt'
[0.860s] running build
[0.860s] running build_py
[0.860s] running install
[0.860s] running install_lib
[0.861s] running install_data
[0.861s] running install_egg_info
[0.863s] removing '/home/jcampbell9/repos/industrial_training/exercises/Perception-Driven_Manipulation/ros2/solution_ws/install/industrial_moveit2_utils/lib/python3.10/site-packages/industrial_moveit2_utils-0.0.0-py3.10.egg-info' (and everything under it)
[0.863s] Copying ../../build/industrial_moveit2_utils/industrial_moveit2_utils.egg-info to /home/jcampbell9/repos/industrial_training/exercises/Perception-Driven_Manipulation/ros2/solution_ws/install/industrial_moveit2_utils/lib/python3.10/site-packages/industrial_moveit2_utils-0.0.0-py3.10.egg-info
[0.864s] running install_scripts
[0.882s] writing list of installed files to '/home/jcampbell9/repos/industrial_training/exercises/Perception-Driven_Manipulation/ros2/solution_ws/build/industrial_moveit2_utils/install.log'
[0.906s] Invoked command in '/home/jcampbell9/repos/industrial_training/exercises/Perception-Driven_Manipulation/ros2/solution_ws/src/industrial_moveit2_utils' returned '0': PYTHONPATH=/home/jcampbell9/repos/industrial_training/exercises/Perception-Driven_Manipulation/ros2/solution_ws/build/industrial_moveit2_utils/prefix_override:/usr/lib/python3/dist-packages/colcon_core/task/python/colcon_distutils_commands:/home/jcampbell9/repos/industrial_training/exercises/Perception-Driven_Manipulation/ros2/solution_ws/install/industrial_moveit2_utils/lib/python3.10/site-packages:${PYTHONPATH} /usr/bin/python3 -W ignore:setup.py install is deprecated setup.py egg_info --egg-base ../../build/industrial_moveit2_utils build --build-base /home/jcampbell9/repos/industrial_training/exercises/Perception-Driven_Manipulation/ros2/solution_ws/build/industrial_moveit2_utils/build install --record /home/jcampbell9/repos/industrial_training/exercises/Perception-Driven_Manipulation/ros2/solution_ws/build/industrial_moveit2_utils/install.log --install-scripts $base/lib/industrial_moveit2_utils --single-version-externally-managed install_data
