[0.018s] Invoking command in '/home/jcampbell9/repos/industrial_training/exercises/Perception-Driven_Manipulation/ros2/solution_ws/build/robot_workcell_support': CMAKE_PREFIX_PATH=${CMAKE_PREFIX_PATH}:/home/jcampbell9/repos/industrial_training/exercises/Perception-Driven_Manipulation/ros2/template_ws/install/industrial_moveit2_utils:/home/jcampbell9/repos/industrial_training/exercises/Perception-Driven_Manipulation/ros2/solution_ws/install/industrial_moveit2_utils:/opt/ros/humble /usr/bin/cmake --build /home/jcampbell9/repos/industrial_training/exercises/Perception-Driven_Manipulation/ros2/solution_ws/build/robot_workcell_support -- -j16 -l16
[0.244s] Invoked command in '/home/jcampbell9/repos/industrial_training/exercises/Perception-Driven_Manipulation/ros2/solution_ws/build/robot_workcell_support' returned '0': CMAKE_PREFIX_PATH=${CMAKE_PREFIX_PATH}:/home/jcampbell9/repos/industrial_training/exercises/Perception-Driven_Manipulation/ros2/template_ws/install/industrial_moveit2_utils:/home/jcampbell9/repos/industrial_training/exercises/Perception-Driven_Manipulation/ros2/solution_ws/install/industrial_moveit2_utils:/opt/ros/humble /usr/bin/cmake --build /home/jcampbell9/repos/industrial_training/exercises/Perception-Driven_Manipulation/ros2/solution_ws/build/robot_workcell_support -- -j16 -l16
[0.263s] Invoking command in '/home/jcampbell9/repos/industrial_training/exercises/Perception-Driven_Manipulation/ros2/solution_ws/build/robot_workcell_support': CMAKE_PREFIX_PATH=${CMAKE_PREFIX_PATH}:/home/jcampbell9/repos/industrial_training/exercises/Perception-Driven_Manipulation/ros2/template_ws/install/industrial_moveit2_utils:/home/jcampbell9/repos/industrial_training/exercises/Perception-Driven_Manipulation/ros2/solution_ws/install/industrial_moveit2_utils:/opt/ros/humble /usr/bin/cmake --install /home/jcampbell9/repos/industrial_training/exercises/Perception-Driven_Manipulation/ros2/solution_ws/build/robot_workcell_support
[0.267s] -- Install configuration: ""
[0.267s] -- Up-to-date: /home/jcampbell9/repos/industrial_training/exercises/Perception-Driven_Manipulation/ros2/solution_ws/install/robot_workcell_support/share/robot_workcell_support//meshes
[0.267s] -- Up-to-date: /home/jcampbell9/repos/industrial_training/exercises/Perception-Driven_Manipulation/ros2/solution_ws/install/robot_workcell_support/share/robot_workcell_support//meshes/vacuum_gripper_single_suction_cup.STL
[0.267s] -- Up-to-date: /home/jcampbell9/repos/industrial_training/exercises/Perception-Driven_Manipulation/ros2/solution_ws/install/robot_workcell_support/share/robot_workcell_support//meshes/coupler
[0.268s] -- Up-to-date: /home/jcampbell9/repos/industrial_training/exercises/Perception-Driven_Manipulation/ros2/solution_ws/install/robot_workcell_support/share/robot_workcell_support//meshes/coupler/visual
[0.268s] -- Up-to-date: /home/jcampbell9/repos/industrial_training/exercises/Perception-Driven_Manipulation/ros2/solution_ws/install/robot_workcell_support/share/robot_workcell_support//meshes/coupler/visual/COUPLER.stl
[0.268s] -- Up-to-date: /home/jcampbell9/repos/industrial_training/exercises/Perception-Driven_Manipulation/ros2/solution_ws/install/robot_workcell_support/share/robot_workcell_support//meshes/coupler/collision
[0.268s] -- Up-to-date: /home/jcampbell9/repos/industrial_training/exercises/Perception-Driven_Manipulation/ros2/solution_ws/install/robot_workcell_support/share/robot_workcell_support//meshes/coupler/collision/COUPLER.stl
[0.268s] -- Up-to-date: /home/jcampbell9/repos/industrial_training/exercises/Perception-Driven_Manipulation/ros2/solution_ws/install/robot_workcell_support/share/robot_workcell_support//urdf
[0.268s] -- Installing: /home/jcampbell9/repos/industrial_training/exercises/Perception-Driven_Manipulation/ros2/solution_ws/install/robot_workcell_support/share/robot_workcell_support//urdf/ur5_workcell.xacro
[0.268s] -- Up-to-date: /home/jcampbell9/repos/industrial_training/exercises/Perception-Driven_Manipulation/ros2/solution_ws/install/robot_workcell_support/share/robot_workcell_support//urdf/kinect_sensor_macro.xacro
[0.268s] -- Up-to-date: /home/jcampbell9/repos/industrial_training/exercises/Perception-Driven_Manipulation/ros2/solution_ws/install/robot_workcell_support/share/robot_workcell_support//urdf/vacuum_gripper_macro.xacro
[0.268s] -- Up-to-date: /home/jcampbell9/repos/industrial_training/exercises/Perception-Driven_Manipulation/ros2/solution_ws/install/robot_workcell_support/share/robot_workcell_support//urdf/workspace_components.xacro
[0.269s] -- Up-to-date: /home/jcampbell9/repos/industrial_training/exercises/Perception-Driven_Manipulation/ros2/solution_ws/install/robot_workcell_support/share/robot_workcell_support//rviz
[0.269s] -- Up-to-date: /home/jcampbell9/repos/industrial_training/exercises/Perception-Driven_Manipulation/ros2/solution_ws/install/robot_workcell_support/share/robot_workcell_support//rviz/ur5_config.rviz
[0.269s] -- Up-to-date: /home/jcampbell9/repos/industrial_training/exercises/Perception-Driven_Manipulation/ros2/solution_ws/install/robot_workcell_support/share/robot_workcell_support//rviz/sia20d_config.rviz
[0.269s] -- Up-to-date: /home/jcampbell9/repos/industrial_training/exercises/Perception-Driven_Manipulation/ros2/solution_ws/install/robot_workcell_support/share/ament_index/resource_index/package_run_dependencies/robot_workcell_support
[0.269s] -- Up-to-date: /home/jcampbell9/repos/industrial_training/exercises/Perception-Driven_Manipulation/ros2/solution_ws/install/robot_workcell_support/share/ament_index/resource_index/parent_prefix_path/robot_workcell_support
[0.269s] -- Up-to-date: /home/jcampbell9/repos/industrial_training/exercises/Perception-Driven_Manipulation/ros2/solution_ws/install/robot_workcell_support/share/robot_workcell_support/environment/ament_prefix_path.sh
[0.269s] -- Up-to-date: /home/jcampbell9/repos/industrial_training/exercises/Perception-Driven_Manipulation/ros2/solution_ws/install/robot_workcell_support/share/robot_workcell_support/environment/ament_prefix_path.dsv
[0.269s] -- Up-to-date: /home/jcampbell9/repos/industrial_training/exercises/Perception-Driven_Manipulation/ros2/solution_ws/install/robot_workcell_support/share/robot_workcell_support/environment/path.sh
[0.270s] -- Up-to-date: /home/jcampbell9/repos/industrial_training/exercises/Perception-Driven_Manipulation/ros2/solution_ws/install/robot_workcell_support/share/robot_workcell_support/environment/path.dsv
[0.270s] -- Up-to-date: /home/jcampbell9/repos/industrial_training/exercises/Perception-Driven_Manipulation/ros2/solution_ws/install/robot_workcell_support/share/robot_workcell_support/local_setup.bash
[0.270s] -- Up-to-date: /home/jcampbell9/repos/industrial_training/exercises/Perception-Driven_Manipulation/ros2/solution_ws/install/robot_workcell_support/share/robot_workcell_support/local_setup.sh
[0.270s] -- Up-to-date: /home/jcampbell9/repos/industrial_training/exercises/Perception-Driven_Manipulation/ros2/solution_ws/install/robot_workcell_support/share/robot_workcell_support/local_setup.zsh
[0.270s] -- Up-to-date: /home/jcampbell9/repos/industrial_training/exercises/Perception-Driven_Manipulation/ros2/solution_ws/install/robot_workcell_support/share/robot_workcell_support/local_setup.dsv
[0.270s] -- Installing: /home/jcampbell9/repos/industrial_training/exercises/Perception-Driven_Manipulation/ros2/solution_ws/install/robot_workcell_support/share/robot_workcell_support/package.dsv
[0.270s] -- Up-to-date: /home/jcampbell9/repos/industrial_training/exercises/Perception-Driven_Manipulation/ros2/solution_ws/install/robot_workcell_support/share/ament_index/resource_index/packages/robot_workcell_support
[0.271s] -- Up-to-date: /home/jcampbell9/repos/industrial_training/exercises/Perception-Driven_Manipulation/ros2/solution_ws/install/robot_workcell_support/share/robot_workcell_support/cmake/robot_workcell_supportConfig.cmake
[0.271s] -- Up-to-date: /home/jcampbell9/repos/industrial_training/exercises/Perception-Driven_Manipulation/ros2/solution_ws/install/robot_workcell_support/share/robot_workcell_support/cmake/robot_workcell_supportConfig-version.cmake
[0.271s] -- Up-to-date: /home/jcampbell9/repos/industrial_training/exercises/Perception-Driven_Manipulation/ros2/solution_ws/install/robot_workcell_support/share/robot_workcell_support/package.xml
[0.272s] Invoked command in '/home/jcampbell9/repos/industrial_training/exercises/Perception-Driven_Manipulation/ros2/solution_ws/build/robot_workcell_support' returned '0': CMAKE_PREFIX_PATH=${CMAKE_PREFIX_PATH}:/home/jcampbell9/repos/industrial_training/exercises/Perception-Driven_Manipulation/ros2/template_ws/install/industrial_moveit2_utils:/home/jcampbell9/repos/industrial_training/exercises/Perception-Driven_Manipulation/ros2/solution_ws/install/industrial_moveit2_utils:/opt/ros/humble /usr/bin/cmake --install /home/jcampbell9/repos/industrial_training/exercises/Perception-Driven_Manipulation/ros2/solution_ws/build/robot_workcell_support
