[0.015s] Invoking command in '/home/jcampbell9/repos/industrial_training/exercises/Perception-Driven_Manipulation/ros2/solution_ws/build/robot_workcell_support': CMAKE_PREFIX_PATH=${CMAKE_PREFIX_PATH}:/home/jcampbell9/repos/industrial_training/exercises/Perception-Driven_Manipulation/ros2/template_ws/install/industrial_moveit2_utils:/home/jcampbell9/repos/industrial_training/exercises/Perception-Driven_Manipulation/ros2/solution_ws/install/industrial_moveit2_utils:/opt/ros/humble /usr/bin/cmake /home/jcampbell9/repos/industrial_training/exercises/Perception-Driven_Manipulation/ros2/solution_ws/src/robot_workcell_support -DCMAKE_INSTALL_PREFIX=/home/jcampbell9/repos/industrial_training/exercises/Perception-Driven_Manipulation/ros2/solution_ws/install/robot_workcell_support
[0.094s] -- The C compiler identification is GNU 11.4.0
[0.478s] -- The CXX compiler identification is GNU 11.4.0
[0.750s] -- Detecting C compiler ABI info
[0.856s] -- Detecting C compiler ABI info - done
[0.861s] -- Check for working C compiler: /usr/bin/cc - skipped
[0.862s] -- Detecting C compile features
[0.862s] -- Detecting C compile features - done
[0.864s] -- Detecting CXX compiler ABI info
[0.971s] -- Detecting CXX compiler ABI info - done
[0.977s] -- Check for working CXX compiler: /usr/bin/c++ - skipped
[0.977s] -- Detecting CXX compile features
[0.978s] -- Detecting CXX compile features - done
[0.979s] -- Found ament_cmake: 1.3.9 (/opt/ros/humble/share/ament_cmake/cmake)
[1.111s] -- Found Python3: /usr/bin/python3 (found version "3.10.12") found components: Interpreter 
[1.232s] -- Configuring done
[1.234s] -- Generating done
[1.235s] -- Build files have been written to: /home/jcampbell9/repos/industrial_training/exercises/Perception-Driven_Manipulation/ros2/solution_ws/build/robot_workcell_support
[1.238s] Invoked command in '/home/jcampbell9/repos/industrial_training/exercises/Perception-Driven_Manipulation/ros2/solution_ws/build/robot_workcell_support' returned '0': CMAKE_PREFIX_PATH=${CMAKE_PREFIX_PATH}:/home/jcampbell9/repos/industrial_training/exercises/Perception-Driven_Manipulation/ros2/template_ws/install/industrial_moveit2_utils:/home/jcampbell9/repos/industrial_training/exercises/Perception-Driven_Manipulation/ros2/solution_ws/install/industrial_moveit2_utils:/opt/ros/humble /usr/bin/cmake /home/jcampbell9/repos/industrial_training/exercises/Perception-Driven_Manipulation/ros2/solution_ws/src/robot_workcell_support -DCMAKE_INSTALL_PREFIX=/home/jcampbell9/repos/industrial_training/exercises/Perception-Driven_Manipulation/ros2/solution_ws/install/robot_workcell_support
[1.240s] Invoking command in '/home/jcampbell9/repos/industrial_training/exercises/Perception-Driven_Manipulation/ros2/solution_ws/build/robot_workcell_support': CMAKE_PREFIX_PATH=${CMAKE_PREFIX_PATH}:/home/jcampbell9/repos/industrial_training/exercises/Perception-Driven_Manipulation/ros2/template_ws/install/industrial_moveit2_utils:/home/jcampbell9/repos/industrial_training/exercises/Perception-Driven_Manipulation/ros2/solution_ws/install/industrial_moveit2_utils:/opt/ros/humble /usr/bin/cmake --build /home/jcampbell9/repos/industrial_training/exercises/Perception-Driven_Manipulation/ros2/solution_ws/build/robot_workcell_support -- -j16 -l16
[1.263s] Invoked command in '/home/jcampbell9/repos/industrial_training/exercises/Perception-Driven_Manipulation/ros2/solution_ws/build/robot_workcell_support' returned '0': CMAKE_PREFIX_PATH=${CMAKE_PREFIX_PATH}:/home/jcampbell9/repos/industrial_training/exercises/Perception-Driven_Manipulation/ros2/template_ws/install/industrial_moveit2_utils:/home/jcampbell9/repos/industrial_training/exercises/Perception-Driven_Manipulation/ros2/solution_ws/install/industrial_moveit2_utils:/opt/ros/humble /usr/bin/cmake --build /home/jcampbell9/repos/industrial_training/exercises/Perception-Driven_Manipulation/ros2/solution_ws/build/robot_workcell_support -- -j16 -l16
[1.282s] Invoking command in '/home/jcampbell9/repos/industrial_training/exercises/Perception-Driven_Manipulation/ros2/solution_ws/build/robot_workcell_support': CMAKE_PREFIX_PATH=${CMAKE_PREFIX_PATH}:/home/jcampbell9/repos/industrial_training/exercises/Perception-Driven_Manipulation/ros2/template_ws/install/industrial_moveit2_utils:/home/jcampbell9/repos/industrial_training/exercises/Perception-Driven_Manipulation/ros2/solution_ws/install/industrial_moveit2_utils:/opt/ros/humble /usr/bin/cmake --install /home/jcampbell9/repos/industrial_training/exercises/Perception-Driven_Manipulation/ros2/solution_ws/build/robot_workcell_support
[1.286s] -- Install configuration: ""
[1.286s] -- Installing: /home/jcampbell9/repos/industrial_training/exercises/Perception-Driven_Manipulation/ros2/solution_ws/install/robot_workcell_support/share/robot_workcell_support//meshes
[1.286s] -- Installing: /home/jcampbell9/repos/industrial_training/exercises/Perception-Driven_Manipulation/ros2/solution_ws/install/robot_workcell_support/share/robot_workcell_support//meshes/vacuum_gripper_single_suction_cup.STL
[1.288s] -- Installing: /home/jcampbell9/repos/industrial_training/exercises/Perception-Driven_Manipulation/ros2/solution_ws/install/robot_workcell_support/share/robot_workcell_support//meshes/coupler
[1.288s] -- Installing: /home/jcampbell9/repos/industrial_training/exercises/Perception-Driven_Manipulation/ros2/solution_ws/install/robot_workcell_support/share/robot_workcell_support//meshes/coupler/visual
[1.288s] -- Installing: /home/jcampbell9/repos/industrial_training/exercises/Perception-Driven_Manipulation/ros2/solution_ws/install/robot_workcell_support/share/robot_workcell_support//meshes/coupler/visual/COUPLER.stl
[1.289s] -- Installing: /home/jcampbell9/repos/industrial_training/exercises/Perception-Driven_Manipulation/ros2/solution_ws/install/robot_workcell_support/share/robot_workcell_support//meshes/coupler/collision
[1.289s] -- Installing: /home/jcampbell9/repos/industrial_training/exercises/Perception-Driven_Manipulation/ros2/solution_ws/install/robot_workcell_support/share/robot_workcell_support//meshes/coupler/collision/COUPLER.stl
[1.289s] -- Installing: /home/jcampbell9/repos/industrial_training/exercises/Perception-Driven_Manipulation/ros2/solution_ws/install/robot_workcell_support/share/robot_workcell_support//urdf
[1.289s] -- Installing: /home/jcampbell9/repos/industrial_training/exercises/Perception-Driven_Manipulation/ros2/solution_ws/install/robot_workcell_support/share/robot_workcell_support//urdf/ur5_workcell.xacro
[1.289s] -- Installing: /home/jcampbell9/repos/industrial_training/exercises/Perception-Driven_Manipulation/ros2/solution_ws/install/robot_workcell_support/share/robot_workcell_support//urdf/kinect_sensor_macro.xacro
[1.290s] -- Installing: /home/jcampbell9/repos/industrial_training/exercises/Perception-Driven_Manipulation/ros2/solution_ws/install/robot_workcell_support/share/robot_workcell_support//urdf/vacuum_gripper_macro.xacro
[1.290s] -- Installing: /home/jcampbell9/repos/industrial_training/exercises/Perception-Driven_Manipulation/ros2/solution_ws/install/robot_workcell_support/share/robot_workcell_support//urdf/workspace_components.xacro
[1.290s] -- Installing: /home/jcampbell9/repos/industrial_training/exercises/Perception-Driven_Manipulation/ros2/solution_ws/install/robot_workcell_support/share/robot_workcell_support//rviz
[1.290s] -- Installing: /home/jcampbell9/repos/industrial_training/exercises/Perception-Driven_Manipulation/ros2/solution_ws/install/robot_workcell_support/share/robot_workcell_support//rviz/ur5_config.rviz
[1.290s] -- Installing: /home/jcampbell9/repos/industrial_training/exercises/Perception-Driven_Manipulation/ros2/solution_ws/install/robot_workcell_support/share/robot_workcell_support//rviz/sia20d_config.rviz
[1.290s] -- Installing: /home/jcampbell9/repos/industrial_training/exercises/Perception-Driven_Manipulation/ros2/solution_ws/install/robot_workcell_support/share/ament_index/resource_index/package_run_dependencies/robot_workcell_support
[1.291s] -- Installing: /home/jcampbell9/repos/industrial_training/exercises/Perception-Driven_Manipulation/ros2/solution_ws/install/robot_workcell_support/share/ament_index/resource_index/parent_prefix_path/robot_workcell_support
[1.291s] -- Installing: /home/jcampbell9/repos/industrial_training/exercises/Perception-Driven_Manipulation/ros2/solution_ws/install/robot_workcell_support/share/robot_workcell_support/environment/ament_prefix_path.sh
[1.291s] -- Installing: /home/jcampbell9/repos/industrial_training/exercises/Perception-Driven_Manipulation/ros2/solution_ws/install/robot_workcell_support/share/robot_workcell_support/environment/ament_prefix_path.dsv
[1.291s] -- Installing: /home/jcampbell9/repos/industrial_training/exercises/Perception-Driven_Manipulation/ros2/solution_ws/install/robot_workcell_support/share/robot_workcell_support/environment/path.sh
[1.291s] -- Installing: /home/jcampbell9/repos/industrial_training/exercises/Perception-Driven_Manipulation/ros2/solution_ws/install/robot_workcell_support/share/robot_workcell_support/environment/path.dsv
[1.291s] -- Installing: /home/jcampbell9/repos/industrial_training/exercises/Perception-Driven_Manipulation/ros2/solution_ws/install/robot_workcell_support/share/robot_workcell_support/local_setup.bash
[1.291s] -- Installing: /home/jcampbell9/repos/industrial_training/exercises/Perception-Driven_Manipulation/ros2/solution_ws/install/robot_workcell_support/share/robot_workcell_support/local_setup.sh
[1.292s] -- Installing: /home/jcampbell9/repos/industrial_training/exercises/Perception-Driven_Manipulation/ros2/solution_ws/install/robot_workcell_support/share/robot_workcell_support/local_setup.zsh
[1.292s] -- Installing: /home/jcampbell9/repos/industrial_training/exercises/Perception-Driven_Manipulation/ros2/solution_ws/install/robot_workcell_support/share/robot_workcell_support/local_setup.dsv
[1.292s] -- Installing: /home/jcampbell9/repos/industrial_training/exercises/Perception-Driven_Manipulation/ros2/solution_ws/install/robot_workcell_support/share/robot_workcell_support/package.dsv
[1.292s] -- Installing: /home/jcampbell9/repos/industrial_training/exercises/Perception-Driven_Manipulation/ros2/solution_ws/install/robot_workcell_support/share/ament_index/resource_index/packages/robot_workcell_support
[1.292s] -- Installing: /home/jcampbell9/repos/industrial_training/exercises/Perception-Driven_Manipulation/ros2/solution_ws/install/robot_workcell_support/share/robot_workcell_support/cmake/robot_workcell_supportConfig.cmake
[1.292s] -- Installing: /home/jcampbell9/repos/industrial_training/exercises/Perception-Driven_Manipulation/ros2/solution_ws/install/robot_workcell_support/share/robot_workcell_support/cmake/robot_workcell_supportConfig-version.cmake
[1.292s] -- Installing: /home/jcampbell9/repos/industrial_training/exercises/Perception-Driven_Manipulation/ros2/solution_ws/install/robot_workcell_support/share/robot_workcell_support/package.xml
[1.294s] Invoked command in '/home/jcampbell9/repos/industrial_training/exercises/Perception-Driven_Manipulation/ros2/solution_ws/build/robot_workcell_support' returned '0': CMAKE_PREFIX_PATH=${CMAKE_PREFIX_PATH}:/home/jcampbell9/repos/industrial_training/exercises/Perception-Driven_Manipulation/ros2/template_ws/install/industrial_moveit2_utils:/home/jcampbell9/repos/industrial_training/exercises/Perception-Driven_Manipulation/ros2/solution_ws/install/industrial_moveit2_utils:/opt/ros/humble /usr/bin/cmake --install /home/jcampbell9/repos/industrial_training/exercises/Perception-Driven_Manipulation/ros2/solution_ws/build/robot_workcell_support
